{"/workspace/src/components/AnalyticsDashboard.tsx": {"path":"/workspace/src/components/AnalyticsDashboard.tsx","statementMap":{"0":{"start":{"line":55,"column":0},"end":{"line":55,"column":16}},"1":{"start":{"line":1,"column":0},"end":{"line":1,"column":51}},"2":{"start":{"line":2,"column":0},"end":{"line":2,"column":39}},"3":{"start":{"line":3,"column":0},"end":{"line":3,"column":null}},"4":{"start":{"line":56,"column":26},"end":{"line":56,"column":62}},"5":{"start":{"line":57,"column":32},"end":{"line":57,"column":47}},"6":{"start":{"line":58,"column":28},"end":{"line":58,"column":57}},"7":{"start":{"line":59,"column":40},"end":{"line":59,"column":67}},"8":{"start":{"line":61,"column":25},"end":{"line":80,"column":4}},"9":{"start":{"line":61,"column":36},"end":{"line":80,"column":4}},"10":{"start":{"line":62,"column":4},"end":{"line":62,"column":21}},"11":{"start":{"line":63,"column":4},"end":{"line":63,"column":19}},"12":{"start":{"line":65,"column":4},"end":{"line":79,"column":5}},"13":{"start":{"line":66,"column":23},"end":{"line":66,"column":55}},"14":{"start":{"line":67,"column":6},"end":{"line":69,"column":7}},"15":{"start":{"line":68,"column":8},"end":{"line":68,"column":66}},"16":{"start":{"line":71,"column":28},"end":{"line":71,"column":49}},"17":{"start":{"line":72,"column":6},"end":{"line":72,"column":29}},"18":{"start":{"line":73,"column":6},"end":{"line":73,"column":33}},"19":{"start":{"line":75,"column":6},"end":{"line":75,"column":81}},"20":{"start":{"line":76,"column":6},"end":{"line":76,"column":51}},"21":{"start":{"line":78,"column":6},"end":{"line":78,"column":24}},"22":{"start":{"line":82,"column":2},"end":{"line":90,"column":15}},"23":{"start":{"line":83,"column":4},"end":{"line":89,"column":5}},"24":{"start":{"line":84,"column":6},"end":{"line":84,"column":23}},"25":{"start":{"line":87,"column":23},"end":{"line":87,"column":57}},"26":{"start":{"line":88,"column":6},"end":{"line":88,"column":43}},"27":{"start":{"line":88,"column":19},"end":{"line":88,"column":42}},"28":{"start":{"line":92,"column":2},"end":{"line":92,"column":27}},"29":{"start":{"line":92,"column":15},"end":{"line":92,"column":27}},"30":{"start":{"line":94,"column":2},"end":{"line":349,"column":4}},"31":{"start":{"line":107,"column":24},"end":{"line":107,"column":43}},"32":{"start":{"line":258,"column":22},"end":{"line":264,"column":null}},"33":{"start":{"line":277,"column":22},"end":{"line":287,"column":null}},"34":{"start":{"line":302,"column":45},"end":{"line":302,"column":108}},"35":{"start":{"line":302,"column":91},"end":{"line":302,"column":106}},"36":{"start":{"line":303,"column":35},"end":{"line":303,"column":106}},"37":{"start":{"line":305,"column":20},"end":{"line":318,"column":22}},"38":{"start":{"line":362,"column":2},"end":{"line":381,"column":4}}},"fnMap":{"0":{"name":"AnalyticsDashboard","decl":{"start":{"line":55,"column":16},"end":{"line":55,"column":34}},"loc":{"start":{"line":55,"column":79},"end":{"line":350,"column":1}}},"1":{"name":"(anonymous_17)","decl":{"start":{"line":61,"column":25},"end":{"line":61,"column":34}},"loc":{"start":{"line":61,"column":36},"end":{"line":80,"column":4}}},"2":{"name":"(anonymous_18)","decl":{"start":{"line":61,"column":36},"end":{"line":61,"column":null}},"loc":{"start":{"line":61,"column":36},"end":{"line":80,"column":3}}},"3":{"name":"(anonymous_19)","decl":{"start":{"line":82,"column":12},"end":{"line":82,"column":15}},"loc":{"start":{"line":82,"column":17},"end":{"line":90,"column":3}}},"4":{"name":"(anonymous_20)","decl":{"start":{"line":88,"column":13},"end":{"line":88,"column":16}},"loc":{"start":{"line":88,"column":19},"end":{"line":88,"column":42}}},"5":{"name":"(anonymous_21)","decl":{"start":{"line":107,"column":17},"end":{"line":107,"column":18}},"loc":{"start":{"line":107,"column":24},"end":{"line":107,"column":43}}},"6":{"name":"(anonymous_22)","decl":{"start":{"line":257,"column":66},"end":{"line":257,"column":67}},"loc":{"start":{"line":258,"column":22},"end":{"line":264,"column":null}}},"7":{"name":"(anonymous_23)","decl":{"start":{"line":276,"column":59},"end":{"line":276,"column":60}},"loc":{"start":{"line":277,"column":22},"end":{"line":287,"column":null}}},"8":{"name":"(anonymous_24)","decl":{"start":{"line":301,"column":48},"end":{"line":301,"column":49}},"loc":{"start":{"line":301,"column":63},"end":{"line":319,"column":19}}},"9":{"name":"(anonymous_25)","decl":{"start":{"line":302,"column":86},"end":{"line":302,"column":87}},"loc":{"start":{"line":302,"column":91},"end":{"line":302,"column":106}}},"10":{"name":"MetricCard","decl":{"start":{"line":361,"column":9},"end":{"line":361,"column":19}},"loc":{"start":{"line":361,"column":95},"end":{"line":382,"column":1}}}},"branchMap":{"0":{"loc":{"start":{"line":67,"column":6},"end":{"line":69,"column":7}},"type":"if","locations":[{"start":{"line":67,"column":6},"end":{"line":69,"column":7}},{"start":{},"end":{}}]},"1":{"loc":{"start":{"line":75,"column":15},"end":{"line":75,"column":79}},"type":"cond-expr","locations":[{"start":{"line":75,"column":38},"end":{"line":75,"column":49}},{"start":{"line":75,"column":52},"end":{"line":75,"column":79}}]},"2":{"loc":{"start":{"line":83,"column":4},"end":{"line":89,"column":5}},"type":"if","locations":[{"start":{"line":83,"column":4},"end":{"line":89,"column":5}},{"start":{},"end":{}}]},"3":{"loc":{"start":{"line":92,"column":2},"end":{"line":92,"column":27}},"type":"if","locations":[{"start":{"line":92,"column":2},"end":{"line":92,"column":27}},{"start":{},"end":{}}]},"4":{"loc":{"start":{"line":116,"column":13},"end":{"line":119,"column":null}},"type":"binary-expr","locations":[{"start":{"line":116,"column":13},"end":{"line":116,"column":24}},{"start":{"line":117,"column":14},"end":{"line":118,"column":null}}]},"5":{"loc":{"start":{"line":126,"column":61},"end":{"line":126,"column":90}},"type":"cond-expr","locations":[{"start":{"line":126,"column":71},"end":{"line":126,"column":85}},{"start":{"line":126,"column":88},"end":{"line":126,"column":90}}]},"6":{"loc":{"start":{"line":138,"column":11},"end":{"line":144,"column":null}},"type":"binary-expr","locations":[{"start":{"line":138,"column":11},"end":{"line":138,"column":18}},{"start":{"line":138,"column":22},"end":{"line":138,"column":27}},{"start":{"line":139,"column":12},"end":{"line":143,"column":null}}]},"7":{"loc":{"start":{"line":147,"column":11},"end":{"line":151,"column":null}},"type":"binary-expr","locations":[{"start":{"line":147,"column":11},"end":{"line":147,"column":16}},{"start":{"line":148,"column":12},"end":{"line":150,"column":null}}]},"8":{"loc":{"start":{"line":154,"column":11},"end":{"line":344,"column":null}},"type":"binary-expr","locations":[{"start":{"line":154,"column":11},"end":{"line":154,"column":15}},{"start":{"line":155,"column":12},"end":{"line":343,"column":null}}]},"9":{"loc":{"start":{"line":210,"column":52},"end":{"line":210,"column":118}},"type":"cond-expr","locations":[{"start":{"line":210,"column":85},"end":{"line":210,"column":101}},{"start":{"line":210,"column":104},"end":{"line":210,"column":118}}]},"10":{"loc":{"start":{"line":303,"column":35},"end":{"line":303,"column":106}},"type":"cond-expr","locations":[{"start":{"line":303,"column":58},"end":{"line":303,"column":102}},{"start":{"line":303,"column":105},"end":{"line":303,"column":106}}]},"11":{"loc":{"start":{"line":312,"column":68},"end":{"line":312,"column":94}},"type":"cond-expr","locations":[{"start":{"line":312,"column":81},"end":{"line":312,"column":86}},{"start":{"line":312,"column":89},"end":{"line":312,"column":94}}]},"12":{"loc":{"start":{"line":370,"column":9},"end":{"line":370,"column":90}},"type":"binary-expr","locations":[{"start":{"line":370,"column":9},"end":{"line":370,"column":19}},{"start":{"line":370,"column":23},"end":{"line":370,"column":90}}]},"13":{"loc":{"start":{"line":375,"column":8},"end":{"line":376,"column":null}},"type":"cond-expr","locations":[{"start":{"line":375,"column":21},"end":{"line":375,"column":36}},{"start":{"line":376,"column":8},"end":{"line":376,"column":null}}]},"14":{"loc":{"start":{"line":376,"column":8},"end":{"line":376,"column":null}},"type":"cond-expr","locations":[{"start":{"line":376,"column":19},"end":{"line":376,"column":35}},{"start":{"line":376,"column":38},"end":{"line":376,"column":null}}]}},"s":{"0":0,"1":0,"2":0,"3":0,"4":0,"5":0,"6":0,"7":0,"8":0,"9":0,"10":0,"11":0,"12":0,"13":0,"14":0,"15":0,"16":0,"17":0,"18":0,"19":0,"20":0,"21":0,"22":0,"23":0,"24":0,"25":0,"26":0,"27":0,"28":0,"29":0,"30":0,"31":0,"32":0,"33":0,"34":0,"35":0,"36":0,"37":0,"38":0},"f":{"0":0,"1":0,"2":0,"3":0,"4":0,"5":0,"6":0,"7":0,"8":0,"9":0,"10":0},"b":{"0":[0,0],"1":[0,0],"2":[0,0],"3":[0,0],"4":[0,0],"5":[0,0],"6":[0,0,0],"7":[0,0],"8":[0,0],"9":[0,0],"10":[0,0],"11":[0,0],"12":[0,0],"13":[0,0],"14":[0,0]}}
,"/workspace/src/components/AppLayout.tsx": {"path":"/workspace/src/components/AppLayout.tsx","statementMap":{"0":{"start":{"line":1,"column":0},"end":{"line":1,"column":26}},"1":{"start":{"line":2,"column":0},"end":{"line":2,"column":40}},"2":{"start":{"line":9,"column":44},"end":{"line":68,"column":1}},"3":{"start":{"line":10,"column":2},"end":{"line":67,"column":4}},"4":{"start":{"line":45,"column":69},"end":{"line":45,"column":89}},"5":{"start":{"line":70,"column":0},"end":{"line":70,"column":25}}},"fnMap":{"0":{"name":"(anonymous_1)","decl":{"start":{"line":9,"column":44},"end":{"line":9,"column":45}},"loc":{"start":{"line":9,"column":78},"end":{"line":68,"column":1}}},"1":{"name":"(anonymous_2)","decl":{"start":{"line":45,"column":63},"end":{"line":45,"column":66}},"loc":{"start":{"line":45,"column":69},"end":{"line":45,"column":89}}}},"branchMap":{"0":{"loc":{"start":{"line":45,"column":69},"end":{"line":45,"column":89}},"type":"cond-expr","locations":[{"start":{"line":45,"column":84},"end":{"line":45,"column":87}},{"start":{"line":45,"column":69},"end":{"line":45,"column":89}}]},"1":{"loc":{"start":{"line":45,"column":69},"end":{"line":45,"column":87}},"type":"binary-expr","locations":[{"start":{"line":45,"column":69},"end":{"line":45,"column":87}},{"start":{"line":45,"column":69},"end":{"line":45,"column":87}}]}},"s":{"0":0,"1":0,"2":0,"3":0,"4":0,"5":0},"f":{"0":0,"1":0},"b":{"0":[0,0],"1":[0,0]}}
,"/workspace/src/components/Contact.tsx": {"path":"/workspace/src/components/Contact.tsx","statementMap":{"0":{"start":{"line":7,"column":0},"end":{"line":7,"column":24}},"1":{"start":{"line":1,"column":0},"end":{"line":1,"column":40}},"2":{"start":{"line":2,"column":0},"end":{"line":2,"column":39}},"3":{"start":{"line":3,"column":0},"end":{"line":3,"column":109}},"4":{"start":{"line":4,"column":0},"end":{"line":4,"column":63}},"5":{"start":{"line":5,"column":0},"end":{"line":5,"column":54}},"6":{"start":{"line":8,"column":30},"end":{"line":8,"column":45}},"7":{"start":{"line":9,"column":31},"end":{"line":9,"column":50}},"8":{"start":{"line":12,"column":39},"end":{"line":20,"column":4}},"9":{"start":{"line":22,"column":2},"end":{"line":28,"column":3}},"10":{"start":{"line":23,"column":4},"end":{"line":27,"column":6}},"11":{"start":{"line":31,"column":22},"end":{"line":33,"column":38}},"12":{"start":{"line":32,"column":17},"end":{"line":32,"column":34}},"13":{"start":{"line":33,"column":20},"end":{"line":33,"column":37}},"14":{"start":{"line":35,"column":29},"end":{"line":37,"column":38}},"15":{"start":{"line":36,"column":17},"end":{"line":36,"column":44}},"16":{"start":{"line":37,"column":20},"end":{"line":37,"column":37}},"17":{"start":{"line":40,"column":22},"end":{"line":40,"column":81}},"18":{"start":{"line":40,"column":63},"end":{"line":40,"column":80}},"19":{"start":{"line":42,"column":2},"end":{"line":197,"column":4}},"20":{"start":{"line":72,"column":18},"end":{"line":74,"column":null}},"21":{"start":{"line":84,"column":18},"end":{"line":86,"column":null}},"22":{"start":{"line":113,"column":31},"end":{"line":113,"column":46}},"23":{"start":{"line":151,"column":36},"end":{"line":151,"column":65}},"24":{"start":{"line":152,"column":14},"end":{"line":170,"column":16}},"25":{"start":{"line":191,"column":23},"end":{"line":191,"column":39}}},"fnMap":{"0":{"name":"Contact","decl":{"start":{"line":7,"column":24},"end":{"line":7,"column":31}},"loc":{"start":{"line":7,"column":31},"end":{"line":198,"column":1}}},"1":{"name":"(anonymous_10)","decl":{"start":{"line":32,"column":12},"end":{"line":32,"column":13}},"loc":{"start":{"line":32,"column":17},"end":{"line":32,"column":34}}},"2":{"name":"(anonymous_11)","decl":{"start":{"line":33,"column":10},"end":{"line":33,"column":11}},"loc":{"start":{"line":33,"column":20},"end":{"line":33,"column":37}}},"3":{"name":"(anonymous_12)","decl":{"start":{"line":36,"column":12},"end":{"line":36,"column":13}},"loc":{"start":{"line":36,"column":17},"end":{"line":36,"column":44}}},"4":{"name":"(anonymous_13)","decl":{"start":{"line":37,"column":10},"end":{"line":37,"column":11}},"loc":{"start":{"line":37,"column":20},"end":{"line":37,"column":37}}},"5":{"name":"(anonymous_14)","decl":{"start":{"line":40,"column":53},"end":{"line":40,"column":54}},"loc":{"start":{"line":40,"column":63},"end":{"line":40,"column":80}}},"6":{"name":"(anonymous_15)","decl":{"start":{"line":71,"column":33},"end":{"line":71,"column":34}},"loc":{"start":{"line":72,"column":18},"end":{"line":74,"column":null}}},"7":{"name":"(anonymous_16)","decl":{"start":{"line":83,"column":40},"end":{"line":83,"column":41}},"loc":{"start":{"line":84,"column":18},"end":{"line":86,"column":null}}},"8":{"name":"(anonymous_17)","decl":{"start":{"line":113,"column":25},"end":{"line":113,"column":28}},"loc":{"start":{"line":113,"column":31},"end":{"line":113,"column":46}}},"9":{"name":"(anonymous_18)","decl":{"start":{"line":150,"column":29},"end":{"line":150,"column":30}},"loc":{"start":{"line":150,"column":48},"end":{"line":171,"column":13}}},"10":{"name":"(anonymous_19)","decl":{"start":{"line":191,"column":17},"end":{"line":191,"column":20}},"loc":{"start":{"line":191,"column":23},"end":{"line":191,"column":39}}}},"branchMap":{"0":{"loc":{"start":{"line":22,"column":2},"end":{"line":28,"column":3}},"type":"if","locations":[{"start":{"line":22,"column":2},"end":{"line":28,"column":3}},{"start":{},"end":{}}]},"1":{"loc":{"start":{"line":119,"column":17},"end":{"line":119,"column":64}},"type":"binary-expr","locations":[{"start":{"line":119,"column":17},"end":{"line":119,"column":37}},{"start":{"line":119,"column":41},"end":{"line":119,"column":64}}]},"2":{"loc":{"start":{"line":149,"column":40},"end":{"line":149,"column":125}},"type":"cond-expr","locations":[{"start":{"line":149,"column":66},"end":{"line":149,"column":94}},{"start":{"line":149,"column":97},"end":{"line":149,"column":125}}]},"3":{"loc":{"start":{"line":151,"column":36},"end":{"line":151,"column":65}},"type":"binary-expr","locations":[{"start":{"line":151,"column":36},"end":{"line":151,"column":57}},{"start":{"line":151,"column":61},"end":{"line":151,"column":65}}]},"4":{"loc":{"start":{"line":156,"column":26},"end":{"line":156,"column":80}},"type":"cond-expr","locations":[{"start":{"line":156,"column":60},"end":{"line":156,"column":68}},{"start":{"line":156,"column":71},"end":{"line":156,"column":80}}]},"5":{"loc":{"start":{"line":157,"column":23},"end":{"line":157,"column":90}},"type":"cond-expr","locations":[{"start":{"line":157,"column":57},"end":{"line":157,"column":78}},{"start":{"line":157,"column":81},"end":{"line":157,"column":90}}]}},"s":{"0":0,"1":0,"2":0,"3":0,"4":0,"5":0,"6":0,"7":0,"8":0,"9":0,"10":0,"11":0,"12":0,"13":0,"14":0,"15":0,"16":0,"17":0,"18":0,"19":0,"20":0,"21":0,"22":0,"23":0,"24":0,"25":0},"f":{"0":0,"1":0,"2":0,"3":0,"4":0,"5":0,"6":0,"7":0,"8":0,"9":0,"10":0},"b":{"0":[0,0],"1":[0,0],"2":[0,0],"3":[0,0],"4":[0,0],"5":[0,0]}}
,"/workspace/src/components/ErrorBoundary.tsx": {"path":"/workspace/src/components/ErrorBoundary.tsx","statementMap":{"0":{"start":{"line":1,"column":0},"end":{"line":1,"column":63}},"1":{"start":{"line":2,"column":0},"end":{"line":2,"column":62}},"2":{"start":{"line":3,"column":0},"end":{"line":3,"column":29}},"3":{"start":{"line":16,"column":9},"end":{"line":20,"column":4}},"4":{"start":{"line":66,"column":10},"end":{"line":69,"column":4}},"5":{"start":{"line":67,"column":4},"end":{"line":67,"column":69}},"6":{"start":{"line":68,"column":4},"end":{"line":68,"column":29}},"7":{"start":{"line":71,"column":10},"end":{"line":74,"column":4}},"8":{"start":{"line":72,"column":4},"end":{"line":72,"column":69}},"9":{"start":{"line":73,"column":4},"end":{"line":73,"column":31}},"10":{"start":{"line":23,"column":4},"end":{"line":23,"column":54}},"11":{"start":{"line":27,"column":4},"end":{"line":27,"column":59}},"12":{"start":{"line":28,"column":4},"end":{"line":28,"column":44}},"13":{"start":{"line":29,"column":4},"end":{"line":29,"column":64}},"14":{"start":{"line":30,"column":4},"end":{"line":30,"column":47}},"15":{"start":{"line":33,"column":22},"end":{"line":45,"column":6}},"16":{"start":{"line":47,"column":4},"end":{"line":58,"column":5}},"17":{"start":{"line":48,"column":6},"end":{"line":48,"column":68}},"18":{"start":{"line":51,"column":6},"end":{"line":55,"column":82}},"19":{"start":{"line":55,"column":22},"end":{"line":55,"column":80}},"20":{"start":{"line":57,"column":6},"end":{"line":57,"column":53}},"21":{"start":{"line":60,"column":4},"end":{"line":63,"column":7}},"22":{"start":{"line":77,"column":4},"end":{"line":146,"column":5}},"23":{"start":{"line":78,"column":6},"end":{"line":145,"column":8}},"24":{"start":{"line":148,"column":4},"end":{"line":148,"column":31}},"25":{"start":{"line":15,"column":0},"end":{"line":15,"column":21}}},"fnMap":{"0":{"name":"(anonymous_9)","decl":{"start":{"line":15,"column":0},"end":{"line":15,"column":21}},"loc":{"start":{"line":15,"column":0},"end":{"line":150,"column":1}}},"1":{"name":"(anonymous_10)","decl":{"start":{"line":66,"column":24},"end":{"line":66,"column":27}},"loc":{"start":{"line":66,"column":29},"end":{"line":69,"column":3}}},"2":{"name":"(anonymous_11)","decl":{"start":{"line":71,"column":25},"end":{"line":71,"column":28}},"loc":{"start":{"line":71,"column":30},"end":{"line":74,"column":3}}},"3":{"name":"(anonymous_12)","decl":{"start":{"line":22,"column":9},"end":{"line":22,"column":15}},"loc":{"start":{"line":22,"column":53},"end":{"line":24,"column":3}}},"4":{"name":"(anonymous_13)","decl":{"start":{"line":26,"column":9},"end":{"line":26,"column":26}},"loc":{"start":{"line":26,"column":61},"end":{"line":64,"column":3}}},"5":{"name":"(anonymous_14)","decl":{"start":{"line":55,"column":15},"end":{"line":55,"column":18}},"loc":{"start":{"line":55,"column":22},"end":{"line":55,"column":80}}},"6":{"name":"(anonymous_15)","decl":{"start":{"line":76,"column":9},"end":{"line":76,"column":15}},"loc":{"start":{"line":76,"column":15},"end":{"line":149,"column":3}}}},"branchMap":{"0":{"loc":{"start":{"line":77,"column":4},"end":{"line":146,"column":5}},"type":"if","locations":[{"start":{"line":77,"column":4},"end":{"line":146,"column":5}},{"start":{},"end":{}}]},"1":{"loc":{"start":{"line":97,"column":17},"end":{"line":113,"column":null}},"type":"binary-expr","locations":[{"start":{"line":97,"column":17},"end":{"line":97,"column":33}},{"start":{"line":98,"column":18},"end":{"line":112,"column":null}}]},"2":{"loc":{"start":{"line":107,"column":23},"end":{"line":107,"column":82}},"type":"binary-expr","locations":[{"start":{"line":107,"column":23},"end":{"line":107,"column":43}},{"start":{"line":107,"column":47},"end":{"line":107,"column":82}}]}},"s":{"0":0,"1":0,"2":0,"3":0,"4":0,"5":0,"6":0,"7":0,"8":0,"9":0,"10":0,"11":0,"12":0,"13":0,"14":0,"15":0,"16":0,"17":0,"18":0,"19":0,"20":0,"21":0,"22":0,"23":0,"24":0,"25":0},"f":{"0":0,"1":0,"2":0,"3":0,"4":0,"5":0,"6":0},"b":{"0":[0,0],"1":[0,0],"2":[0,0]}}
,"/workspace/src/components/Experiments.tsx": {"path":"/workspace/src/components/Experiments.tsx","statementMap":{"0":{"start":{"line":30,"column":0},"end":{"line":30,"column":24}},"1":{"start":{"line":1,"column":0},"end":{"line":1,"column":51}},"2":{"start":{"line":2,"column":0},"end":{"line":2,"column":39}},"3":{"start":{"line":3,"column":0},"end":{"line":3,"column":106}},"4":{"start":{"line":4,"column":0},"end":{"line":4,"column":47}},"5":{"start":{"line":31,"column":19},"end":{"line":31,"column":32}},"6":{"start":{"line":32,"column":40},"end":{"line":32,"column":66}},"7":{"start":{"line":33,"column":32},"end":{"line":33,"column":46}},"8":{"start":{"line":36,"column":2},"end":{"line":77,"column":9}},"9":{"start":{"line":37,"column":28},"end":{"line":64,"column":5}},"10":{"start":{"line":38,"column":6},"end":{"line":63,"column":7}},"11":{"start":{"line":39,"column":37},"end":{"line":39,"column":120}},"12":{"start":{"line":42,"column":37},"end":{"line":55,"column":12}},"13":{"start":{"line":43,"column":26},"end":{"line":43,"column":53}},"14":{"start":{"line":44,"column":23},"end":{"line":44,"column":32}},"15":{"start":{"line":47,"column":38},"end":{"line":52,"column":13}},"16":{"start":{"line":48,"column":14},"end":{"line":48,"column":86}},"17":{"start":{"line":48,"column":77},"end":{"line":48,"column":86}},"18":{"start":{"line":49,"column":14},"end":{"line":49,"column":86}},"19":{"start":{"line":49,"column":77},"end":{"line":49,"column":86}},"20":{"start":{"line":50,"column":14},"end":{"line":50,"column":82}},"21":{"start":{"line":50,"column":73},"end":{"line":50,"column":82}},"22":{"start":{"line":51,"column":14},"end":{"line":51,"column":23}},"23":{"start":{"line":54,"column":12},"end":{"line":54,"column":77}},"24":{"start":{"line":57,"column":8},"end":{"line":57,"column":45}},"25":{"start":{"line":59,"column":8},"end":{"line":59,"column":68}},"26":{"start":{"line":60,"column":8},"end":{"line":60,"column":27}},"27":{"start":{"line":62,"column":8},"end":{"line":62,"column":26}},"28":{"start":{"line":66,"column":4},"end":{"line":66,"column":22}},"29":{"start":{"line":69,"column":32},"end":{"line":73,"column":5}},"30":{"start":{"line":70,"column":6},"end":{"line":72,"column":7}},"31":{"start":{"line":71,"column":8},"end":{"line":71,"column":26}},"32":{"start":{"line":75,"column":4},"end":{"line":75,"column":60}},"33":{"start":{"line":76,"column":4},"end":{"line":76,"column":76}},"34":{"start":{"line":76,"column":17},"end":{"line":76,"column":75}},"35":{"start":{"line":79,"column":28},"end":{"line":82,"column":3}},"36":{"start":{"line":80,"column":4},"end":{"line":80,"column":59}},"37":{"start":{"line":81,"column":4},"end":{"line":81,"column":44}},"38":{"start":{"line":84,"column":26},"end":{"line":86,"column":3}},"39":{"start":{"line":85,"column":4},"end":{"line":85,"column":54}},"40":{"start":{"line":88,"column":28},"end":{"line":90,"column":3}},"41":{"start":{"line":89,"column":4},"end":{"line":89,"column":54}},"42":{"start":{"line":92,"column":27},"end":{"line":99,"column":3}},"43":{"start":{"line":93,"column":39},"end":{"line":97,"column":6}},"44":{"start":{"line":98,"column":4},"end":{"line":98,"column":44}},"45":{"start":{"line":101,"column":2},"end":{"line":110,"column":3}},"46":{"start":{"line":102,"column":4},"end":{"line":109,"column":6}},"47":{"start":{"line":112,"column":2},"end":{"line":121,"column":3}},"48":{"start":{"line":113,"column":4},"end":{"line":120,"column":6}},"49":{"start":{"line":124,"column":25},"end":{"line":124,"column":94}},"50":{"start":{"line":124,"column":49},"end":{"line":124,"column":75}},"51":{"start":{"line":126,"column":2},"end":{"line":313,"column":4}},"52":{"start":{"line":168,"column":34},"end":{"line":168,"column":67}},"53":{"start":{"line":170,"column":12},"end":{"line":251,"column":14}},"54":{"start":{"line":202,"column":26},"end":{"line":206,"column":null}},"55":{"start":{"line":215,"column":39},"end":{"line":215,"column":71}},"56":{"start":{"line":226,"column":41},"end":{"line":226,"column":80}},"57":{"start":{"line":238,"column":41},"end":{"line":238,"column":84}},"58":{"start":{"line":289,"column":29},"end":{"line":289,"column":83}}},"fnMap":{"0":{"name":"Experiments","decl":{"start":{"line":30,"column":24},"end":{"line":30,"column":35}},"loc":{"start":{"line":30,"column":35},"end":{"line":314,"column":1}}},"1":{"name":"(anonymous_10)","decl":{"start":{"line":36,"column":12},"end":{"line":36,"column":15}},"loc":{"start":{"line":36,"column":17},"end":{"line":77,"column":3}}},"2":{"name":"(anonymous_11)","decl":{"start":{"line":37,"column":28},"end":{"line":37,"column":31}},"loc":{"start":{"line":37,"column":33},"end":{"line":64,"column":5}}},"3":{"name":"(anonymous_12)","decl":{"start":{"line":43,"column":18},"end":{"line":43,"column":22}},"loc":{"start":{"line":43,"column":26},"end":{"line":43,"column":53}}},"4":{"name":"(anonymous_13)","decl":{"start":{"line":44,"column":15},"end":{"line":44,"column":19}},"loc":{"start":{"line":44,"column":23},"end":{"line":44,"column":32}}},"5":{"name":"(anonymous_14)","decl":{"start":{"line":45,"column":16},"end":{"line":45,"column":17}},"loc":{"start":{"line":45,"column":25},"end":{"line":55,"column":11}}},"6":{"name":"(anonymous_15)","decl":{"start":{"line":47,"column":38},"end":{"line":47,"column":39}},"loc":{"start":{"line":47,"column":57},"end":{"line":52,"column":13}}},"7":{"name":"(anonymous_16)","decl":{"start":{"line":69,"column":32},"end":{"line":69,"column":33}},"loc":{"start":{"line":69,"column":52},"end":{"line":73,"column":5}}},"8":{"name":"(anonymous_17)","decl":{"start":{"line":76,"column":11},"end":{"line":76,"column":14}},"loc":{"start":{"line":76,"column":17},"end":{"line":76,"column":75}}},"9":{"name":"(anonymous_18)","decl":{"start":{"line":79,"column":28},"end":{"line":79,"column":29}},"loc":{"start":{"line":79,"column":53},"end":{"line":82,"column":3}}},"10":{"name":"(anonymous_19)","decl":{"start":{"line":84,"column":26},"end":{"line":84,"column":27}},"loc":{"start":{"line":84,"column":42},"end":{"line":86,"column":3}}},"11":{"name":"(anonymous_20)","decl":{"start":{"line":88,"column":28},"end":{"line":88,"column":29}},"loc":{"start":{"line":88,"column":44},"end":{"line":90,"column":3}}},"12":{"name":"(anonymous_21)","decl":{"start":{"line":92,"column":27},"end":{"line":92,"column":28}},"loc":{"start":{"line":92,"column":48},"end":{"line":99,"column":3}}},"13":{"name":"(anonymous_22)","decl":{"start":{"line":124,"column":42},"end":{"line":124,"column":45}},"loc":{"start":{"line":124,"column":49},"end":{"line":124,"column":75}}},"14":{"name":"(anonymous_23)","decl":{"start":{"line":167,"column":27},"end":{"line":167,"column":28}},"loc":{"start":{"line":167,"column":49},"end":{"line":252,"column":11}}},"15":{"name":"(anonymous_24)","decl":{"start":{"line":201,"column":45},"end":{"line":201,"column":46}},"loc":{"start":{"line":202,"column":26},"end":{"line":206,"column":null}}},"16":{"name":"(anonymous_25)","decl":{"start":{"line":215,"column":33},"end":{"line":215,"column":36}},"loc":{"start":{"line":215,"column":39},"end":{"line":215,"column":71}}},"17":{"name":"(anonymous_26)","decl":{"start":{"line":226,"column":35},"end":{"line":226,"column":38}},"loc":{"start":{"line":226,"column":41},"end":{"line":226,"column":80}}},"18":{"name":"(anonymous_27)","decl":{"start":{"line":238,"column":35},"end":{"line":238,"column":38}},"loc":{"start":{"line":238,"column":41},"end":{"line":238,"column":84}}},"19":{"name":"(anonymous_28)","decl":{"start":{"line":289,"column":23},"end":{"line":289,"column":26}},"loc":{"start":{"line":289,"column":29},"end":{"line":289,"column":83}}}},"branchMap":{"0":{"loc":{"start":{"line":39,"column":48},"end":{"line":39,"column":102}},"type":"binary-expr","locations":[{"start":{"line":39,"column":48},"end":{"line":39,"column":94}},{"start":{"line":39,"column":98},"end":{"line":39,"column":102}}]},"1":{"loc":{"start":{"line":48,"column":14},"end":{"line":48,"column":86}},"type":"if","locations":[{"start":{"line":48,"column":14},"end":{"line":48,"column":86}},{"start":{},"end":{}}]},"2":{"loc":{"start":{"line":48,"column":18},"end":{"line":48,"column":75}},"type":"binary-expr","locations":[{"start":{"line":48,"column":18},"end":{"line":48,"column":40}},{"start":{"line":48,"column":44},"end":{"line":48,"column":75}}]},"3":{"loc":{"start":{"line":49,"column":14},"end":{"line":49,"column":86}},"type":"if","locations":[{"start":{"line":49,"column":14},"end":{"line":49,"column":86}},{"start":{},"end":{}}]},"4":{"loc":{"start":{"line":49,"column":18},"end":{"line":49,"column":75}},"type":"binary-expr","locations":[{"start":{"line":49,"column":18},"end":{"line":49,"column":47}},{"start":{"line":49,"column":51},"end":{"line":49,"column":75}}]},"5":{"loc":{"start":{"line":50,"column":14},"end":{"line":50,"column":82}},"type":"if","locations":[{"start":{"line":50,"column":14},"end":{"line":50,"column":82}},{"start":{},"end":{}}]},"6":{"loc":{"start":{"line":50,"column":18},"end":{"line":50,"column":71}},"type":"binary-expr","locations":[{"start":{"line":50,"column":18},"end":{"line":50,"column":41}},{"start":{"line":50,"column":45},"end":{"line":50,"column":71}}]},"7":{"loc":{"start":{"line":70,"column":6},"end":{"line":72,"column":7}},"type":"if","locations":[{"start":{"line":70,"column":6},"end":{"line":72,"column":7}},{"start":{},"end":{}}]},"8":{"loc":{"start":{"line":98,"column":11},"end":{"line":98,"column":43}},"type":"binary-expr","locations":[{"start":{"line":98,"column":11},"end":{"line":98,"column":26}},{"start":{"line":98,"column":30},"end":{"line":98,"column":43}}]},"9":{"loc":{"start":{"line":101,"column":2},"end":{"line":110,"column":3}},"type":"if","locations":[{"start":{"line":101,"column":2},"end":{"line":110,"column":3}},{"start":{},"end":{}}]},"10":{"loc":{"start":{"line":112,"column":2},"end":{"line":121,"column":3}},"type":"if","locations":[{"start":{"line":112,"column":2},"end":{"line":121,"column":3}},{"start":{},"end":{}}]},"11":{"loc":{"start":{"line":124,"column":25},"end":{"line":124,"column":94}},"type":"binary-expr","locations":[{"start":{"line":124,"column":25},"end":{"line":124,"column":76}},{"start":{"line":124,"column":80},"end":{"line":124,"column":94}}]},"12":{"loc":{"start":{"line":224,"column":23},"end":{"line":233,"column":null}},"type":"binary-expr","locations":[{"start":{"line":224,"column":23},"end":{"line":224,"column":44}},{"start":{"line":225,"column":24},"end":{"line":233,"column":null}}]},"13":{"loc":{"start":{"line":236,"column":23},"end":{"line":245,"column":null}},"type":"binary-expr","locations":[{"start":{"line":236,"column":23},"end":{"line":236,"column":46}},{"start":{"line":237,"column":24},"end":{"line":245,"column":null}}]},"14":{"loc":{"start":{"line":289,"column":29},"end":{"line":289,"column":83}},"type":"binary-expr","locations":[{"start":{"line":289,"column":29},"end":{"line":289,"column":43}},{"start":{"line":289,"column":47},"end":{"line":289,"column":83}}]}},"s":{"0":0,"1":0,"2":0,"3":0,"4":0,"5":0,"6":0,"7":0,"8":0,"9":0,"10":0,"11":0,"12":0,"13":0,"14":0,"15":0,"16":0,"17":0,"18":0,"19":0,"20":0,"21":0,"22":0,"23":0,"24":0,"25":0,"26":0,"27":0,"28":0,"29":0,"30":0,"31":0,"32":0,"33":0,"34":0,"35":0,"36":0,"37":0,"38":0,"39":0,"40":0,"41":0,"42":0,"43":0,"44":0,"45":0,"46":0,"47":0,"48":0,"49":0,"50":0,"51":0,"52":0,"53":0,"54":0,"55":0,"56":0,"57":0,"58":0},"f":{"0":0,"1":0,"2":0,"3":0,"4":0,"5":0,"6":0,"7":0,"8":0,"9":0,"10":0,"11":0,"12":0,"13":0,"14":0,"15":0,"16":0,"17":0,"18":0,"19":0},"b":{"0":[0,0],"1":[0,0],"2":[0,0],"3":[0,0],"4":[0,0],"5":[0,0],"6":[0,0],"7":[0,0],"8":[0,0],"9":[0,0],"10":[0,0],"11":[0,0],"12":[0,0],"13":[0,0],"14":[0,0]}}
,"/workspace/src/components/FloatingElements.tsx": {"path":"/workspace/src/components/FloatingElements.tsx","statementMap":{"0":{"start":{"line":1,"column":0},"end":{"line":1,"column":26}},"1":{"start":{"line":3,"column":35},"end":{"line":17,"column":1}},"2":{"start":{"line":4,"column":2},"end":{"line":16,"column":4}},"3":{"start":{"line":19,"column":0},"end":{"line":19,"column":32}}},"fnMap":{"0":{"name":"(anonymous_1)","decl":{"start":{"line":3,"column":35},"end":{"line":3,"column":38}},"loc":{"start":{"line":3,"column":40},"end":{"line":17,"column":1}}}},"branchMap":{},"s":{"0":0,"1":0,"2":0,"3":0},"f":{"0":0},"b":{}}
,"/workspace/src/components/HamburgerMenu.tsx": {"path":"/workspace/src/components/HamburgerMenu.tsx","statementMap":{"0":{"start":{"line":1,"column":0},"end":{"line":1,"column":40}},"1":{"start":{"line":2,"column":0},"end":{"line":2,"column":56}},"2":{"start":{"line":10,"column":52},"end":{"line":135,"column":1}},"3":{"start":{"line":15,"column":30},"end":{"line":15,"column":45}},"4":{"start":{"line":17,"column":21},"end":{"line":19,"column":3}},"5":{"start":{"line":18,"column":4},"end":{"line":18,"column":23}},"6":{"start":{"line":21,"column":30},"end":{"line":24,"column":3}},"7":{"start":{"line":22,"column":4},"end":{"line":22,"column":27}},"8":{"start":{"line":23,"column":4},"end":{"line":23,"column":21}},"9":{"start":{"line":26,"column":2},"end":{"line":134,"column":4}},"10":{"start":{"line":53,"column":29},"end":{"line":53,"column":45}},"11":{"start":{"line":70,"column":33},"end":{"line":70,"column":49}},"12":{"start":{"line":80,"column":20},"end":{"line":99,"column":null}},"13":{"start":{"line":82,"column":37},"end":{"line":82,"column":63}},"14":{"start":{"line":110,"column":35},"end":{"line":110,"column":57}},"15":{"start":{"line":137,"column":0},"end":{"line":137,"column":29}}},"fnMap":{"0":{"name":"(anonymous_9)","decl":{"start":{"line":10,"column":52},"end":{"line":10,"column":53}},"loc":{"start":{"line":14,"column":5},"end":{"line":135,"column":1}}},"1":{"name":"(anonymous_10)","decl":{"start":{"line":17,"column":21},"end":{"line":17,"column":24}},"loc":{"start":{"line":17,"column":26},"end":{"line":19,"column":3}}},"2":{"name":"(anonymous_11)","decl":{"start":{"line":21,"column":30},"end":{"line":21,"column":31}},"loc":{"start":{"line":21,"column":48},"end":{"line":24,"column":3}}},"3":{"name":"(anonymous_12)","decl":{"start":{"line":53,"column":23},"end":{"line":53,"column":26}},"loc":{"start":{"line":53,"column":29},"end":{"line":53,"column":45}}},"4":{"name":"(anonymous_13)","decl":{"start":{"line":70,"column":27},"end":{"line":70,"column":30}},"loc":{"start":{"line":70,"column":33},"end":{"line":70,"column":49}}},"5":{"name":"(anonymous_14)","decl":{"start":{"line":79,"column":32},"end":{"line":79,"column":33}},"loc":{"start":{"line":80,"column":20},"end":{"line":99,"column":null}}},"6":{"name":"(anonymous_15)","decl":{"start":{"line":82,"column":31},"end":{"line":82,"column":34}},"loc":{"start":{"line":82,"column":37},"end":{"line":82,"column":63}}},"7":{"name":"(anonymous_16)","decl":{"start":{"line":110,"column":29},"end":{"line":110,"column":32}},"loc":{"start":{"line":110,"column":35},"end":{"line":110,"column":57}}}},"branchMap":{"0":{"loc":{"start":{"line":35,"column":49},"end":{"line":35,"column":85}},"type":"cond-expr","locations":[{"start":{"line":35,"column":58},"end":{"line":35,"column":80}},{"start":{"line":35,"column":83},"end":{"line":35,"column":85}}]},"1":{"loc":{"start":{"line":45,"column":9},"end":{"line":128,"column":null}},"type":"binary-expr","locations":[{"start":{"line":45,"column":9},"end":{"line":45,"column":15}},{"start":{"line":46,"column":10},"end":{"line":127,"column":null}}]},"2":{"loc":{"start":{"line":84,"column":24},"end":{"line":84,"column":null}},"type":"cond-expr","locations":[{"start":{"line":84,"column":51},"end":{"line":84,"column":82}},{"start":{"line":84,"column":85},"end":{"line":84,"column":null}}]},"3":{"loc":{"start":{"line":88,"column":25},"end":{"line":88,"column":44}},"type":"binary-expr","locations":[{"start":{"line":88,"column":25},"end":{"line":88,"column":36}},{"start":{"line":88,"column":40},"end":{"line":88,"column":44}}]},"4":{"loc":{"start":{"line":89,"column":25},"end":{"line":89,"column":47}},"type":"binary-expr","locations":[{"start":{"line":89,"column":25},"end":{"line":89,"column":36}},{"start":{"line":89,"column":40},"end":{"line":89,"column":47}}]},"5":{"loc":{"start":{"line":90,"column":25},"end":{"line":90,"column":44}},"type":"binary-expr","locations":[{"start":{"line":90,"column":25},"end":{"line":90,"column":36}},{"start":{"line":90,"column":40},"end":{"line":90,"column":44}}]},"6":{"loc":{"start":{"line":91,"column":25},"end":{"line":91,"column":44}},"type":"binary-expr","locations":[{"start":{"line":91,"column":25},"end":{"line":91,"column":36}},{"start":{"line":91,"column":40},"end":{"line":91,"column":44}}]},"7":{"loc":{"start":{"line":92,"column":25},"end":{"line":92,"column":44}},"type":"binary-expr","locations":[{"start":{"line":92,"column":25},"end":{"line":92,"column":36}},{"start":{"line":92,"column":40},"end":{"line":92,"column":44}}]},"8":{"loc":{"start":{"line":93,"column":25},"end":{"line":93,"column":44}},"type":"binary-expr","locations":[{"start":{"line":93,"column":25},"end":{"line":93,"column":36}},{"start":{"line":93,"column":40},"end":{"line":93,"column":44}}]},"9":{"loc":{"start":{"line":94,"column":25},"end":{"line":94,"column":44}},"type":"binary-expr","locations":[{"start":{"line":94,"column":25},"end":{"line":94,"column":36}},{"start":{"line":94,"column":40},"end":{"line":94,"column":44}}]},"10":{"loc":{"start":{"line":97,"column":23},"end":{"line":98,"column":null}},"type":"binary-expr","locations":[{"start":{"line":97,"column":23},"end":{"line":97,"column":47}},{"start":{"line":98,"column":24},"end":{"line":98,"column":83}}]}},"s":{"0":0,"1":0,"2":0,"3":0,"4":0,"5":0,"6":0,"7":0,"8":0,"9":0,"10":0,"11":0,"12":0,"13":0,"14":0,"15":0},"f":{"0":0,"1":0,"2":0,"3":0,"4":0,"5":0,"6":0,"7":0},"b":{"0":[0,0],"1":[0,0],"2":[0,0],"3":[0,0],"4":[0,0],"5":[0,0],"6":[0,0],"7":[0,0],"8":[0,0],"9":[0,0],"10":[0,0]}}
,"/workspace/src/components/Leadership.tsx": {"path":"/workspace/src/components/Leadership.tsx","statementMap":{"0":{"start":{"line":6,"column":0},"end":{"line":6,"column":24}},"1":{"start":{"line":1,"column":0},"end":{"line":1,"column":26}},"2":{"start":{"line":2,"column":0},"end":{"line":2,"column":39}},"3":{"start":{"line":3,"column":0},"end":{"line":3,"column":101}},"4":{"start":{"line":4,"column":0},"end":{"line":4,"column":69}},"5":{"start":{"line":7,"column":31},"end":{"line":7,"column":53}},"6":{"start":{"line":10,"column":39},"end":{"line":19,"column":4}},"7":{"start":{"line":21,"column":2},"end":{"line":27,"column":3}},"8":{"start":{"line":22,"column":4},"end":{"line":26,"column":6}},"9":{"start":{"line":30,"column":24},"end":{"line":32,"column":8}},"10":{"start":{"line":31,"column":42},"end":{"line":31,"column":59}},"11":{"start":{"line":33,"column":24},"end":{"line":35,"column":8}},"12":{"start":{"line":34,"column":42},"end":{"line":34,"column":59}},"13":{"start":{"line":37,"column":2},"end":{"line":134,"column":4}},"14":{"start":{"line":63,"column":34},"end":{"line":63,"column":63}},"15":{"start":{"line":64,"column":12},"end":{"line":79,"column":14}},"16":{"start":{"line":86,"column":12},"end":{"line":106,"column":null}},"17":{"start":{"line":100,"column":20},"end":{"line":102,"column":null}},"18":{"start":{"line":124,"column":29},"end":{"line":124,"column":62}}},"fnMap":{"0":{"name":"Leadership","decl":{"start":{"line":6,"column":24},"end":{"line":6,"column":34}},"loc":{"start":{"line":6,"column":34},"end":{"line":135,"column":1}}},"1":{"name":"(anonymous_2)","decl":{"start":{"line":31,"column":32},"end":{"line":31,"column":33}},"loc":{"start":{"line":31,"column":42},"end":{"line":31,"column":59}}},"2":{"name":"(anonymous_3)","decl":{"start":{"line":34,"column":32},"end":{"line":34,"column":33}},"loc":{"start":{"line":34,"column":42},"end":{"line":34,"column":59}}},"3":{"name":"(anonymous_4)","decl":{"start":{"line":62,"column":29},"end":{"line":62,"column":30}},"loc":{"start":{"line":62,"column":47},"end":{"line":80,"column":11}}},"4":{"name":"(anonymous_5)","decl":{"start":{"line":85,"column":29},"end":{"line":85,"column":30}},"loc":{"start":{"line":86,"column":12},"end":{"line":106,"column":null}}},"5":{"name":"(anonymous_6)","decl":{"start":{"line":99,"column":38},"end":{"line":99,"column":39}},"loc":{"start":{"line":100,"column":20},"end":{"line":102,"column":null}}},"6":{"name":"(anonymous_7)","decl":{"start":{"line":124,"column":23},"end":{"line":124,"column":26}},"loc":{"start":{"line":124,"column":29},"end":{"line":124,"column":62}}}},"branchMap":{"0":{"loc":{"start":{"line":21,"column":2},"end":{"line":27,"column":3}},"type":"if","locations":[{"start":{"line":21,"column":2},"end":{"line":27,"column":3}},{"start":{},"end":{}}]},"1":{"loc":{"start":{"line":30,"column":24},"end":{"line":32,"column":8}},"type":"cond-expr","locations":[{"start":{"line":31,"column":6},"end":{"line":31,"column":60}},{"start":{"line":32,"column":6},"end":{"line":32,"column":8}}]},"2":{"loc":{"start":{"line":33,"column":24},"end":{"line":35,"column":8}},"type":"cond-expr","locations":[{"start":{"line":34,"column":6},"end":{"line":34,"column":60}},{"start":{"line":35,"column":6},"end":{"line":35,"column":8}}]},"3":{"loc":{"start":{"line":63,"column":34},"end":{"line":63,"column":63}},"type":"binary-expr","locations":[{"start":{"line":63,"column":34},"end":{"line":63,"column":54}},{"start":{"line":63,"column":58},"end":{"line":63,"column":63}}]}},"s":{"0":0,"1":0,"2":0,"3":0,"4":0,"5":0,"6":0,"7":0,"8":0,"9":0,"10":0,"11":0,"12":0,"13":0,"14":0,"15":0,"16":0,"17":0,"18":0},"f":{"0":0,"1":0,"2":0,"3":0,"4":0,"5":0,"6":0},"b":{"0":[0,0],"1":[0,0],"2":[0,0],"3":[0,0]}}
,"/workspace/src/components/LoadingScreen.tsx": {"path":"/workspace/src/components/LoadingScreen.tsx","statementMap":{"0":{"start":{"line":1,"column":0},"end":{"line":1,"column":26}},"1":{"start":{"line":2,"column":0},"end":{"line":2,"column":56}},"2":{"start":{"line":8,"column":52},"end":{"line":49,"column":1}},"3":{"start":{"line":9,"column":2},"end":{"line":14,"column":17}},"4":{"start":{"line":10,"column":4},"end":{"line":10,"column":65}},"5":{"start":{"line":11,"column":4},"end":{"line":13,"column":6}},"6":{"start":{"line":12,"column":6},"end":{"line":12,"column":49}},"7":{"start":{"line":16,"column":2},"end":{"line":48,"column":4}},"8":{"start":{"line":51,"column":0},"end":{"line":51,"column":29}}},"fnMap":{"0":{"name":"(anonymous_1)","decl":{"start":{"line":8,"column":52},"end":{"line":8,"column":53}},"loc":{"start":{"line":8,"column":69},"end":{"line":49,"column":1}}},"1":{"name":"(anonymous_2)","decl":{"start":{"line":9,"column":18},"end":{"line":9,"column":21}},"loc":{"start":{"line":9,"column":23},"end":{"line":14,"column":3}}},"2":{"name":"(anonymous_3)","decl":{"start":{"line":11,"column":11},"end":{"line":11,"column":14}},"loc":{"start":{"line":11,"column":16},"end":{"line":13,"column":5}}}},"branchMap":{"0":{"loc":{"start":{"line":18,"column":7},"end":{"line":45,"column":null}},"type":"binary-expr","locations":[{"start":{"line":18,"column":7},"end":{"line":18,"column":16}},{"start":{"line":19,"column":8},"end":{"line":44,"column":null}}]}},"s":{"0":0,"1":0,"2":0,"3":0,"4":0,"5":0,"6":0,"7":0,"8":0},"f":{"0":0,"1":0,"2":0},"b":{"0":[0,0]}}
,"/workspace/src/components/MessageRenderer.tsx": {"path":"/workspace/src/components/MessageRenderer.tsx","statementMap":{"0":{"start":{"line":9,"column":0},"end":{"line":9,"column":16}},"1":{"start":{"line":1,"column":0},"end":{"line":1,"column":26}},"2":{"start":{"line":2,"column":0},"end":{"line":2,"column":44}},"3":{"start":{"line":11,"column":24},"end":{"line":98,"column":3}},"4":{"start":{"line":12,"column":18},"end":{"line":12,"column":37}},"5":{"start":{"line":13,"column":40},"end":{"line":13,"column":42}},"6":{"start":{"line":14,"column":41},"end":{"line":14,"column":43}},"7":{"start":{"line":15,"column":17},"end":{"line":15,"column":22}},"8":{"start":{"line":17,"column":22},"end":{"line":27,"column":5}},"9":{"start":{"line":18,"column":6},"end":{"line":26,"column":7}},"10":{"start":{"line":19,"column":8},"end":{"line":23,"column":10}},"11":{"start":{"line":24,"column":8},"end":{"line":24,"column":25}},"12":{"start":{"line":25,"column":8},"end":{"line":25,"column":23}},"13":{"start":{"line":29,"column":4},"end":{"line":92,"column":7}},"14":{"start":{"line":31,"column":26},"end":{"line":31,"column":89}},"15":{"start":{"line":32,"column":6},"end":{"line":47,"column":7}},"16":{"start":{"line":33,"column":8},"end":{"line":33,"column":20}},"17":{"start":{"line":34,"column":44},"end":{"line":34,"column":55}},"18":{"start":{"line":35,"column":8},"end":{"line":45,"column":10}},"19":{"start":{"line":38,"column":27},"end":{"line":38,"column":77}},"20":{"start":{"line":46,"column":8},"end":{"line":46,"column":15}},"21":{"start":{"line":50,"column":27},"end":{"line":50,"column":61}},"22":{"start":{"line":51,"column":6},"end":{"line":59,"column":7}},"23":{"start":{"line":52,"column":8},"end":{"line":52,"column":20}},"24":{"start":{"line":53,"column":8},"end":{"line":57,"column":10}},"25":{"start":{"line":58,"column":8},"end":{"line":58,"column":15}},"26":{"start":{"line":62,"column":6},"end":{"line":76,"column":7}},"27":{"start":{"line":63,"column":8},"end":{"line":63,"column":22}},"28":{"start":{"line":64,"column":30},"end":{"line":64,"column":61}},"29":{"start":{"line":67,"column":31},"end":{"line":67,"column":117}},"30":{"start":{"line":69,"column":8},"end":{"line":74,"column":10}},"31":{"start":{"line":75,"column":8},"end":{"line":75,"column":15}},"32":{"start":{"line":79,"column":6},"end":{"line":81,"column":7}},"33":{"start":{"line":80,"column":8},"end":{"line":80,"column":20}},"34":{"start":{"line":84,"column":26},"end":{"line":84,"column":103}},"35":{"start":{"line":87,"column":6},"end":{"line":91,"column":7}},"36":{"start":{"line":88,"column":8},"end":{"line":90,"column":10}},"37":{"start":{"line":95,"column":4},"end":{"line":95,"column":16}},"38":{"start":{"line":97,"column":4},"end":{"line":97,"column":20}},"39":{"start":{"line":100,"column":2},"end":{"line":100,"column":68}}},"fnMap":{"0":{"name":"MessageRenderer","decl":{"start":{"line":9,"column":16},"end":{"line":9,"column":31}},"loc":{"start":{"line":9,"column":80},"end":{"line":101,"column":1}}},"1":{"name":"(anonymous_2)","decl":{"start":{"line":11,"column":24},"end":{"line":11,"column":27}},"loc":{"start":{"line":11,"column":29},"end":{"line":98,"column":3}}},"2":{"name":"(anonymous_3)","decl":{"start":{"line":17,"column":22},"end":{"line":17,"column":25}},"loc":{"start":{"line":17,"column":27},"end":{"line":27,"column":5}}},"3":{"name":"(anonymous_4)","decl":{"start":{"line":29,"column":18},"end":{"line":29,"column":19}},"loc":{"start":{"line":29,"column":34},"end":{"line":92,"column":5}}},"4":{"name":"(anonymous_5)","decl":{"start":{"line":38,"column":21},"end":{"line":38,"column":24}},"loc":{"start":{"line":38,"column":27},"end":{"line":38,"column":77}}}},"branchMap":{"0":{"loc":{"start":{"line":18,"column":6},"end":{"line":26,"column":7}},"type":"if","locations":[{"start":{"line":18,"column":6},"end":{"line":26,"column":7}},{"start":{},"end":{}}]},"1":{"loc":{"start":{"line":32,"column":6},"end":{"line":47,"column":7}},"type":"if","locations":[{"start":{"line":32,"column":6},"end":{"line":47,"column":7}},{"start":{},"end":{}}]},"2":{"loc":{"start":{"line":51,"column":6},"end":{"line":59,"column":7}},"type":"if","locations":[{"start":{"line":51,"column":6},"end":{"line":59,"column":7}},{"start":{},"end":{}}]},"3":{"loc":{"start":{"line":62,"column":6},"end":{"line":76,"column":7}},"type":"if","locations":[{"start":{"line":62,"column":6},"end":{"line":76,"column":7}},{"start":{},"end":{}}]},"4":{"loc":{"start":{"line":79,"column":6},"end":{"line":81,"column":7}},"type":"if","locations":[{"start":{"line":79,"column":6},"end":{"line":81,"column":7}},{"start":{},"end":{}}]},"5":{"loc":{"start":{"line":79,"column":10},"end":{"line":79,"column":63}},"type":"binary-expr","locations":[{"start":{"line":79,"column":10},"end":{"line":79,"column":16}},{"start":{"line":79,"column":20},"end":{"line":79,"column":31}},{"start":{"line":79,"column":35},"end":{"line":79,"column":63}}]},"6":{"loc":{"start":{"line":87,"column":6},"end":{"line":91,"column":7}},"type":"if","locations":[{"start":{"line":87,"column":6},"end":{"line":91,"column":7}},{"start":{},"end":{}}]}},"s":{"0":0,"1":0,"2":0,"3":0,"4":0,"5":0,"6":0,"7":0,"8":0,"9":0,"10":0,"11":0,"12":0,"13":0,"14":0,"15":0,"16":0,"17":0,"18":0,"19":0,"20":0,"21":0,"22":0,"23":0,"24":0,"25":0,"26":0,"27":0,"28":0,"29":0,"30":0,"31":0,"32":0,"33":0,"34":0,"35":0,"36":0,"37":0,"38":0,"39":0},"f":{"0":0,"1":0,"2":0,"3":0,"4":0},"b":{"0":[0,0],"1":[0,0],"2":[0,0],"3":[0,0],"4":[0,0],"5":[0,0,0],"6":[0,0]}}
,"/workspace/src/components/RetroSidebar.tsx": {"path":"/workspace/src/components/RetroSidebar.tsx","statementMap":{"0":{"start":{"line":1,"column":0},"end":{"line":1,"column":26}},"1":{"start":{"line":2,"column":0},"end":{"line":2,"column":46}},"2":{"start":{"line":11,"column":50},"end":{"line":106,"column":1}},"3":{"start":{"line":17,"column":27},"end":{"line":17,"column":88}},"4":{"start":{"line":19,"column":2},"end":{"line":105,"column":4}},"5":{"start":{"line":42,"column":29},"end":{"line":42,"column":47}},"6":{"start":{"line":108,"column":0},"end":{"line":108,"column":28}}},"fnMap":{"0":{"name":"(anonymous_1)","decl":{"start":{"line":11,"column":50},"end":{"line":11,"column":51}},"loc":{"start":{"line":16,"column":5},"end":{"line":106,"column":1}}},"1":{"name":"(anonymous_2)","decl":{"start":{"line":42,"column":23},"end":{"line":42,"column":26}},"loc":{"start":{"line":42,"column":29},"end":{"line":42,"column":47}}}},"branchMap":{"0":{"loc":{"start":{"line":17,"column":38},"end":{"line":17,"column":87}},"type":"binary-expr","locations":[{"start":{"line":17,"column":38},"end":{"line":17,"column":79}},{"start":{"line":17,"column":83},"end":{"line":17,"column":87}}]},"1":{"loc":{"start":{"line":87,"column":13},"end":{"line":94,"column":null}},"type":"cond-expr","locations":[{"start":{"line":88,"column":14},"end":{"line":88,"column":null}},{"start":{"line":92,"column":14},"end":{"line":92,"column":null}}]},"2":{"loc":{"start":{"line":97,"column":11},"end":{"line":100,"column":null}},"type":"binary-expr","locations":[{"start":{"line":97,"column":11},"end":{"line":97,"column":27}},{"start":{"line":98,"column":12},"end":{"line":98,"column":null}}]}},"s":{"0":0,"1":0,"2":0,"3":0,"4":0,"5":0,"6":0},"f":{"0":0,"1":0},"b":{"0":[0,0],"1":[0,0],"2":[0,0]}}
,"/workspace/src/components/Scene3D.tsx": {"path":"/workspace/src/components/Scene3D.tsx","statementMap":{"0":{"start":{"line":290,"column":0},"end":{"line":290,"column":24}},"1":{"start":{"line":1,"column":0},"end":{"line":1,"column":47}},"2":{"start":{"line":2,"column":0},"end":{"line":2,"column":46}},"3":{"start":{"line":3,"column":0},"end":{"line":3,"column":89}},"4":{"start":{"line":4,"column":0},"end":{"line":4,"column":31}},"5":{"start":{"line":12,"column":19},"end":{"line":12,"column":44}},"6":{"start":{"line":13,"column":19},"end":{"line":13,"column":44}},"7":{"start":{"line":15,"column":33},"end":{"line":45,"column":34}},"8":{"start":{"line":17,"column":26},"end":{"line":17,"column":28}},"9":{"start":{"line":18,"column":4},"end":{"line":28,"column":5}},"10":{"start":{"line":18,"column":17},"end":{"line":18,"column":18}},"11":{"start":{"line":19,"column":6},"end":{"line":27,"column":9}},"12":{"start":{"line":31,"column":28},"end":{"line":31,"column":30}},"13":{"start":{"line":32,"column":4},"end":{"line":42,"column":5}},"14":{"start":{"line":32,"column":17},"end":{"line":32,"column":18}},"15":{"start":{"line":33,"column":20},"end":{"line":33,"column":57}},"16":{"start":{"line":34,"column":20},"end":{"line":34,"column":57}},"17":{"start":{"line":35,"column":6},"end":{"line":41,"column":7}},"18":{"start":{"line":36,"column":8},"end":{"line":40,"column":11}},"19":{"start":{"line":44,"column":4},"end":{"line":44,"column":66}},"20":{"start":{"line":47,"column":2},"end":{"line":70,"column":5}},"21":{"start":{"line":48,"column":4},"end":{"line":58,"column":5}},"22":{"start":{"line":50,"column":6},"end":{"line":57,"column":9}},"23":{"start":{"line":51,"column":21},"end":{"line":51,"column":44}},"24":{"start":{"line":52,"column":25},"end":{"line":52,"column":69}},"25":{"start":{"line":53,"column":8},"end":{"line":56,"column":9}},"26":{"start":{"line":54,"column":10},"end":{"line":54,"column":55}},"27":{"start":{"line":55,"column":10},"end":{"line":55,"column":53}},"28":{"start":{"line":60,"column":4},"end":{"line":69,"column":5}},"29":{"start":{"line":62,"column":6},"end":{"line":68,"column":9}},"30":{"start":{"line":63,"column":21},"end":{"line":63,"column":44}},"31":{"start":{"line":64,"column":22},"end":{"line":64,"column":66}},"32":{"start":{"line":65,"column":8},"end":{"line":67,"column":9}},"33":{"start":{"line":66,"column":10},"end":{"line":66,"column":52}},"34":{"start":{"line":72,"column":2},"end":{"line":119,"column":4}},"35":{"start":{"line":77,"column":10},"end":{"line":83,"column":null}},"36":{"start":{"line":91,"column":25},"end":{"line":94,"column":12}},"37":{"start":{"line":95,"column":10},"end":{"line":115,"column":12}},"38":{"start":{"line":123,"column":18},"end":{"line":123,"column":44}},"39":{"start":{"line":125,"column":20},"end":{"line":142,"column":13}},"40":{"start":{"line":126,"column":22},"end":{"line":126,"column":49}},"41":{"start":{"line":127,"column":23},"end":{"line":127,"column":50}},"42":{"start":{"line":129,"column":4},"end":{"line":139,"column":5}},"43":{"start":{"line":129,"column":17},"end":{"line":129,"column":18}},"44":{"start":{"line":131,"column":6},"end":{"line":131,"column":52}},"45":{"start":{"line":132,"column":6},"end":{"line":132,"column":56}},"46":{"start":{"line":133,"column":6},"end":{"line":133,"column":56}},"47":{"start":{"line":136,"column":6},"end":{"line":136,"column":55}},"48":{"start":{"line":137,"column":6},"end":{"line":137,"column":59}},"49":{"start":{"line":138,"column":6},"end":{"line":138,"column":59}},"50":{"start":{"line":141,"column":4},"end":{"line":141,"column":37}},"51":{"start":{"line":144,"column":2},"end":{"line":163,"column":5}},"52":{"start":{"line":145,"column":4},"end":{"line":162,"column":5}},"53":{"start":{"line":146,"column":24},"end":{"line":146,"column":90}},"54":{"start":{"line":148,"column":6},"end":{"line":158,"column":7}},"55":{"start":{"line":148,"column":19},"end":{"line":148,"column":20}},"56":{"start":{"line":150,"column":8},"end":{"line":150,"column":56}},"57":{"start":{"line":151,"column":8},"end":{"line":151,"column":64}},"58":{"start":{"line":152,"column":8},"end":{"line":152,"column":64}},"59":{"start":{"line":155,"column":8},"end":{"line":155,"column":70}},"60":{"start":{"line":155,"column":45},"end":{"line":155,"column":70}},"61":{"start":{"line":156,"column":8},"end":{"line":156,"column":78}},"62":{"start":{"line":156,"column":49},"end":{"line":156,"column":78}},"63":{"start":{"line":157,"column":8},"end":{"line":157,"column":78}},"64":{"start":{"line":157,"column":49},"end":{"line":157,"column":78}},"65":{"start":{"line":160,"column":6},"end":{"line":160,"column":70}},"66":{"start":{"line":161,"column":6},"end":{"line":161,"column":66}},"67":{"start":{"line":165,"column":2},"end":{"line":184,"column":4}},"68":{"start":{"line":188,"column":15},"end":{"line":188,"column":41}},"69":{"start":{"line":190,"column":20},"end":{"line":200,"column":13}},"70":{"start":{"line":191,"column":17},"end":{"line":191,"column":44}},"71":{"start":{"line":192,"column":4},"end":{"line":198,"column":5}},"72":{"start":{"line":192,"column":17},"end":{"line":192,"column":18}},"73":{"start":{"line":193,"column":6},"end":{"line":197,"column":16}},"74":{"start":{"line":199,"column":4},"end":{"line":199,"column":16}},"75":{"start":{"line":202,"column":2},"end":{"line":207,"column":5}},"76":{"start":{"line":203,"column":4},"end":{"line":206,"column":5}},"77":{"start":{"line":204,"column":6},"end":{"line":204,"column":63}},"78":{"start":{"line":205,"column":6},"end":{"line":205,"column":63}},"79":{"start":{"line":209,"column":2},"end":{"line":227,"column":4}},"80":{"start":{"line":231,"column":15},"end":{"line":231,"column":39}},"81":{"start":{"line":233,"column":2},"end":{"line":242,"column":5}},"82":{"start":{"line":234,"column":4},"end":{"line":241,"column":5}},"83":{"start":{"line":236,"column":6},"end":{"line":236,"column":100}},"84":{"start":{"line":239,"column":6},"end":{"line":239,"column":57}},"85":{"start":{"line":240,"column":6},"end":{"line":240,"column":57}},"86":{"start":{"line":244,"column":2},"end":{"line":258,"column":4}},"87":{"start":{"line":262,"column":19},"end":{"line":262,"column":44}},"88":{"start":{"line":264,"column":2},"end":{"line":269,"column":5}},"89":{"start":{"line":265,"column":4},"end":{"line":268,"column":5}},"90":{"start":{"line":266,"column":6},"end":{"line":266,"column":66}},"91":{"start":{"line":267,"column":6},"end":{"line":267,"column":82}},"92":{"start":{"line":271,"column":2},"end":{"line":287,"column":4}},"93":{"start":{"line":291,"column":19},"end":{"line":291,"column":44}},"94":{"start":{"line":293,"column":2},"end":{"line":303,"column":5}},"95":{"start":{"line":294,"column":4},"end":{"line":302,"column":5}},"96":{"start":{"line":296,"column":6},"end":{"line":296,"column":105}},"97":{"start":{"line":297,"column":6},"end":{"line":297,"column":105}},"98":{"start":{"line":300,"column":22},"end":{"line":300,"column":46}},"99":{"start":{"line":301,"column":6},"end":{"line":301,"column":92}},"100":{"start":{"line":305,"column":2},"end":{"line":351,"column":4}}},"fnMap":{"0":{"name":"NeuralNetwork","decl":{"start":{"line":11,"column":9},"end":{"line":11,"column":22}},"loc":{"start":{"line":11,"column":63},"end":{"line":120,"column":1}}},"1":{"name":"(anonymous_10)","decl":{"start":{"line":15,"column":41},"end":{"line":15,"column":44}},"loc":{"start":{"line":15,"column":46},"end":{"line":45,"column":3}}},"2":{"name":"(anonymous_11)","decl":{"start":{"line":47,"column":11},"end":{"line":47,"column":12}},"loc":{"start":{"line":47,"column":21},"end":{"line":70,"column":3}}},"3":{"name":"(anonymous_12)","decl":{"start":{"line":50,"column":40},"end":{"line":50,"column":41}},"loc":{"start":{"line":50,"column":56},"end":{"line":57,"column":7}}},"4":{"name":"(anonymous_13)","decl":{"start":{"line":62,"column":40},"end":{"line":62,"column":41}},"loc":{"start":{"line":62,"column":56},"end":{"line":68,"column":7}}},"5":{"name":"(anonymous_14)","decl":{"start":{"line":76,"column":19},"end":{"line":76,"column":20}},"loc":{"start":{"line":77,"column":10},"end":{"line":83,"column":null}}},"6":{"name":"(anonymous_15)","decl":{"start":{"line":90,"column":25},"end":{"line":90,"column":26}},"loc":{"start":{"line":90,"column":47},"end":{"line":116,"column":9}}},"7":{"name":"DataFlow","decl":{"start":{"line":122,"column":9},"end":{"line":122,"column":17}},"loc":{"start":{"line":122,"column":32},"end":{"line":185,"column":1}}},"8":{"name":"(anonymous_17)","decl":{"start":{"line":125,"column":28},"end":{"line":125,"column":31}},"loc":{"start":{"line":125,"column":33},"end":{"line":142,"column":3}}},"9":{"name":"(anonymous_18)","decl":{"start":{"line":144,"column":11},"end":{"line":144,"column":12}},"loc":{"start":{"line":144,"column":21},"end":{"line":163,"column":3}}},"10":{"name":"ParticleField","decl":{"start":{"line":187,"column":9},"end":{"line":187,"column":22}},"loc":{"start":{"line":187,"column":38},"end":{"line":228,"column":1}}},"11":{"name":"(anonymous_20)","decl":{"start":{"line":190,"column":28},"end":{"line":190,"column":31}},"loc":{"start":{"line":190,"column":33},"end":{"line":200,"column":3}}},"12":{"name":"(anonymous_21)","decl":{"start":{"line":202,"column":11},"end":{"line":202,"column":12}},"loc":{"start":{"line":202,"column":21},"end":{"line":207,"column":3}}},"13":{"name":"FloatingGeometry","decl":{"start":{"line":230,"column":9},"end":{"line":230,"column":25}},"loc":{"start":{"line":230,"column":134},"end":{"line":259,"column":1}}},"14":{"name":"(anonymous_23)","decl":{"start":{"line":233,"column":11},"end":{"line":233,"column":12}},"loc":{"start":{"line":233,"column":21},"end":{"line":242,"column":3}}},"15":{"name":"AIBrain","decl":{"start":{"line":261,"column":9},"end":{"line":261,"column":16}},"loc":{"start":{"line":261,"column":16},"end":{"line":288,"column":1}}},"16":{"name":"(anonymous_25)","decl":{"start":{"line":264,"column":11},"end":{"line":264,"column":12}},"loc":{"start":{"line":264,"column":21},"end":{"line":269,"column":3}}},"17":{"name":"Scene3D","decl":{"start":{"line":290,"column":24},"end":{"line":290,"column":31}},"loc":{"start":{"line":290,"column":79},"end":{"line":352,"column":1}}},"18":{"name":"(anonymous_27)","decl":{"start":{"line":293,"column":11},"end":{"line":293,"column":12}},"loc":{"start":{"line":293,"column":21},"end":{"line":303,"column":3}}}},"branchMap":{"0":{"loc":{"start":{"line":11,"column":25},"end":{"line":11,"column":39}},"type":"default-arg","locations":[{"start":{"line":11,"column":37},"end":{"line":11,"column":39}}]},"1":{"loc":{"start":{"line":11,"column":41},"end":{"line":11,"column":61}},"type":"default-arg","locations":[{"start":{"line":11,"column":59},"end":{"line":11,"column":61}}]},"2":{"loc":{"start":{"line":35,"column":6},"end":{"line":41,"column":7}},"type":"if","locations":[{"start":{"line":35,"column":6},"end":{"line":41,"column":7}},{"start":{},"end":{}}]},"3":{"loc":{"start":{"line":48,"column":4},"end":{"line":58,"column":5}},"type":"if","locations":[{"start":{"line":48,"column":4},"end":{"line":58,"column":5}},{"start":{},"end":{}}]},"4":{"loc":{"start":{"line":53,"column":8},"end":{"line":56,"column":9}},"type":"if","locations":[{"start":{"line":53,"column":8},"end":{"line":56,"column":9}},{"start":{},"end":{}}]},"5":{"loc":{"start":{"line":53,"column":12},"end":{"line":53,"column":90}},"type":"binary-expr","locations":[{"start":{"line":53,"column":12},"end":{"line":53,"column":38}},{"start":{"line":53,"column":42},"end":{"line":53,"column":90}}]},"6":{"loc":{"start":{"line":60,"column":4},"end":{"line":69,"column":5}},"type":"if","locations":[{"start":{"line":60,"column":4},"end":{"line":69,"column":5}},{"start":{},"end":{}}]},"7":{"loc":{"start":{"line":65,"column":8},"end":{"line":67,"column":9}},"type":"if","locations":[{"start":{"line":65,"column":8},"end":{"line":67,"column":9}},{"start":{},"end":{}}]},"8":{"loc":{"start":{"line":65,"column":12},"end":{"line":65,"column":90}},"type":"binary-expr","locations":[{"start":{"line":65,"column":12},"end":{"line":65,"column":38}},{"start":{"line":65,"column":42},"end":{"line":65,"column":90}}]},"9":{"loc":{"start":{"line":122,"column":20},"end":{"line":122,"column":30}},"type":"default-arg","locations":[{"start":{"line":122,"column":28},"end":{"line":122,"column":30}}]},"10":{"loc":{"start":{"line":145,"column":4},"end":{"line":162,"column":5}},"type":"if","locations":[{"start":{"line":145,"column":4},"end":{"line":162,"column":5}},{"start":{},"end":{}}]},"11":{"loc":{"start":{"line":155,"column":8},"end":{"line":155,"column":70}},"type":"if","locations":[{"start":{"line":155,"column":8},"end":{"line":155,"column":70}},{"start":{},"end":{}}]},"12":{"loc":{"start":{"line":156,"column":8},"end":{"line":156,"column":78}},"type":"if","locations":[{"start":{"line":156,"column":8},"end":{"line":156,"column":78}},{"start":{},"end":{}}]},"13":{"loc":{"start":{"line":157,"column":8},"end":{"line":157,"column":78}},"type":"if","locations":[{"start":{"line":157,"column":8},"end":{"line":157,"column":78}},{"start":{},"end":{}}]},"14":{"loc":{"start":{"line":187,"column":25},"end":{"line":187,"column":36}},"type":"default-arg","locations":[{"start":{"line":187,"column":33},"end":{"line":187,"column":36}}]},"15":{"loc":{"start":{"line":203,"column":4},"end":{"line":206,"column":5}},"type":"if","locations":[{"start":{"line":203,"column":4},"end":{"line":206,"column":5}},{"start":{},"end":{}}]},"16":{"loc":{"start":{"line":234,"column":4},"end":{"line":241,"column":5}},"type":"if","locations":[{"start":{"line":234,"column":4},"end":{"line":241,"column":5}},{"start":{},"end":{}}]},"17":{"loc":{"start":{"line":265,"column":4},"end":{"line":268,"column":5}},"type":"if","locations":[{"start":{"line":265,"column":4},"end":{"line":268,"column":5}},{"start":{},"end":{}}]},"18":{"loc":{"start":{"line":294,"column":4},"end":{"line":302,"column":5}},"type":"if","locations":[{"start":{"line":294,"column":4},"end":{"line":302,"column":5}},{"start":{},"end":{}}]}},"s":{"0":0,"1":0,"2":0,"3":0,"4":0,"5":0,"6":0,"7":0,"8":0,"9":0,"10":0,"11":0,"12":0,"13":0,"14":0,"15":0,"16":0,"17":0,"18":0,"19":0,"20":0,"21":0,"22":0,"23":0,"24":0,"25":0,"26":0,"27":0,"28":0,"29":0,"30":0,"31":0,"32":0,"33":0,"34":0,"35":0,"36":0,"37":0,"38":0,"39":0,"40":0,"41":0,"42":0,"43":0,"44":0,"45":0,"46":0,"47":0,"48":0,"49":0,"50":0,"51":0,"52":0,"53":0,"54":0,"55":0,"56":0,"57":0,"58":0,"59":0,"60":0,"61":0,"62":0,"63":0,"64":0,"65":0,"66":0,"67":0,"68":0,"69":0,"70":0,"71":0,"72":0,"73":0,"74":0,"75":0,"76":0,"77":0,"78":0,"79":0,"80":0,"81":0,"82":0,"83":0,"84":0,"85":0,"86":0,"87":0,"88":0,"89":0,"90":0,"91":0,"92":0,"93":0,"94":0,"95":0,"96":0,"97":0,"98":0,"99":0,"100":0},"f":{"0":0,"1":0,"2":0,"3":0,"4":0,"5":0,"6":0,"7":0,"8":0,"9":0,"10":0,"11":0,"12":0,"13":0,"14":0,"15":0,"16":0,"17":0,"18":0},"b":{"0":[0],"1":[0],"2":[0,0],"3":[0,0],"4":[0,0],"5":[0,0],"6":[0,0],"7":[0,0],"8":[0,0],"9":[0],"10":[0,0],"11":[0,0],"12":[0,0],"13":[0,0],"14":[0],"15":[0,0],"16":[0,0],"17":[0,0],"18":[0,0]}}
,"/workspace/src/components/ScrollInstructions.tsx": {"path":"/workspace/src/components/ScrollInstructions.tsx","statementMap":{"0":{"start":{"line":1,"column":0},"end":{"line":1,"column":26}},"1":{"start":{"line":2,"column":0},"end":{"line":2,"column":56}},"2":{"start":{"line":10,"column":62},"end":{"line":47,"column":1}},"3":{"start":{"line":15,"column":2},"end":{"line":46,"column":4}},"4":{"start":{"line":49,"column":0},"end":{"line":49,"column":34}}},"fnMap":{"0":{"name":"(anonymous_1)","decl":{"start":{"line":10,"column":62},"end":{"line":10,"column":63}},"loc":{"start":{"line":14,"column":5},"end":{"line":47,"column":1}}}},"branchMap":{"0":{"loc":{"start":{"line":17,"column":7},"end":{"line":43,"column":null}},"type":"binary-expr","locations":[{"start":{"line":17,"column":7},"end":{"line":17,"column":27}},{"start":{"line":17,"column":31},"end":{"line":17,"column":47}},{"start":{"line":17,"column":51},"end":{"line":17,"column":71}},{"start":{"line":18,"column":8},"end":{"line":42,"column":null}}]}},"s":{"0":0,"1":0,"2":0,"3":0,"4":0},"f":{"0":0},"b":{"0":[0,0,0,0]}}
,"/workspace/src/components/ScrollProgressBar.tsx": {"path":"/workspace/src/components/ScrollProgressBar.tsx","statementMap":{"0":{"start":{"line":1,"column":0},"end":{"line":1,"column":26}},"1":{"start":{"line":2,"column":0},"end":{"line":2,"column":56}},"2":{"start":{"line":13,"column":60},"end":{"line":73,"column":1}},"3":{"start":{"line":21,"column":2},"end":{"line":72,"column":4}},"4":{"start":{"line":75,"column":0},"end":{"line":75,"column":33}}},"fnMap":{"0":{"name":"(anonymous_1)","decl":{"start":{"line":13,"column":60},"end":{"line":13,"column":61}},"loc":{"start":{"line":20,"column":5},"end":{"line":73,"column":1}}}},"branchMap":{"0":{"loc":{"start":{"line":19,"column":2},"end":{"line":19,"column":27}},"type":"default-arg","locations":[{"start":{"line":19,"column":26},"end":{"line":19,"column":27}}]},"1":{"loc":{"start":{"line":25,"column":9},"end":{"line":47,"column":null}},"type":"binary-expr","locations":[{"start":{"line":25,"column":9},"end":{"line":25,"column":27}},{"start":{"line":25,"column":31},"end":{"line":25,"column":47}},{"start":{"line":26,"column":10},"end":{"line":46,"column":null}}]},"2":{"loc":{"start":{"line":34,"column":17},"end":{"line":34,"column":85}},"type":"cond-expr","locations":[{"start":{"line":34,"column":36},"end":{"line":34,"column":61}},{"start":{"line":34,"column":64},"end":{"line":34,"column":85}}]},"3":{"loc":{"start":{"line":61,"column":9},"end":{"line":68,"column":null}},"type":"binary-expr","locations":[{"start":{"line":61,"column":9},"end":{"line":61,"column":25}},{"start":{"line":61,"column":29},"end":{"line":61,"column":54}},{"start":{"line":62,"column":10},"end":{"line":67,"column":null}}]}},"s":{"0":0,"1":0,"2":0,"3":0,"4":0},"f":{"0":0},"b":{"0":[0],"1":[0,0,0],"2":[0,0],"3":[0,0,0]}}
,"/workspace/src/components/SectionContent.tsx": {"path":"/workspace/src/components/SectionContent.tsx","statementMap":{"0":{"start":{"line":1,"column":0},"end":{"line":1,"column":42}},"1":{"start":{"line":2,"column":0},"end":{"line":2,"column":39}},"2":{"start":{"line":17,"column":54},"end":{"line":58,"column":1}},"3":{"start":{"line":24,"column":2},"end":{"line":57,"column":4}},"4":{"start":{"line":31,"column":10},"end":{"line":52,"column":null}},"5":{"start":{"line":34,"column":14},"end":{"line":34,"column":54}},"6":{"start":{"line":34,"column":22},"end":{"line":34,"column":54}},"7":{"start":{"line":60,"column":0},"end":{"line":60,"column":30}}},"fnMap":{"0":{"name":"(anonymous_1)","decl":{"start":{"line":17,"column":54},"end":{"line":17,"column":55}},"loc":{"start":{"line":23,"column":5},"end":{"line":58,"column":1}}},"1":{"name":"(anonymous_2)","decl":{"start":{"line":30,"column":22},"end":{"line":30,"column":23}},"loc":{"start":{"line":31,"column":10},"end":{"line":52,"column":null}}},"2":{"name":"(anonymous_3)","decl":{"start":{"line":33,"column":17},"end":{"line":33,"column":19}},"loc":{"start":{"line":33,"column":22},"end":{"line":35,"column":13}}}},"branchMap":{"0":{"loc":{"start":{"line":34,"column":14},"end":{"line":34,"column":54}},"type":"if","locations":[{"start":{"line":34,"column":14},"end":{"line":34,"column":54}},{"start":{},"end":{}}]},"1":{"loc":{"start":{"line":38,"column":23},"end":{"line":38,"column":55}},"type":"cond-expr","locations":[{"start":{"line":38,"column":50},"end":{"line":38,"column":51}},{"start":{"line":38,"column":54},"end":{"line":38,"column":55}}]},"2":{"loc":{"start":{"line":39,"column":17},"end":{"line":40,"column":52}},"type":"cond-expr","locations":[{"start":{"line":39,"column":44},"end":{"line":39,"column":45}},{"start":{"line":40,"column":17},"end":{"line":40,"column":52}}]},"3":{"loc":{"start":{"line":40,"column":17},"end":{"line":40,"column":52}},"type":"cond-expr","locations":[{"start":{"line":40,"column":42},"end":{"line":40,"column":45}},{"start":{"line":40,"column":48},"end":{"line":40,"column":52}}]},"4":{"loc":{"start":{"line":41,"column":22},"end":{"line":41,"column":75}},"type":"cond-expr","locations":[{"start":{"line":41,"column":49},"end":{"line":41,"column":60}},{"start":{"line":41,"column":63},"end":{"line":41,"column":75}}]},"5":{"loc":{"start":{"line":42,"column":21},"end":{"line":42,"column":56}},"type":"cond-expr","locations":[{"start":{"line":42,"column":48},"end":{"line":42,"column":49}},{"start":{"line":42,"column":52},"end":{"line":42,"column":56}}]},"6":{"loc":{"start":{"line":49,"column":14},"end":{"line":49,"column":null}},"type":"cond-expr","locations":[{"start":{"line":49,"column":41},"end":{"line":49,"column":48}},{"start":{"line":49,"column":51},"end":{"line":49,"column":null}}]}},"s":{"0":0,"1":0,"2":0,"3":0,"4":0,"5":0,"6":0,"7":0},"f":{"0":0,"1":0,"2":0},"b":{"0":[0,0],"1":[0,0],"2":[0,0],"3":[0,0],"4":[0,0],"5":[0,0],"6":[0,0]}}
,"/workspace/src/components/SectionNavigator.tsx": {"path":"/workspace/src/components/SectionNavigator.tsx","statementMap":{"0":{"start":{"line":1,"column":0},"end":{"line":1,"column":26}},"1":{"start":{"line":2,"column":0},"end":{"line":2,"column":56}},"2":{"start":{"line":17,"column":58},"end":{"line":73,"column":1}},"3":{"start":{"line":24,"column":2},"end":{"line":72,"column":4}},"4":{"start":{"line":29,"column":10},"end":{"line":41,"column":null}},"5":{"start":{"line":31,"column":27},"end":{"line":31,"column":49}},"6":{"start":{"line":75,"column":0},"end":{"line":75,"column":32}}},"fnMap":{"0":{"name":"(anonymous_1)","decl":{"start":{"line":17,"column":58},"end":{"line":17,"column":59}},"loc":{"start":{"line":23,"column":5},"end":{"line":73,"column":1}}},"1":{"name":"(anonymous_2)","decl":{"start":{"line":28,"column":22},"end":{"line":28,"column":23}},"loc":{"start":{"line":29,"column":10},"end":{"line":41,"column":null}}},"2":{"name":"(anonymous_3)","decl":{"start":{"line":31,"column":21},"end":{"line":31,"column":24}},"loc":{"start":{"line":31,"column":27},"end":{"line":31,"column":49}}}},"branchMap":{"0":{"loc":{"start":{"line":34,"column":14},"end":{"line":34,"column":null}},"type":"cond-expr","locations":[{"start":{"line":34,"column":41},"end":{"line":34,"column":63}},{"start":{"line":34,"column":66},"end":{"line":34,"column":null}}]},"1":{"loc":{"start":{"line":36,"column":45},"end":{"line":36,"column":112}},"type":"cond-expr","locations":[{"start":{"line":36,"column":92},"end":{"line":36,"column":107}},{"start":{"line":36,"column":110},"end":{"line":36,"column":112}}]},"2":{"loc":{"start":{"line":36,"column":45},"end":{"line":36,"column":89}},"type":"binary-expr","locations":[{"start":{"line":36,"column":45},"end":{"line":36,"column":69}},{"start":{"line":36,"column":73},"end":{"line":36,"column":89}}]},"3":{"loc":{"start":{"line":39,"column":13},"end":{"line":40,"column":null}},"type":"binary-expr","locations":[{"start":{"line":39,"column":13},"end":{"line":39,"column":37}},{"start":{"line":39,"column":41},"end":{"line":39,"column":57}},{"start":{"line":40,"column":14},"end":{"line":40,"column":70}}]},"4":{"loc":{"start":{"line":48,"column":9},"end":{"line":68,"column":null}},"type":"binary-expr","locations":[{"start":{"line":48,"column":9},"end":{"line":48,"column":24}},{"start":{"line":49,"column":10},"end":{"line":67,"column":null}}]},"5":{"loc":{"start":{"line":62,"column":15},"end":{"line":65,"column":null}},"type":"binary-expr","locations":[{"start":{"line":62,"column":15},"end":{"line":62,"column":31}},{"start":{"line":63,"column":16},"end":{"line":63,"column":null}}]}},"s":{"0":0,"1":0,"2":0,"3":0,"4":0,"5":0,"6":0},"f":{"0":0,"1":0,"2":0},"b":{"0":[0,0],"1":[0,0],"2":[0,0],"3":[0,0,0],"4":[0,0],"5":[0,0]}}
,"/workspace/src/components/Timeline.tsx": {"path":"/workspace/src/components/Timeline.tsx","statementMap":{"0":{"start":{"line":28,"column":0},"end":{"line":28,"column":24}},"1":{"start":{"line":1,"column":0},"end":{"line":1,"column":51}},"2":{"start":{"line":2,"column":0},"end":{"line":2,"column":56}},"3":{"start":{"line":3,"column":0},"end":{"line":3,"column":74}},"4":{"start":{"line":4,"column":0},"end":{"line":4,"column":44}},"5":{"start":{"line":5,"column":0},"end":{"line":5,"column":49}},"6":{"start":{"line":20,"column":20},"end":{"line":26,"column":2}},"7":{"start":{"line":29,"column":43},"end":{"line":29,"column":65}},"8":{"start":{"line":30,"column":46},"end":{"line":30,"column":75}},"9":{"start":{"line":31,"column":44},"end":{"line":31,"column":80}},"10":{"start":{"line":32,"column":54},"end":{"line":32,"column":83}},"11":{"start":{"line":33,"column":36},"end":{"line":33,"column":51}},"12":{"start":{"line":36,"column":2},"end":{"line":162,"column":30}},"13":{"start":{"line":37,"column":4},"end":{"line":37,"column":89}},"14":{"start":{"line":38,"column":4},"end":{"line":38,"column":64}},"15":{"start":{"line":39,"column":4},"end":{"line":39,"column":112}},"16":{"start":{"line":39,"column":75},"end":{"line":39,"column":102}},"17":{"start":{"line":42,"column":4},"end":{"line":82,"column":5}},"18":{"start":{"line":43,"column":30},"end":{"line":76,"column":10}},"19":{"start":{"line":44,"column":24},"end":{"line":44,"column":51}},"20":{"start":{"line":47,"column":10},"end":{"line":50,"column":11}},"21":{"start":{"line":48,"column":12},"end":{"line":48,"column":67}},"22":{"start":{"line":49,"column":12},"end":{"line":49,"column":24}},"23":{"start":{"line":52,"column":10},"end":{"line":63,"column":12}},"24":{"start":{"line":65,"column":25},"end":{"line":65,"column":39}},"25":{"start":{"line":67,"column":26},"end":{"line":74,"column":11}},"26":{"start":{"line":68,"column":12},"end":{"line":71,"column":13}},"27":{"start":{"line":69,"column":14},"end":{"line":69,"column":73}},"28":{"start":{"line":70,"column":14},"end":{"line":70,"column":23}},"29":{"start":{"line":72,"column":26},"end":{"line":72,"column":50}},"30":{"start":{"line":73,"column":12},"end":{"line":73,"column":50}},"31":{"start":{"line":75,"column":10},"end":{"line":75,"column":51}},"32":{"start":{"line":78,"column":6},"end":{"line":81,"column":7}},"33":{"start":{"line":79,"column":8},"end":{"line":79,"column":43}},"34":{"start":{"line":80,"column":8},"end":{"line":80,"column":15}},"35":{"start":{"line":85,"column":43},"end":{"line":158,"column":6}},"36":{"start":{"line":161,"column":4},"end":{"line":161,"column":37}},"37":{"start":{"line":165,"column":2},"end":{"line":174,"column":18}},"38":{"start":{"line":166,"column":25},"end":{"line":170,"column":5}},"39":{"start":{"line":167,"column":6},"end":{"line":169,"column":7}},"40":{"start":{"line":168,"column":8},"end":{"line":168,"column":27}},"41":{"start":{"line":172,"column":4},"end":{"line":172,"column":55}},"42":{"start":{"line":173,"column":4},"end":{"line":173,"column":71}},"43":{"start":{"line":173,"column":17},"end":{"line":173,"column":70}},"44":{"start":{"line":176,"column":27},"end":{"line":179,"column":3}},"45":{"start":{"line":177,"column":23},"end":{"line":177,"column":70}},"46":{"start":{"line":177,"column":47},"end":{"line":177,"column":69}},"47":{"start":{"line":178,"column":4},"end":{"line":178,"column":56}},"48":{"start":{"line":181,"column":27},"end":{"line":186,"column":3}},"49":{"start":{"line":182,"column":4},"end":{"line":182,"column":73}},"50":{"start":{"line":183,"column":4},"end":{"line":183,"column":28}},"51":{"start":{"line":184,"column":4},"end":{"line":184,"column":33}},"52":{"start":{"line":185,"column":4},"end":{"line":185,"column":23}},"53":{"start":{"line":188,"column":27},"end":{"line":193,"column":3}},"54":{"start":{"line":189,"column":4},"end":{"line":189,"column":42}},"55":{"start":{"line":190,"column":4},"end":{"line":190,"column":24}},"56":{"start":{"line":191,"column":4},"end":{"line":191,"column":27}},"57":{"start":{"line":192,"column":4},"end":{"line":192,"column":32}},"58":{"start":{"line":195,"column":26},"end":{"line":202,"column":3}},"59":{"start":{"line":196,"column":4},"end":{"line":201,"column":5}},"60":{"start":{"line":197,"column":24},"end":{"line":197,"column":46}},"61":{"start":{"line":198,"column":24},"end":{"line":198,"column":49}},"62":{"start":{"line":199,"column":6},"end":{"line":199,"column":34}},"63":{"start":{"line":200,"column":6},"end":{"line":200,"column":39}},"64":{"start":{"line":204,"column":26},"end":{"line":211,"column":3}},"65":{"start":{"line":205,"column":4},"end":{"line":210,"column":5}},"66":{"start":{"line":206,"column":24},"end":{"line":206,"column":46}},"67":{"start":{"line":207,"column":24},"end":{"line":207,"column":49}},"68":{"start":{"line":208,"column":6},"end":{"line":208,"column":34}},"69":{"start":{"line":209,"column":6},"end":{"line":209,"column":39}},"70":{"start":{"line":213,"column":2},"end":{"line":383,"column":4}},"71":{"start":{"line":267,"column":36},"end":{"line":267,"column":64}},"72":{"start":{"line":269,"column":14},"end":{"line":313,"column":16}},"73":{"start":{"line":284,"column":37},"end":{"line":284,"column":67}},"74":{"start":{"line":298,"column":40},"end":{"line":298,"column":70}}},"fnMap":{"0":{"name":"Timeline","decl":{"start":{"line":28,"column":24},"end":{"line":28,"column":32}},"loc":{"start":{"line":28,"column":32},"end":{"line":384,"column":1}}},"1":{"name":"(anonymous_11)","decl":{"start":{"line":36,"column":12},"end":{"line":36,"column":15}},"loc":{"start":{"line":36,"column":17},"end":{"line":162,"column":3}}},"2":{"name":"(anonymous_12)","decl":{"start":{"line":39,"column":67},"end":{"line":39,"column":71}},"loc":{"start":{"line":39,"column":75},"end":{"line":39,"column":102}}},"3":{"name":"(anonymous_13)","decl":{"start":{"line":44,"column":16},"end":{"line":44,"column":20}},"loc":{"start":{"line":44,"column":24},"end":{"line":44,"column":51}}},"4":{"name":"(anonymous_14)","decl":{"start":{"line":45,"column":13},"end":{"line":45,"column":14}},"loc":{"start":{"line":45,"column":29},"end":{"line":64,"column":9}}},"5":{"name":"(anonymous_15)","decl":{"
[...]
":{"line":795,"column":18},"end":{"line":797,"column":null}}}},"branchMap":{"0":{"loc":{"start":{"line":446,"column":4},"end":{"line":451,"column":5}},"type":"if","locations":[{"start":{"line":446,"column":4},"end":{"line":451,"column":5}},{"start":{"line":448,"column":11},"end":{"line":451,"column":5}}]},"1":{"loc":{"start":{"line":446,"column":8},"end":{"line":446,"column":37}},"type":"binary-expr","locations":[{"start":{"line":446,"column":8},"end":{"line":446,"column":14}},{"start":{"line":446,"column":18},"end":{"line":446,"column":37}}]},"2":{"loc":{"start":{"line":455,"column":4},"end":{"line":459,"column":5}},"type":"if","locations":[{"start":{"line":455,"column":4},"end":{"line":459,"column":5}},{"start":{"line":457,"column":11},"end":{"line":459,"column":5}}]},"3":{"loc":{"start":{"line":466,"column":4},"end":{"line":470,"column":5}},"type":"if","locations":[{"start":{"line":466,"column":4},"end":{"line":470,"column":5}},{"start":{"line":468,"column":11},"end":{"line":470,"column":5}}]},"4":{"loc":{"start":{"line":476,"column":22},"end":{"line":476,"column":80}},"type":"cond-expr","locations":[{"start":{"line":476,"column":43},"end":{"line":476,"column":61}},{"start":{"line":476,"column":64},"end":{"line":476,"column":80}}]},"5":{"loc":{"start":{"line":477,"column":4},"end":{"line":481,"column":5}},"type":"if","locations":[{"start":{"line":477,"column":4},"end":{"line":481,"column":5}},{"start":{"line":479,"column":11},"end":{"line":481,"column":5}}]},"6":{"loc":{"start":{"line":484,"column":2},"end":{"line":495,"column":3}},"type":"if","locations":[{"start":{"line":484,"column":2},"end":{"line":495,"column":3}},{"start":{},"end":{}}]},"7":{"loc":{"start":{"line":508,"column":15},"end":{"line":508,"column":57}},"type":"cond-expr","locations":[{"start":{"line":508,"column":29},"end":{"line":508,"column":48}},{"start":{"line":508,"column":51},"end":{"line":508,"column":57}}]},"8":{"loc":{"start":{"line":526,"column":15},"end":{"line":532,"column":null}},"type":"binary-expr","locations":[{"start":{"line":526,"column":15},"end":{"line":526,"column":26}},{"start":{"line":527,"column":16},"end":{"line":531,"column":null}}]},"9":{"loc":{"start":{"line":698,"column":19},"end":{"line":699,"column":null}},"type":"binary-expr","locations":[{"start":{"line":698,"column":19},"end":{"line":698,"column":61}},{"start":{"line":699,"column":20},"end":{"line":699,"column":130}}]}},"s":{"0":0,"1":0,"2":0,"3":0,"4":0,"5":0,"6":0,"7":0,"8":0,"9":0,"10":0,"11":0,"12":0,"13":0,"14":0,"15":0,"16":0,"17":0,"18":0,"19":0,"20":0,"21":0,"22":0,"23":0,"24":0,"25":0,"26":0,"27":0,"28":0,"29":0,"30":0,"31":0,"32":0,"33":0,"34":0,"35":0,"36":0,"37":0,"38":0,"39":0,"40":0,"41":0,"42":0,"43":0,"44":0,"45":0},"f":{"0":0,"1":0,"2":0,"3":0,"4":0,"5":0,"6":0,"7":0,"8":0,"9":0,"10":0,"11":0,"12":0,"13":0},"b":{"0":[0,0],"1":[0,0],"2":[0,0],"3":[0,0],"4":[0,0],"5":[0,0],"6":[0,0],"7":[0,0],"8":[0,0],"9":[0,0]}}
,"/workspace/src/pages/ExperimentDetail.tsx": {"path":"/workspace/src/pages/ExperimentDetail.tsx","statementMap":{"0":{"start":{"line":68,"column":0},"end":{"line":68,"column":24}},"1":{"start":{"line":1,"column":0},"end":{"line":1,"column":51}},"2":{"start":{"line":2,"column":0},"end":{"line":2,"column":64}},"3":{"start":{"line":3,"column":0},"end":{"line":3,"column":56}},"4":{"start":{"line":4,"column":0},"end":{"line":4,"column":null}},"5":{"start":{"line":69,"column":27},"end":{"line":69,"column":64}},"6":{"start":{"line":70,"column":19},"end":{"line":70,"column":32}},"7":{"start":{"line":71,"column":38},"end":{"line":71,"column":75}},"8":{"start":{"line":74,"column":20},"end":{"line":74,"column":63}},"9":{"start":{"line":75,"column":22},"end":{"line":75,"column":55}},"10":{"start":{"line":78,"column":54},"end":{"line":400,"column":4}},"11":{"start":{"line":402,"column":2},"end":{"line":409,"column":31}},"12":{"start":{"line":403,"column":4},"end":{"line":408,"column":5}},"13":{"start":{"line":404,"column":6},"end":{"line":404,"column":47}},"14":{"start":{"line":407,"column":6},"end":{"line":407,"column":20}},"15":{"start":{"line":411,"column":22},"end":{"line":417,"column":3}},"16":{"start":{"line":412,"column":4},"end":{"line":416,"column":5}},"17":{"start":{"line":413,"column":6},"end":{"line":413,"column":32}},"18":{"start":{"line":415,"column":6},"end":{"line":415,"column":19}},"19":{"start":{"line":419,"column":25},"end":{"line":428,"column":3}},"20":{"start":{"line":420,"column":26},"end":{"line":420,"column":50}},"21":{"start":{"line":421,"column":25},"end":{"line":421,"column":61}},"22":{"start":{"line":422,"column":22},"end":{"line":422,"column":63}},"23":{"start":{"line":423,"column":4},"end":{"line":427,"column":5}},"24":{"start":{"line":424,"column":6},"end":{"line":424,"column":82}},"25":{"start":{"line":426,"column":6},"end":{"line":426,"column":58}},"26":{"start":{"line":430,"column":25},"end":{"line":439,"column":3}},"27":{"start":{"line":431,"column":26},"end":{"line":431,"column":50}},"28":{"start":{"line":432,"column":25},"end":{"line":432,"column":61}},"29":{"start":{"line":433,"column":22},"end":{"line":433,"column":86}},"30":{"start":{"line":434,"column":4},"end":{"line":438,"column":5}},"31":{"start":{"line":435,"column":6},"end":{"line":435,"column":82}},"32":{"start":{"line":437,"column":6},"end":{"line":437,"column":58}},"33":{"start":{"line":441,"column":27},"end":{"line":451,"column":3}},"34":{"start":{"line":442,"column":39},"end":{"line":449,"column":6}},"35":{"start":{"line":450,"column":4},"end":{"line":450,"column":44}},"36":{"start":{"line":453,"column":2},"end":{"line":464,"column":3}},"37":{"start":{"line":454,"column":4},"end":{"line":463,"column":6}},"38":{"start":{"line":466,"column":24},"end":{"line":466,"column":57}},"39":{"start":{"line":469,"column":4},"end":{"line":813,"column":null}},"40":{"start":{"line":594,"column":14},"end":{"line":598,"column":null}},"41":{"start":{"line":641,"column":16},"end":{"line":643,"column":null}},"42":{"start":{"line":663,"column":16},"end":{"line":668,"column":null}},"43":{"start":{"line":688,"column":16},"end":{"line":707,"column":null}},"44":{"start":{"line":695,"column":24},"end":{"line":699,"column":null}},"45":{"start":{"line":730,"column":16},"end":{"line":733,"column":null}},"46":{"start":{"line":757,"column":18},"end":{"line":759,"column":null}},"47":{"start":{"line":774,"column":18},"end":{"line":776,"column":null}},"48":{"start":{"line":817,"column":2},"end":{"line":817,"column":17}}},"fnMap":{"0":{"name":"ExperimentDetail","decl":{"start":{"line":68,"column":24},"end":{"line":68,"column":40}},"loc":{"start":{"line":68,"column":40},"end":{"line":818,"column":1}}},"1":{"name":"(anonymous_10)","decl":{"start":{"line":402,"column":12},"end":{"line":402,"column":15}},"loc":{"start":{"line":402,"column":17},"end":{"line":409,"column":3}}},"2":{"name":"(anonymous_11)","decl":{"start":{"line":411,"column":22},"end":{"line":411,"column":25}},"loc":{"start":{"line":411,"column":27},"end":{"line":417,"column":3}}},"3":{"name":"(anonymous_12)","decl":{"start":{"line":419,"column":25},"end":{"line":419,"column":28}},"loc":{"start":{"line":419,"column":30},"end":{"line":428,"column":3}}},"4":{"name":"(anonymous_13)","decl":{"start":{"line":430,"column":25},"end":{"line":430,"column":28}},"loc":{"start":{"line":430,"column":30},"end":{"line":439,"column":3}}},"5":{"name":"(anonymous_14)","decl":{"start":{"line":441,"column":27},"end":{"line":441,"column":28}},"loc":{"start":{"line":441,"column":48},"end":{"line":451,"column":3}}},"6":{"name":"(anonymous_15)","decl":{"start":{"line":593,"column":33},"end":{"line":593,"column":34}},"loc":{"start":{"line":594,"column":14},"end":{"line":598,"column":null}}},"7":{"name":"(anonymous_16)","decl":{"start":{"line":640,"column":50},"end":{"line":640,"column":51}},"loc":{"start":{"line":641,"column":16},"end":{"line":643,"column":null}}},"8":{"name":"(anonymous_17)","decl":{"start":{"line":662,"column":42},"end":{"line":662,"column":43}},"loc":{"start":{"line":663,"column":16},"end":{"line":668,"column":null}}},"9":{"name":"(anonymous_18)","decl":{"start":{"line":687,"column":43},"end":{"line":687,"column":44}},"loc":{"start":{"line":688,"column":16},"end":{"line":707,"column":null}}},"10":{"name":"(anonymous_19)","decl":{"start":{"line":694,"column":42},"end":{"line":694,"column":43}},"loc":{"start":{"line":695,"column":24},"end":{"line":699,"column":null}}},"11":{"name":"(anonymous_20)","decl":{"start":{"line":729,"column":38},"end":{"line":729,"column":39}},"loc":{"start":{"line":730,"column":16},"end":{"line":733,"column":null}}},"12":{"name":"(anonymous_21)","decl":{"start":{"line":756,"column":42},"end":{"line":756,"column":43}},"loc":{"start":{"line":757,"column":18},"end":{"line":759,"column":null}}},"13":{"name":"(anonymous_22)","decl":{"start":{"line":773,"column":43},"end":{"line":773,"column":44}},"loc":{"start":{"line":774,"column":18},"end":{"line":776,"column":null}}}},"branchMap":{"0":{"loc":{"start":{"line":403,"column":4},"end":{"line":408,"column":5}},"type":"if","locations":[{"start":{"line":403,"column":4},"end":{"line":408,"column":5}},{"start":{"line":405,"column":11},"end":{"line":408,"column":5}}]},"1":{"loc":{"start":{"line":403,"column":8},"end":{"line":403,"column":49}},"type":"binary-expr","locations":[{"start":{"line":403,"column":8},"end":{"line":403,"column":20}},{"start":{"line":403,"column":24},"end":{"line":403,"column":49}}]},"2":{"loc":{"start":{"line":412,"column":4},"end":{"line":416,"column":5}},"type":"if","locations":[{"start":{"line":412,"column":4},"end":{"line":416,"column":5}},{"start":{"line":414,"column":11},"end":{"line":416,"column":5}}]},"3":{"loc":{"start":{"line":423,"column":4},"end":{"line":427,"column":5}},"type":"if","locations":[{"start":{"line":423,"column":4},"end":{"line":427,"column":5}},{"start":{"line":425,"column":11},"end":{"line":427,"column":5}}]},"4":{"loc":{"start":{"line":433,"column":22},"end":{"line":433,"column":86}},"type":"cond-expr","locations":[{"start":{"line":433,"column":43},"end":{"line":433,"column":67}},{"start":{"line":433,"column":70},"end":{"line":433,"column":86}}]},"5":{"loc":{"start":{"line":434,"column":4},"end":{"line":438,"column":5}},"type":"if","locations":[{"start":{"line":434,"column":4},"end":{"line":438,"column":5}},{"start":{"line":436,"column":11},"end":{"line":438,"column":5}}]},"6":{"loc":{"start":{"line":450,"column":11},"end":{"line":450,"column":43}},"type":"binary-expr","locations":[{"start":{"line":450,"column":11},"end":{"line":450,"column":26}},{"start":{"line":450,"column":30},"end":{"line":450,"column":43}}]},"7":{"loc":{"start":{"line":453,"column":2},"end":{"line":464,"column":3}},"type":"if","locations":[{"start":{"line":453,"column":2},"end":{"line":464,"column":3}},{"start":{},"end":{}}]},"8":{"loc":{"start":{"line":479,"column":15},"end":{"line":479,"column":59}},"type":"cond-expr","locations":[{"start":{"line":479,"column":29},"end":{"line":479,"column":50}},{"start":{"line":479,"column":53},"end":{"line":479,"column":59}}]},"9":{"loc":{"start":{"line":497,"column":15},"end":{"line":503,"column":null}},"type":"binary-expr","locations":[{"start":{"line":497,"column":15},"end":{"line":497,"column":26}},{"start":{"line":498,"column":16},"end":{"line":502,"column":null}}]},"10":{"loc":{"start":{"line":561,"column":15},"end":{"line":570,"column":null}},"type":"binary-expr","locations":[{"start":{"line":561,"column":15},"end":{"line":561,"column":36}},{"start":{"line":562,"column":16},"end":{"line":570,"column":null}}]},"11":{"loc":{"start":{"line":572,"column":15},"end":{"line":581,"column":null}},"type":"binary-expr","locations":[{"start":{"line":572,"column":15},"end":{"line":572,"column":38}},{"start":{"line":573,"column":16},"end":{"line":581,"column":null}}]},"12":{"loc":{"start":{"line":705,"column":19},"end":{"line":706,"column":null}},"type":"binary-expr","locations":[{"start":{"line":705,"column":19},"end":{"line":705,"column":61}},{"start":{"line":706,"column":20},"end":{"line":706,"column":130}}]}},"s":{"0":0,"1":0,"2":0,"3":0,"4":0,"5":0,"6":0,"7":0,"8":0,"9":0,"10":0,"11":0,"12":0,"13":0,"14":0,"15":0,"16":0,"17":0,"18":0,"19":0,"20":0,"21":0,"22":0,"23":0,"24":0,"25":0,"26":0,"27":0,"28":0,"29":0,"30":0,"31":0,"32":0,"33":0,"34":0,"35":0,"36":0,"37":0,"38":0,"39":0,"40":0,"41":0,"42":0,"43":0,"44":0,"45":0,"46":0,"47":0,"48":0},"f":{"0":0,"1":0,"2":0,"3":0,"4":0,"5":0,"6":0,"7":0,"8":0,"9":0,"10":0,"11":0,"12":0,"13":0},"b":{"0":[0,0],"1":[0,0],"2":[0,0],"3":[0,0],"4":[0,0],"5":[0,0],"6":[0,0],"7":[0,0],"8":[0,0],"9":[0,0],"10":[0,0],"11":[0,0],"12":[0,0]}}
,"/workspace/src/utils/validation.ts": {"path":"/workspace/src/utils/validation.ts","statementMap":{"0":{"start":{"line":3,"column":29},"end":{"line":13,"column":1}},"1":{"start":{"line":5,"column":2},"end":{"line":12,"column":12}},"2":{"start":{"line":3,"column":13},"end":{"line":3,"column":29}},"3":{"start":{"line":15,"column":29},"end":{"line":18,"column":1}},"4":{"start":{"line":16,"column":21},"end":{"line":16,"column":49}},"5":{"start":{"line":17,"column":2},"end":{"line":17,"column":32}},"6":{"start":{"line":15,"column":13},"end":{"line":15,"column":29}},"7":{"start":{"line":20,"column":27},"end":{"line":27,"column":1}},"8":{"start":{"line":21,"column":2},"end":{"line":26,"column":3}},"9":{"start":{"line":22,"column":19},"end":{"line":22,"column":31}},"10":{"start":{"line":23,"column":4},"end":{"line":23,"column":57}},"11":{"start":{"line":25,"column":4},"end":{"line":25,"column":17}},"12":{"start":{"line":20,"column":13},"end":{"line":20,"column":27}},"13":{"start":{"line":29,"column":28},"end":{"line":32,"column":1}},"14":{"start":{"line":30,"column":20},"end":{"line":30,"column":39}},"15":{"start":{"line":31,"column":2},"end":{"line":31,"column":57}},"16":{"start":{"line":29,"column":13},"end":{"line":29,"column":28}},"17":{"start":{"line":34,"column":31},"end":{"line":37,"column":1}},"18":{"start":{"line":35,"column":20},"end":{"line":35,"column":42}},"19":{"start":{"line":36,"column":2},"end":{"line":36,"column":59}},"20":{"start":{"line":34,"column":13},"end":{"line":34,"column":31}},"21":{"start":{"line":39,"column":32},"end":{"line":42,"column":1}},"22":{"start":{"line":40,"column":20},"end":{"line":40,"column":43}},"23":{"start":{"line":41,"column":2},"end":{"line":41,"column":33}},"24":{"start":{"line":39,"column":13},"end":{"line":39,"column":32}},"25":{"start":{"line":49,"column":38},"end":{"line":91,"column":1}},"26":{"start":{"line":56,"column":27},"end":{"line":56,"column":29}},"27":{"start":{"line":59,"column":2},"end":{"line":63,"column":3}},"28":{"start":{"line":60,"column":4},"end":{"line":60,"column":36}},"29":{"start":{"line":61,"column":9},"end":{"line":63,"column":3}},"30":{"start":{"line":62,"column":4},"end":{"line":62,"column":60}},"31":{"start":{"line":66,"column":2},"end":{"line":68,"column":3}},"32":{"start":{"line":67,"column":4},"end":{"line":67,"column":40}},"33":{"start":{"line":71,"column":2},"end":{"line":73,"column":3}},"34":{"start":{"line":72,"column":4},"end":{"line":72,"column":77}},"35":{"start":{"line":76,"column":2},"end":{"line":78,"column":3}},"36":{"start":{"line":77,"column":4},"end":{"line":77,"column":61}},"37":{"start":{"line":81,"column":2},"end":{"line":85,"column":3}},"38":{"start":{"line":82,"column":4},"end":{"line":82,"column":39}},"39":{"start":{"line":83,"column":9},"end":{"line":85,"column":3}},"40":{"start":{"line":84,"column":4},"end":{"line":84,"column":65}},"41":{"start":{"line":87,"column":2},"end":{"line":90,"column":4}},"42":{"start":{"line":49,"column":13},"end":{"line":49,"column":38}}},"fnMap":{"0":{"name":"(anonymous_0)","decl":{"start":{"line":3,"column":29},"end":{"line":3,"column":30}},"loc":{"start":{"line":3,"column":55},"end":{"line":13,"column":1}}},"1":{"name":"(anonymous_1)","decl":{"start":{"line":15,"column":29},"end":{"line":15,"column":30}},"loc":{"start":{"line":15,"column":56},"end":{"line":18,"column":1}}},"2":{"name":"(anonymous_2)","decl":{"start":{"line":20,"column":27},"end":{"line":20,"column":28}},"loc":{"start":{"line":20,"column":52},"end":{"line":27,"column":1}}},"3":{"name":"(anonymous_3)","decl":{"start":{"line":29,"column":28},"end":{"line":29,"column":29}},"loc":{"start":{"line":29,"column":54},"end":{"line":32,"column":1}}},"4":{"name":"(anonymous_4)","decl":{"start":{"line":34,"column":31},"end":{"line":34,"column":32}},"loc":{"start":{"line":34,"column":60},"end":{"line":37,"column":1}}},"5":{"name":"(anonymous_5)","decl":{"start":{"line":39,"column":32},"end":{"line":39,"column":33}},"loc":{"start":{"line":39,"column":62},"end":{"line":42,"column":1}}},"6":{"name":"(anonymous_6)","decl":{"start":{"line":49,"column":38},"end":{"line":49,"column":39}},"loc":{"start":{"line":55,"column":23},"end":{"line":91,"column":1}}}},"branchMap":{"0":{"loc":{"start":{"line":31,"column":9},"end":{"line":31,"column":56}},"type":"binary-expr","locations":[{"start":{"line":31,"column":9},"end":{"line":31,"column":30}},{"start":{"line":31,"column":34},"end":{"line":31,"column":56}}]},"1":{"loc":{"start":{"line":36,"column":9},"end":{"line":36,"column":58}},"type":"binary-expr","locations":[{"start":{"line":36,"column":9},"end":{"line":36,"column":30}},{"start":{"line":36,"column":34},"end":{"line":36,"column":58}}]},"2":{"loc":{"start":{"line":59,"column":2},"end":{"line":63,"column":3}},"type":"if","locations":[{"start":{"line":59,"column":2},"end":{"line":63,"column":3}},{"start":{"line":61,"column":9},"end":{"line":63,"column":3}}]},"3":{"loc":{"start":{"line":61,"column":9},"end":{"line":63,"column":3}},"type":"if","locations":[{"start":{"line":61,"column":9},"end":{"line":63,"column":3}},{"start":{},"end":{}}]},"4":{"loc":{"start":{"line":66,"column":2},"end":{"line":68,"column":3}},"type":"if","locations":[{"start":{"line":66,"column":2},"end":{"line":68,"column":3}},{"start":{},"end":{}}]},"5":{"loc":{"start":{"line":66,"column":6},"end":{"line":66,"column":67}},"type":"binary-expr","locations":[{"start":{"line":66,"column":6},"end":{"line":66,"column":16}},{"start":{"line":66,"column":20},"end":{"line":66,"column":37}},{"start":{"line":66,"column":41},"end":{"line":66,"column":67}}]},"6":{"loc":{"start":{"line":71,"column":2},"end":{"line":73,"column":3}},"type":"if","locations":[{"start":{"line":71,"column":2},"end":{"line":73,"column":3}},{"start":{},"end":{}}]},"7":{"loc":{"start":{"line":71,"column":6},"end":{"line":71,"column":71}},"type":"binary-expr","locations":[{"start":{"line":71,"column":6},"end":{"line":71,"column":18}},{"start":{"line":71,"column":22},"end":{"line":71,"column":41}},{"start":{"line":71,"column":45},"end":{"line":71,"column":71}}]},"8":{"loc":{"start":{"line":76,"column":2},"end":{"line":78,"column":3}},"type":"if","locations":[{"start":{"line":76,"column":2},"end":{"line":78,"column":3}},{"start":{},"end":{}}]},"9":{"loc":{"start":{"line":76,"column":6},"end":{"line":76,"column":55}},"type":"binary-expr","locations":[{"start":{"line":76,"column":6},"end":{"line":76,"column":19}},{"start":{"line":76,"column":23},"end":{"line":76,"column":55}}]},"10":{"loc":{"start":{"line":81,"column":2},"end":{"line":85,"column":3}},"type":"if","locations":[{"start":{"line":81,"column":2},"end":{"line":85,"column":3}},{"start":{"line":83,"column":9},"end":{"line":85,"column":3}}]},"11":{"loc":{"start":{"line":83,"column":9},"end":{"line":85,"column":3}},"type":"if","locations":[{"start":{"line":83,"column":9},"end":{"line":85,"column":3}},{"start":{},"end":{}}]}},"s":{"0":0,"1":0,"2":0,"3":0,"4":0,"5":0,"6":0,"7":0,"8":0,"9":0,"10":0,"11":0,"12":0,"13":0,"14":0,"15":0,"16":0,"17":0,"18":0,"19":0,"20":0,"21":0,"22":0,"23":0,"24":0,"25":0,"26":0,"27":0,"28":0,"29":0,"30":0,"31":0,"32":0,"33":0,"34":0,"35":0,"36":0,"37":0,"38":0,"39":0,"40":0,"41":0,"42":0},"f":{"0":0,"1":0,"2":0,"3":0,"4":0,"5":0,"6":0},"b":{"0":[0,0],"1":[0,0],"2":[0,0],"3":[0,0],"4":[0,0],"5":[0,0,0],"6":[0,0],"7":[0,0,0],"8":[0,0],"9":[0,0],"10":[0,0],"11":[0,0]}}
}
