TN:
SF:src/components/AnalyticsDashboard.tsx
FN:55,AnalyticsDashboard
FN:61,(anonymous_17)
FN:61,(anonymous_18)
FN:82,(anonymous_19)
FN:88,(anonymous_20)
FN:107,(anonymous_21)
FN:257,(anonymous_22)
FN:276,(anonymous_23)
FN:301,(anonymous_24)
FN:302,(anonymous_25)
FN:361,MetricCard
FNF:11
FNH:0
FNDA:0,AnalyticsDashboard
FNDA:0,(anonymous_17)
FNDA:0,(anonymous_18)
FNDA:0,(anonymous_19)
FNDA:0,(anonymous_20)
FNDA:0,(anonymous_21)
FNDA:0,(anonymous_22)
FNDA:0,(anonymous_23)
FNDA:0,(anonymous_24)
FNDA:0,(anonymous_25)
FNDA:0,MetricCard
DA:1,0
DA:2,0
DA:3,0
DA:55,0
DA:56,0
DA:57,0
DA:58,0
DA:59,0
DA:61,0
DA:62,0
DA:63,0
DA:65,0
DA:66,0
DA:67,0
DA:68,0
DA:71,0
DA:72,0
DA:73,0
DA:75,0
DA:76,0
DA:78,0
DA:82,0
DA:83,0
DA:84,0
DA:87,0
DA:88,0
DA:92,0
DA:94,0
DA:107,0
DA:258,0
DA:277,0
DA:302,0
DA:303,0
DA:305,0
DA:362,0
LF:35
LH:0
BRDA:67,0,0,0
BRDA:67,0,1,0
BRDA:75,1,0,0
BRDA:75,1,1,0
BRDA:83,2,0,0
BRDA:83,2,1,0
BRDA:92,3,0,0
BRDA:92,3,1,0
BRDA:116,4,0,0
BRDA:116,4,1,0
BRDA:126,5,0,0
BRDA:126,5,1,0
BRDA:138,6,0,0
BRDA:138,6,1,0
BRDA:138,6,2,0
BRDA:147,7,0,0
BRDA:147,7,1,0
BRDA:154,8,0,0
BRDA:154,8,1,0
BRDA:210,9,0,0
BRDA:210,9,1,0
BRDA:303,10,0,0
BRDA:303,10,1,0
BRDA:312,11,0,0
BRDA:312,11,1,0
BRDA:370,12,0,0
BRDA:370,12,1,0
BRDA:375,13,0,0
BRDA:375,13,1,0
BRDA:376,14,0,0
BRDA:376,14,1,0
BRF:31
BRH:0
end_of_record
TN:
SF:src/components/AppLayout.tsx
FN:9,(anonymous_1)
FN:45,(anonymous_2)
FNF:2
FNH:0
FNDA:0,(anonymous_1)
FNDA:0,(anonymous_2)
DA:1,0
DA:2,0
DA:9,0
DA:10,0
DA:45,0
DA:70,0
LF:6
LH:0
BRDA:45,0,0,0
BRDA:45,0,1,0
BRDA:45,1,0,0
BRDA:45,1,1,0
BRF:4
BRH:0
end_of_record
TN:
SF:src/components/Contact.tsx
FN:7,Contact
FN:32,(anonymous_10)
FN:33,(anonymous_11)
FN:36,(anonymous_12)
FN:37,(anonymous_13)
FN:40,(anonymous_14)
FN:71,(anonymous_15)
FN:83,(anonymous_16)
FN:113,(anonymous_17)
FN:150,(anonymous_18)
FN:191,(anonymous_19)
FNF:11
FNH:0
FNDA:0,Contact
FNDA:0,(anonymous_10)
FNDA:0,(anonymous_11)
FNDA:0,(anonymous_12)
FNDA:0,(anonymous_13)
FNDA:0,(anonymous_14)
FNDA:0,(anonymous_15)
FNDA:0,(anonymous_16)
FNDA:0,(anonymous_17)
FNDA:0,(anonymous_18)
FNDA:0,(anonymous_19)
DA:1,0
DA:2,0
DA:3,0
DA:4,0
DA:5,0
DA:7,0
DA:8,0
DA:9,0
DA:12,0
DA:22,0
DA:23,0
DA:31,0
DA:32,0
DA:33,0
DA:35,0
DA:36,0
DA:37,0
DA:40,0
DA:42,0
DA:72,0
DA:84,0
DA:113,0
DA:151,0
DA:152,0
DA:191,0
LF:25
LH:0
BRDA:22,0,0,0
BRDA:22,0,1,0
BRDA:119,1,0,0
BRDA:119,1,1,0
BRDA:149,2,0,0
BRDA:149,2,1,0
BRDA:151,3,0,0
BRDA:151,3,1,0
BRDA:156,4,0,0
BRDA:156,4,1,0
BRDA:157,5,0,0
BRDA:157,5,1,0
BRF:12
BRH:0
end_of_record
TN:
SF:src/components/ErrorBoundary.tsx
FN:15,(anonymous_9)
FN:66,(anonymous_10)
FN:71,(anonymous_11)
FN:22,(anonymous_12)
FN:26,(anonymous_13)
FN:55,(anonymous_14)
FN:76,(anonymous_15)
FNF:7
FNH:0
FNDA:0,(anonymous_9)
FNDA:0,(anonymous_10)
FNDA:0,(anonymous_11)
FNDA:0,(anonymous_12)
FNDA:0,(anonymous_13)
FNDA:0,(anonymous_14)
FNDA:0,(anonymous_15)
DA:1,0
DA:2,0
DA:3,0
DA:15,0
DA:16,0
DA:23,0
DA:27,0
DA:28,0
DA:29,0
DA:30,0
DA:33,0
DA:47,0
DA:48,0
DA:51,0
DA:55,0
DA:57,0
DA:60,0
DA:66,0
DA:67,0
DA:68,0
DA:71,0
DA:72,0
DA:73,0
DA:77,0
DA:78,0
DA:148,0
LF:26
LH:0
BRDA:77,0,0,0
BRDA:77,0,1,0
BRDA:97,1,0,0
BRDA:97,1,1,0
BRDA:107,2,0,0
BRDA:107,2,1,0
BRF:6
BRH:0
end_of_record
TN:
SF:src/components/Experiments.tsx
FN:30,Experiments
FN:36,(anonymous_10)
FN:37,(anonymous_11)
FN:43,(anonymous_12)
FN:44,(anonymous_13)
FN:45,(anonymous_14)
FN:47,(anonymous_15)
FN:69,(anonymous_16)
FN:76,(anonymous_17)
FN:79,(anonymous_18)
FN:84,(anonymous_19)
FN:88,(anonymous_20)
FN:92,(anonymous_21)
FN:124,(anonymous_22)
FN:167,(anonymous_23)
FN:201,(anonymous_24)
FN:215,(anonymous_25)
FN:226,(anonymous_26)
FN:238,(anonymous_27)
FN:289,(anonymous_28)
FNF:20
FNH:0
FNDA:0,Experiments
FNDA:0,(anonymous_10)
FNDA:0,(anonymous_11)
FNDA:0,(anonymous_12)
FNDA:0,(anonymous_13)
FNDA:0,(anonymous_14)
FNDA:0,(anonymous_15)
FNDA:0,(anonymous_16)
FNDA:0,(anonymous_17)
FNDA:0,(anonymous_18)
FNDA:0,(anonymous_19)
FNDA:0,(anonymous_20)
FNDA:0,(anonymous_21)
FNDA:0,(anonymous_22)
FNDA:0,(anonymous_23)
FNDA:0,(anonymous_24)
FNDA:0,(anonymous_25)
FNDA:0,(anonymous_26)
FNDA:0,(anonymous_27)
FNDA:0,(anonymous_28)
DA:1,0
DA:2,0
DA:3,0
DA:4,0
DA:30,0
DA:31,0
DA:32,0
DA:33,0
DA:36,0
DA:37,0
DA:38,0
DA:39,0
DA:42,0
DA:43,0
DA:44,0
DA:47,0
DA:48,0
DA:49,0
DA:50,0
DA:51,0
DA:54,0
DA:57,0
DA:59,0
DA:60,0
DA:62,0
DA:66,0
DA:69,0
DA:70,0
DA:71,0
DA:75,0
DA:76,0
DA:79,0
DA:80,0
DA:81,0
DA:84,0
DA:85,0
DA:88,0
DA:89,0
DA:92,0
DA:93,0
DA:98,0
DA:101,0
DA:102,0
DA:112,0
DA:113,0
DA:124,0
DA:126,0
DA:168,0
DA:170,0
DA:202,0
DA:215,0
DA:226,0
DA:238,0
DA:289,0
LF:54
LH:0
BRDA:39,0,0,0
BRDA:39,0,1,0
BRDA:48,1,0,0
BRDA:48,1,1,0
BRDA:48,2,0,0
BRDA:48,2,1,0
BRDA:49,3,0,0
BRDA:49,3,1,0
BRDA:49,4,0,0
BRDA:49,4,1,0
BRDA:50,5,0,0
BRDA:50,5,1,0
BRDA:50,6,0,0
BRDA:50,6,1,0
BRDA:70,7,0,0
BRDA:70,7,1,0
BRDA:98,8,0,0
BRDA:98,8,1,0
BRDA:101,9,0,0
BRDA:101,9,1,0
BRDA:112,10,0,0
BRDA:112,10,1,0
BRDA:124,11,0,0
BRDA:124,11,1,0
BRDA:224,12,0,0
BRDA:224,12,1,0
BRDA:236,13,0,0
BRDA:236,13,1,0
BRDA:289,14,0,0
BRDA:289,14,1,0
BRF:30
BRH:0
end_of_record
TN:
SF:src/components/FloatingElements.tsx
FN:3,(anonymous_1)
FNF:1
FNH:0
FNDA:0,(anonymous_1)
DA:1,0
DA:3,0
DA:4,0
DA:19,0
LF:4
LH:0
BRF:0
BRH:0
end_of_record
TN:
SF:src/components/HamburgerMenu.tsx
FN:10,(anonymous_9)
FN:17,(anonymous_10)
FN:21,(anonymous_11)
FN:53,(anonymous_12)
FN:70,(anonymous_13)
FN:79,(anonymous_14)
FN:82,(anonymous_15)
FN:110,(anonymous_16)
FNF:8
FNH:0
FNDA:0,(anonymous_9)
FNDA:0,(anonymous_10)
FNDA:0,(anonymous_11)
FNDA:0,(anonymous_12)
FNDA:0,(anonymous_13)
FNDA:0,(anonymous_14)
FNDA:0,(anonymous_15)
FNDA:0,(anonymous_16)
DA:1,0
DA:2,0
DA:10,0
DA:15,0
DA:17,0
DA:18,0
DA:21,0
DA:22,0
DA:23,0
DA:26,0
DA:53,0
DA:70,0
DA:80,0
DA:82,0
DA:110,0
DA:137,0
LF:16
LH:0
BRDA:35,0,0,0
BRDA:35,0,1,0
BRDA:45,1,0,0
BRDA:45,1,1,0
BRDA:84,2,0,0
BRDA:84,2,1,0
BRDA:88,3,0,0
BRDA:88,3,1,0
BRDA:89,4,0,0
BRDA:89,4,1,0
BRDA:90,5,0,0
BRDA:90,5,1,0
BRDA:91,6,0,0
BRDA:91,6,1,0
BRDA:92,7,0,0
BRDA:92,7,1,0
BRDA:93,8,0,0
BRDA:93,8,1,0
BRDA:94,9,0,0
BRDA:94,9,1,0
BRDA:97,10,0,0
BRDA:97,10,1,0
BRF:22
BRH:0
end_of_record
TN:
SF:src/components/Leadership.tsx
FN:6,Leadership
FN:31,(anonymous_2)
FN:34,(anonymous_3)
FN:62,(anonymous_4)
FN:85,(anonymous_5)
FN:99,(anonymous_6)
FN:124,(anonymous_7)
FNF:7
FNH:0
FNDA:0,Leadership
FNDA:0,(anonymous_2)
FNDA:0,(anonymous_3)
FNDA:0,(anonymous_4)
FNDA:0,(anonymous_5)
FNDA:0,(anonymous_6)
FNDA:0,(anonymous_7)
DA:1,0
DA:2,0
DA:3,0
DA:4,0
DA:6,0
DA:7,0
DA:10,0
DA:21,0
DA:22,0
DA:30,0
DA:31,0
DA:33,0
DA:34,0
DA:37,0
DA:63,0
DA:64,0
DA:86,0
DA:100,0
DA:124,0
LF:19
LH:0
BRDA:21,0,0,0
BRDA:21,0,1,0
BRDA:30,1,0,0
BRDA:30,1,1,0
BRDA:33,2,0,0
BRDA:33,2,1,0
BRDA:63,3,0,0
BRDA:63,3,1,0
BRF:8
BRH:0
end_of_record
TN:
SF:src/components/LoadingScreen.tsx
FN:8,(anonymous_1)
FN:9,(anonymous_2)
FN:11,(anonymous_3)
FNF:3
FNH:0
FNDA:0,(anonymous_1)
FNDA:0,(anonymous_2)
FNDA:0,(anonymous_3)
DA:1,0
DA:2,0
DA:8,0
DA:9,0
DA:10,0
DA:11,0
DA:12,0
DA:16,0
DA:51,0
LF:9
LH:0
BRDA:18,0,0,0
BRDA:18,0,1,0
BRF:2
BRH:0
end_of_record
TN:
SF:src/components/MessageRenderer.tsx
FN:9,MessageRenderer
FN:11,(anonymous_2)
FN:17,(anonymous_3)
FN:29,(anonymous_4)
FN:38,(anonymous_5)
FNF:5
FNH:0
FNDA:0,MessageRenderer
FNDA:0,(anonymous_2)
FNDA:0,(anonymous_3)
FNDA:0,(anonymous_4)
FNDA:0,(anonymous_5)
DA:1,0
DA:2,0
DA:9,0
DA:11,0
DA:12,0
DA:13,0
DA:14,0
DA:15,0
DA:17,0
DA:18,0
DA:19,0
DA:24,0
DA:25,0
DA:29,0
DA:31,0
DA:32,0
DA:33,0
DA:34,0
DA:35,0
DA:38,0
DA:46,0
DA:50,0
DA:51,0
DA:52,0
DA:53,0
DA:58,0
DA:62,0
DA:63,0
DA:64,0
DA:67,0
DA:69,0
DA:75,0
DA:79,0
DA:80,0
DA:84,0
DA:87,0
DA:88,0
DA:95,0
DA:97,0
DA:100,0
LF:40
LH:0
BRDA:18,0,0,0
BRDA:18,0,1,0
BRDA:32,1,0,0
BRDA:32,1,1,0
BRDA:51,2,0,0
BRDA:51,2,1,0
BRDA:62,3,0,0
BRDA:62,3,1,0
BRDA:79,4,0,0
BRDA:79,4,1,0
BRDA:79,5,0,0
BRDA:79,5,1,0
BRDA:79,5,2,0
BRDA:87,6,0,0
BRDA:87,6,1,0
BRF:15
BRH:0
end_of_record
TN:
SF:src/components/RetroSidebar.tsx
FN:11,(anonymous_1)
FN:42,(anonymous_2)
FNF:2
FNH:0
FNDA:0,(anonymous_1)
FNDA:0,(anonymous_2)
DA:1,0
DA:2,0
DA:11,0
DA:17,0
DA:19,0
DA:42,0
DA:108,0
LF:7
LH:0
BRDA:17,0,0,0
BRDA:17,0,1,0
BRDA:87,1,0,0
BRDA:87,1,1,0
BRDA:97,2,0,0
BRDA:97,2,1,0
BRF:6
BRH:0
end_of_record
TN:
SF:src/components/Scene3D.tsx
FN:11,NeuralNetwork
FN:15,(anonymous_10)
FN:47,(anonymous_11)
FN:50,(anonymous_12)
FN:62,(anonymous_13)
FN:76,(anonymous_14)
FN:90,(anonymous_15)
FN:122,DataFlow
FN:125,(anonymous_17)
FN:144,(anonymous_18)
FN:187,ParticleField
FN:190,(anonymous_20)
FN:202,(anonymous_21)
FN:230,FloatingGeometry
FN:233,(anonymous_23)
FN:261,AIBrain
FN:264,(anonymous_25)
FN:290,Scene3D
FN:293,(anonymous_27)
FNF:19
FNH:0
FNDA:0,NeuralNetwork
FNDA:0,(anonymous_10)
FNDA:0,(anonymous_11)
FNDA:0,(anonymous_12)
FNDA:0,(anonymous_13)
FNDA:0,(anonymous_14)
FNDA:0,(anonymous_15)
FNDA:0,DataFlow
FNDA:0,(anonymous_17)
FNDA:0,(anonymous_18)
FNDA:0,ParticleField
FNDA:0,(anonymous_20)
FNDA:0,(anonymous_21)
FNDA:0,FloatingGeometry
FNDA:0,(anonymous_23)
FNDA:0,AIBrain
FNDA:0,(anonymous_25)
FNDA:0,Scene3D
FNDA:0,(anonymous_27)
DA:1,0
DA:2,0
DA:3,0
DA:4,0
DA:12,0
DA:13,0
DA:15,0
DA:17,0
DA:18,0
DA:19,0
DA:31,0
DA:32,0
DA:33,0
DA:34,0
DA:35,0
DA:36,0
DA:44,0
DA:47,0
DA:48,0
DA:50,0
DA:51,0
DA:52,0
DA:53,0
DA:54,0
DA:55,0
DA:60,0
DA:62,0
DA:63,0
DA:64,0
DA:65,0
DA:66,0
DA:72,0
DA:77,0
DA:91,0
DA:95,0
DA:123,0
DA:125,0
DA:126,0
DA:127,0
DA:129,0
DA:131,0
DA:132,0
DA:133,0
DA:136,0
DA:137,0
DA:138,0
DA:141,0
DA:144,0
DA:145,0
DA:146,0
DA:148,0
DA:150,0
DA:151,0
DA:152,0
DA:155,0
DA:156,0
DA:157,0
DA:160,0
DA:161,0
DA:165,0
DA:188,0
DA:190,0
DA:191,0
DA:192,0
DA:193,0
DA:199,0
DA:202,0
DA:203,0
DA:204,0
DA:205,0
DA:209,0
DA:231,0
DA:233,0
DA:234,0
DA:236,0
DA:239,0
DA:240,0
DA:244,0
DA:262,0
DA:264,0
DA:265,0
DA:266,0
DA:267,0
DA:271,0
DA:290,0
DA:291,0
DA:293,0
DA:294,0
DA:296,0
DA:297,0
DA:300,0
DA:301,0
DA:305,0
LF:93
LH:0
BRDA:11,0,0,0
BRDA:11,1,0,0
BRDA:35,2,0,0
BRDA:35,2,1,0
BRDA:48,3,0,0
BRDA:48,3,1,0
BRDA:53,4,0,0
BRDA:53,4,1,0
BRDA:53,5,0,0
BRDA:53,5,1,0
BRDA:60,6,0,0
BRDA:60,6,1,0
BRDA:65,7,0,0
BRDA:65,7,1,0
BRDA:65,8,0,0
BRDA:65,8,1,0
BRDA:122,9,0,0
BRDA:145,10,0,0
BRDA:145,10,1,0
BRDA:155,11,0,0
BRDA:155,11,1,0
BRDA:156,12,0,0
BRDA:156,12,1,0
BRDA:157,13,0,0
BRDA:157,13,1,0
BRDA:187,14,0,0
BRDA:203,15,0,0
BRDA:203,15,1,0
BRDA:234,16,0,0
BRDA:234,16,1,0
BRDA:265,17,0,0
BRDA:265,17,1,0
BRDA:294,18,0,0
BRDA:294,18,1,0
BRF:34
BRH:0
end_of_record
TN:
SF:src/components/ScrollInstructions.tsx
FN:10,(anonymous_1)
FNF:1
FNH:0
FNDA:0,(anonymous_1)
DA:1,0
DA:2,0
DA:10,0
DA:15,0
DA:49,0
LF:5
LH:0
BRDA:17,0,0,0
BRDA:17,0,1,0
BRDA:17,0,2,0
BRDA:17,0,3,0
BRF:4
BRH:0
end_of_record
TN:
SF:src/components/ScrollProgressBar.tsx
FN:13,(anonymous_1)
FNF:1
FNH:0
FNDA:0,(anonymous_1)
DA:1,0
DA:2,0
DA:13,0
DA:21,0
DA:75,0
LF:5
LH:0
BRDA:19,0,0,0
BRDA:25,1,0,0
BRDA:25,1,1,0
BRDA:25,1,2,0
BRDA:34,2,0,0
BRDA:34,2,1,0
BRDA:61,3,0,0
BRDA:61,3,1,0
BRDA:61,3,2,0
BRF:9
BRH:0
end_of_record
TN:
SF:src/components/SectionContent.tsx
FN:17,(anonymous_1)
FN:30,(anonymous_2)
FN:33,(anonymous_3)
FNF:3
FNH:0
FNDA:0,(anonymous_1)
FNDA:0,(anonymous_2)
FNDA:0,(anonymous_3)
DA:1,0
DA:2,0
DA:17,0
DA:24,0
DA:31,0
DA:34,0
DA:60,0
LF:7
LH:0
BRDA:34,0,0,0
BRDA:34,0,1,0
BRDA:38,1,0,0
BRDA:38,1,1,0
BRDA:39,2,0,0
BRDA:39,2,1,0
BRDA:40,3,0,0
BRDA:40,3,1,0
BRDA:41,4,0,0
BRDA:41,4,1,0
BRDA:42,5,0,0
BRDA:42,5,1,0
BRDA:49,6,0,0
BRDA:49,6,1,0
BRF:14
BRH:0
end_of_record
TN:
SF:src/components/SectionNavigator.tsx
FN:17,(anonymous_1)
FN:28,(anonymous_2)
FN:31,(anonymous_3)
FNF:3
FNH:0
FNDA:0,(anonymous_1)
FNDA:0,(anonymous_2)
FNDA:0,(anonymous_3)
DA:1,0
DA:2,0
DA:17,0
DA:24,0
DA:29,0
DA:31,0
DA:75,0
LF:7
LH:0
BRDA:34,0,0,0
BRDA:34,0,1,0
BRDA:36,1,0,0
BRDA:36,1,1,0
BRDA:36,2,0,0
BRDA:36,2,1,0
BRDA:39,3,0,0
BRDA:39,3,1,0
BRDA:39,3,2,0
BRDA:48,4,0,0
BRDA:48,4,1,0
BRDA:62,5,0,0
BRDA:62,5,1,0
BRF:13
BRH:0
end_of_record
TN:
SF:src/components/Timeline.tsx
FN:28,Timeline
FN:36,(anonymous_11)
FN:39,(anonymous_12)
FN:44,(anonymous_13)
FN:45,(anonymous_14)
FN:65,(anonymous_15)
FN:66,(anonymous_16)
FN:67,(anonymous_17)
FN:165,(anonymous_18)
FN:166,(anonymous_19)
FN:173,(anonymous_20)
FN:176,(anonymous_21)
FN:177,(anonymous_22)
FN:181,(anonymous_23)
FN:188,(anonymous_24)
FN:195,(anonymous_25)
FN:204,(anonymous_26)
FN:266,(anonymous_27)
FN:284,(anonymous_28)
FN:298,(anonymous_29)
FNF:20
FNH:0
FNDA:0,Timeline
FNDA:0,(anonymous_11)
FNDA:0,(anonymous_12)
FNDA:0,(anonymous_13)
FNDA:0,(anonymous_14)
FNDA:0,(anonymous_15)
FNDA:0,(anonymous_16)
FNDA:0,(anonymous_17)
FNDA:0,(anonymous_18)
FNDA:0,(anonymous_19)
FNDA:0,(anonymous_20)
FNDA:0,(anonymous_21)
FNDA:0,(anonymous_22)
FNDA:0,(anonymous_23)
FNDA:0,(anonymous_24)
FNDA:0,(anonymous_25)
FNDA:0,(anonymous_26)
FNDA:0,(anonymous_27)
FNDA:0,(anonymous_28)
FNDA:0,(anonymous_29)
DA:1,0
DA:2,0
DA:3,0
DA:4,0
DA:5,0
DA:20,0
DA:28,0
DA:29,0
DA:30,0
DA:31,0
DA:32,0
DA:33,0
DA:36,0
DA:37,0
DA:38,0
DA:39,0
DA:42,0
DA:43,0
DA:44,0
DA:47,0
DA:48,0
DA:49,0
DA:52,0
DA:65,0
DA:67,0
DA:68,0
DA:69,0
DA:70,0
DA:72,0
DA:73,0
DA:75,0
DA:78,0
DA:79,0
DA:80,0
DA:85,0
DA:161,0
DA:165,0
DA:166,0
DA:167,0
DA:168,0
DA:172,0
DA:173,0
DA:176,0
DA:177,0
DA:178,0
DA:181,0
DA:182,0
DA:183,0
DA:184,0
DA:185,0
DA:188,0
DA:189,0
DA:190,0
DA:191,0
DA:192,0
DA:195,0
DA:196,0
DA:197,0
DA:198,0
DA:199,0
DA:200,0
DA:204,0
DA:205,0
DA:206,0
DA:207,0
DA:208,0
DA:209,0
DA:213,0
DA:267,0
DA:269,0
DA:284,0
DA:298,0
LF:72
LH:0
BRDA:42,0,0,0
BRDA:42,0,1,0
BRDA:42,1,0,0
BRDA:42,1,1,0
BRDA:47,2,0,0
BRDA:47,2,1,0
BRDA:54,3,0,0
BRDA:54,3,1,0
BRDA:55,4,0,0
BRDA:55,4,1,0
BRDA:56,5,0,0
BRDA:56,5,1,0
BRDA:57,6,0,0
BRDA:57,6,1,0
BRDA:58,7,0,0
BRDA:58,7,1,0
BRDA:59,8,0,0
BRDA:59,8,1,0
BRDA:60,9,0,0
BRDA:60,9,1,0
BRDA:68,10,0,0
BRDA:68,10,1,0
BRDA:68,11,0,0
BRDA:68,11,1,0
BRDA:73,12,0,0
BRDA:73,12,1,0
BRDA:78,13,0,0
BRDA:78,13,1,0
BRDA:167,14,0,0
BRDA:167,14,1,0
BRDA:167,15,0,0
BRDA:167,15,1,0
BRDA:178,16,0,0
BRDA:178,16,1,0
BRDA:196,17,0,0
BRDA:196,17,1,0
BRDA:196,18,0,0
BRDA:196,18,1,0
BRDA:205,19,0,0
BRDA:205,19,1,0
BRDA:205,20,0,0
BRDA:205,20,1,0
BRDA:272,21,0,0
BRDA:272,21,1,0
BRDA:276,22,0,0
BRDA:276,22,1,0
BRDA:294,23,0,0
BRDA:294,23,1,0
BRF:48
BRH:0
end_of_record
TN:
SF:src/components/TimelineModal.tsx
FN:26,(anonymous_1)
FN:27,(anonymous_2)
FN:31,TimelineModal
FN:65,(anonymous_4)
FNF:4
FNH:0
FNDA:0,(anonymous_1)
FNDA:0,(anonymous_2)
FNDA:0,TimelineModal
FNDA:0,(anonymous_4)
DA:1,0
DA:2,0
DA:3,0
DA:4,0
DA:5,0
DA:18,0
DA:26,0
DA:27,0
DA:28,0
DA:31,0
DA:40,0
DA:43,0
DA:65,0
DA:190,0
LF:14
LH:0
BRDA:28,0,0,0
BRDA:28,0,1,0
BRDA:40,1,0,0
BRDA:40,1,1,0
BRDA:40,2,0,0
BRDA:40,2,1,0
BRDA:40,2,2,0
BRDA:44,3,0,0
BRDA:44,3,1,0
BRDA:152,4,0,0
BRDA:152,4,1,0
BRDA:171,5,0,0
BRDA:171,5,1,0
BRF:13
BRH:0
end_of_record
TN:
SF:src/components/VisitorCounter.tsx
FN:7,(anonymous_9)
FN:10,(anonymous_10)
FNF:2
FNH:0
FNDA:0,(anonymous_9)
FNDA:0,(anonymous_10)
DA:1,0
DA:7,0
DA:8,0
DA:10,0
DA:12,0
DA:15,0
DA:18,0
DA:20,0
DA:23,0
DA:24,0
DA:27,0
DA:28,0
DA:30,0
DA:33,0
DA:47,0
LF:15
LH:0
BRDA:7,0,0,0
BRDA:18,1,0,0
BRDA:18,1,1,0
BRF:3
BRH:0
end_of_record
TN:
SF:src/components/Work.tsx
FN:34,Work
FN:40,(anonymous_10)
FN:41,(anonymous_11)
FN:47,(anonymous_12)
FN:48,(anonymous_13)
FN:52,(anonymous_14)
FN:75,(anonymous_15)
FN:82,(anonymous_16)
FN:114,(anonymous_17)
FN:115,(anonymous_18)
FN:159,(anonymous_19)
FN:166,(anonymous_20)
FN:199,(anonymous_21)
FN:218,(anonymous_22)
FN:238,(anonymous_23)
FN:267,(anonymous_24)
FN:276,(anonymous_25)
FN:290,(anonymous_26)
FNF:18
FNH:0
FNDA:0,Work
FNDA:0,(anonymous_10)
FNDA:0,(anonymous_11)
FNDA:0,(anonymous_12)
FNDA:0,(anonymous_13)
FNDA:0,(anonymous_14)
FNDA:0,(anonymous_15)
FNDA:0,(anonymous_16)
FNDA:0,(anonymous_17)
FNDA:0,(anonymous_18)
FNDA:0,(anonymous_19)
FNDA:0,(anonymous_20)
FNDA:0,(anonymous_21)
FNDA:0,(anonymous_22)
FNDA:0,(anonymous_23)
FNDA:0,(anonymous_24)
FNDA:0,(anonymous_25)
FNDA:0,(anonymous_26)
DA:1,0
DA:2,0
DA:3,0
DA:4,0
DA:34,0
DA:35,0
DA:36,0
DA:37,0
DA:40,0
DA:41,0
DA:42,0
DA:43,0
DA:46,0
DA:47,0
DA:48,0
DA:54,0
DA:55,0
DA:57,0
DA:58,0
DA:59,0
DA:62,0
DA:64,0
DA:66,0
DA:68,0
DA:72,0
DA:75,0
DA:76,0
DA:77,0
DA:81,0
DA:82,0
DA:85,0
DA:86,0
DA:96,0
DA:97,0
DA:114,0
DA:115,0
DA:116,0
DA:118,0
DA:160,0
DA:166,0
DA:200,0
DA:219,0
DA:238,0
DA:268,0
DA:277,0
DA:290,0
LF:46
LH:0
BRDA:43,0,0,0
BRDA:43,0,1,0
BRDA:50,1,0,0
BRDA:50,1,1,0
BRDA:54,2,0,0
BRDA:54,2,1,0
BRDA:54,3,0,0
BRDA:54,3,1,0
BRDA:55,4,0,0
BRDA:55,4,1,0
BRDA:55,5,0,0
BRDA:55,5,1,0
BRDA:76,6,0,0
BRDA:76,6,1,0
BRDA:85,7,0,0
BRDA:85,7,1,0
BRDA:96,8,0,0
BRDA:96,8,1,0
BRDA:166,9,0,0
BRDA:166,9,1,0
BRDA:181,10,0,0
BRDA:181,10,1,0
BRDA:207,11,0,0
BRDA:207,11,1,0
BRDA:245,12,0,0
BRDA:245,12,1,0
BRDA:256,13,0,0
BRDA:256,13,1,0
BRDA:329,14,0,0
BRDA:329,14,1,0
BRF:30
BRH:0
end_of_record
TN:
SF:src/components/admin/ContactFields.tsx
FN:5,ContactFields
FN:51,(anonymous_17)
FN:51,(anonymous_18)
FN:71,(anonymous_19)
FN:71,(anonymous_20)
FN:79,(anonymous_21)
FN:79,(anonymous_22)
FN:84,(anonymous_23)
FN:84,(anonymous_24)
FN:85,(anonymous_25)
FN:102,(anonymous_26)
FN:102,(anonymous_27)
FN:110,(anonymous_28)
FN:110,(anonymous_29)
FN:123,(anonymous_30)
FN:140,(anonymous_31)
FN:157,(anonymous_32)
FN:166,(anonymous_33)
FN:175,(anonymous_34)
FN:185,(anonymous_35)
FN:194,(anonymous_36)
FN:207,(anonymous_37)
FN:216,(anonymous_38)
FN:225,(anonymous_39)
FN:235,(anonymous_40)
FN:244,(anonymous_41)
FN:253,(anonymous_42)
FN:261,(anonymous_43)
FN:281,(anonymous_44)
FN:297,(anonymous_45)
FN:300,(anonymous_46)
FN:310,(anonymous_47)
FN:320,(anonymous_48)
FN:330,(anonymous_49)
FN:344,(anonymous_50)
FN:355,(anonymous_51)
FN:355,(anonymous_52)
FN:364,(anonymous_53)
FN:367,(anonymous_54)
FN:377,(anonymous_55)
FN:386,(anonymous_56)
FN:395,(anonymous_57)
FN:402,(anonymous_58)
FN:408,(anonymous_59)
FN:420,(anonymous_60)
FN:427,(anonymous_61)
FN:445,(anonymous_62)
FN:454,(anonymous_63)
FN:472,(anonymous_64)
FN:488,(anonymous_65)
FN:500,(anonymous_66)
FN:514,(anonymous_67)
FN:532,(anonymous_68)
FN:533,(anonymous_69)
FN:534,(anonymous_70)
FN:541,(anonymous_71)
FN:546,(anonymous_72)
FN:552,(anonymous_73)
FN:567,(anonymous_74)
FN:576,(anonymous_75)
FN:593,(anonymous_76)
FN:594,(anonymous_77)
FN:595,(anonymous_78)
FN:602,(anonymous_79)
FN:607,(anonymous_80)
FN:613,(anonymous_81)
FN:628,(anonymous_82)
FN:637,(anonymous_83)
FNF:68
FNH:0
FNDA:0,ContactFields
FNDA:0,(anonymous_17)
FNDA:0,(anonymous_18)
FNDA:0,(anonymous_19)
FNDA:0,(anonymous_20)
FNDA:0,(anonymous_21)
FNDA:0,(anonymous_22)
FNDA:0,(anonymous_23)
FNDA:0,(anonymous_24)
FNDA:0,(anonymous_25)
FNDA:0,(anonymous_26)
FNDA:0,(anonymous_27)
FNDA:0,(anonymous_28)
FNDA:0,(anonymous_29)
FNDA:0,(anonymous_30)
FNDA:0,(anonymous_31)
FNDA:0,(anonymous_32)
FNDA:0,(anonymous_33)
FNDA:0,(anonymous_34)
FNDA:0,(anonymous_35)
FNDA:0,(anonymous_36)
FNDA:0,(anonymous_37)
FNDA:0,(anonymous_38)
FNDA:0,(anonymous_39)
FNDA:0,(anonymous_40)
FNDA:0,(anonymous_41)
FNDA:0,(anonymous_42)
FNDA:0,(anonymous_43)
FNDA:0,(anonymous_44)
FNDA:0,(anonymous_45)
FNDA:0,(anonymous_46)
FNDA:0,(anonymous_47)
FNDA:0,(anonymous_48)
FNDA:0,(anonymous_49)
FNDA:0,(anonymous_50)
FNDA:0,(anonymous_51)
FNDA:0,(anonymous_52)
FNDA:0,(anonymous_53)
FNDA:0,(anonymous_54)
FNDA:0,(anonymous_55)
FNDA:0,(anonymous_56)
FNDA:0,(anonymous_57)
FNDA:0,(anonymous_58)
FNDA:0,(anonymous_59)
FNDA:0,(anonymous_60)
FNDA:0,(anonymous_61)
FNDA:0,(anonymous_62)
FNDA:0,(anonymous_63)
FNDA:0,(anonymous_64)
FNDA:0,(anonymous_65)
FNDA:0,(anonymous_66)
FNDA:0,(anonymous_67)
FNDA:0,(anonymous_68)
FNDA:0,(anonymous_69)
FNDA:0,(anonymous_70)
FNDA:0,(anonymous_71)
FNDA:0,(anonymous_72)
FNDA:0,(anonymous_73)
FNDA:0,(anonymous_74)
FNDA:0,(anonymous_75)
FNDA:0,(anonymous_76)
FNDA:0,(anonymous_77)
FNDA:0,(anonymous_78)
FNDA:0,(anonymous_79)
FNDA:0,(anonymous_80)
FNDA:0,(anonymous_81)
FNDA:0,(anonymous_82)
FNDA:0,(anonymous_83)
DA:1,0
DA:2,0
DA:3,0
DA:5,0
DA:15,0
DA:17,0
DA:18,0
DA:19,0
DA:22,0
DA:23,0
DA:24,0
DA:27,0
DA:28,0
DA:29,0
DA:35,0
DA:40,0
DA:51,0
DA:52,0
DA:67,0
DA:71,0
DA:72,0
DA:73,0
DA:74,0
DA:75,0
DA:79,0
DA:80,0
DA:81,0
DA:84,0
DA:85,0
DA:86,0
DA:89,0
DA:91,0
DA:92,0
DA:93,0
DA:96,0
DA:97,0
DA:102,0
DA:103,0
DA:104,0
DA:105,0
DA:106,0
DA:110,0
DA:111,0
DA:112,0
DA:115,0
DA:124,0
DA:125,0
DA:140,0
DA:157,0
DA:166,0
DA:175,0
DA:185,0
DA:194,0
DA:207,0
DA:216,0
DA:225,0
DA:235,0
DA:244,0
DA:253,0
DA:261,0
DA:281,0
DA:297,0
DA:301,0
DA:310,0
DA:320,0
DA:330,0
DA:344,0
DA:355,0
DA:356,0
DA:364,0
DA:368,0
DA:377,0
DA:386,0
DA:395,0
DA:402,0
DA:408,0
DA:420,0
DA:427,0
DA:446,0
DA:447,0
DA:454,0
DA:472,0
DA:488,0
DA:500,0
DA:515,0
DA:516,0
DA:532,0
DA:533,0
DA:535,0
DA:541,0
DA:546,0
DA:552,0
DA:568,0
DA:569,0
DA:576,0
DA:593,0
DA:594,0
DA:596,0
DA:602,0
DA:607,0
DA:613,0
DA:629,0
DA:630,0
DA:637,0
LF:104
LH:0
BRDA:72,0,0,0
BRDA:72,0,1,0
BRDA:72,1,0,0
BRDA:72,1,1,0
BRDA:72,1,2,0
BRDA:86,2,0,0
BRDA:86,2,1,0
BRDA:87,3,0,0
BRDA:87,3,1,0
BRDA:87,3,2,0
BRDA:87,3,3,0
BRDA:92,4,0,0
BRDA:92,4,1,0
BRDA:103,5,0,0
BRDA:103,5,1,0
BRDA:121,6,0,0
BRDA:121,6,1,0
BRDA:149,7,0,0
BRDA:149,7,1,0
BRDA:290,8,0,0
BRDA:290,8,1,0
BRDA:357,9,0,0
BRDA:357,9,1,0
BRDA:422,10,0,0
BRDA:422,10,1,0
BRDA:429,11,0,0
BRDA:429,11,1,0
BRDA:481,12,0,0
BRDA:481,12,1,0
BRDA:536,13,0,0
BRDA:536,13,1,0
BRDA:597,14,0,0
BRDA:597,14,1,0
BRF:33
BRH:0
end_of_record
TN:
SF:src/components/admin/LeadershipFields.tsx
FN:5,LeadershipFields
FN:53,(anonymous_17)
FN:53,(anonymous_18)
FN:65,(anonymous_19)
FN:65,(anonymous_20)
FN:73,(anonymous_21)
FN:73,(anonymous_22)
FN:78,(anonymous_23)
FN:78,(anonymous_24)
FN:79,(anonymous_25)
FN:96,(anonymous_26)
FN:96,(anonymous_27)
FN:100,(anonymous_28)
FN:107,(anonymous_29)
FN:107,(anonymous_30)
FN:110,(anonymous_31)
FN:115,(anonymous_32)
FN:121,(anonymous_33)
FN:122,(anonymous_34)
FN:133,(anonymous_35)
FN:150,(anonymous_36)
FN:166,(anonymous_37)
FN:174,(anonymous_38)
FN:183,(anonymous_39)
FN:191,(anonymous_40)
FN:200,(anonymous_41)
FN:219,(anonymous_42)
FN:235,(anonymous_43)
FN:238,(anonymous_44)
FN:248,(anonymous_45)
FN:258,(anonymous_46)
FN:268,(anonymous_47)
FN:282,(anonymous_48)
FN:293,(anonymous_49)
FN:293,(anonymous_50)
FN:302,(anonymous_51)
FN:305,(anonymous_52)
FN:315,(anonymous_53)
FN:324,(anonymous_54)
FN:333,(anonymous_55)
FN:340,(anonymous_56)
FN:346,(anonymous_57)
FN:358,(anonymous_58)
FN:365,(anonymous_59)
FN:383,(anonymous_60)
FN:392,(anonymous_61)
FN:410,(anonymous_62)
FN:427,(anonymous_63)
FN:437,(anonymous_64)
FN:444,(anonymous_65)
FN:449,(anonymous_66)
FN:458,(anonymous_67)
FN:468,(anonymous_68)
FN:489,(anonymous_69)
FN:503,(anonymous_70)
FN:503,(anonymous_71)
FN:512,(anonymous_72)
FN:521,(anonymous_73)
FN:527,(anonymous_74)
FN:532,(anonymous_75)
FN:540,(anonymous_76)
FN:550,(anonymous_77)
FN:564,(anonymous_78)
FN:570,(anonymous_79)
FN:586,(anonymous_80)
FN:595,(anonymous_81)
FN:603,(anonymous_82)
FNF:67
FNH:0
FNDA:0,LeadershipFields
FNDA:0,(anonymous_17)
FNDA:0,(anonymous_18)
FNDA:0,(anonymous_19)
FNDA:0,(anonymous_20)
FNDA:0,(anonymous_21)
FNDA:0,(anonymous_22)
FNDA:0,(anonymous_23)
FNDA:0,(anonymous_24)
FNDA:0,(anonymous_25)
FNDA:0,(anonymous_26)
FNDA:0,(anonymous_27)
FNDA:0,(anonymous_28)
FNDA:0,(anonymous_29)
FNDA:0,(anonymous_30)
FNDA:0,(anonymous_31)
FNDA:0,(anonymous_32)
FNDA:0,(anonymous_33)
FNDA:0,(anonymous_34)
FNDA:0,(anonymous_35)
FNDA:0,(anonymous_36)
FNDA:0,(anonymous_37)
FNDA:0,(anonymous_38)
FNDA:0,(anonymous_39)
FNDA:0,(anonymous_40)
FNDA:0,(anonymous_41)
FNDA:0,(anonymous_42)
FNDA:0,(anonymous_43)
FNDA:0,(anonymous_44)
FNDA:0,(anonymous_45)
FNDA:0,(anonymous_46)
FNDA:0,(anonymous_47)
FNDA:0,(anonymous_48)
FNDA:0,(anonymous_49)
FNDA:0,(anonymous_50)
FNDA:0,(anonymous_51)
FNDA:0,(anonymous_52)
FNDA:0,(anonymous_53)
FNDA:0,(anonymous_54)
FNDA:0,(anonymous_55)
FNDA:0,(anonymous_56)
FNDA:0,(anonymous_57)
FNDA:0,(anonymous_58)
FNDA:0,(anonymous_59)
FNDA:0,(anonymous_60)
FNDA:0,(anonymous_61)
FNDA:0,(anonymous_62)
FNDA:0,(anonymous_63)
FNDA:0,(anonymous_64)
FNDA:0,(anonymous_65)
FNDA:0,(anonymous_66)
FNDA:0,(anonymous_67)
FNDA:0,(anonymous_68)
FNDA:0,(anonymous_69)
FNDA:0,(anonymous_70)
FNDA:0,(anonymous_71)
FNDA:0,(anonymous_72)
FNDA:0,(anonymous_73)
FNDA:0,(anonymous_74)
FNDA:0,(anonymous_75)
FNDA:0,(anonymous_76)
FNDA:0,(anonymous_77)
FNDA:0,(anonymous_78)
FNDA:0,(anonymous_79)
FNDA:0,(anonymous_80)
FNDA:0,(anonymous_81)
FNDA:0,(anonymous_82)
DA:1,0
DA:2,0
DA:3,0
DA:5,0
DA:15,0
DA:17,0
DA:18,0
DA:19,0
DA:22,0
DA:23,0
DA:24,0
DA:27,0
DA:28,0
DA:29,0
DA:35,0
DA:41,0
DA:53,0
DA:54,0
DA:61,0
DA:65,0
DA:66,0
DA:67,0
DA:68,0
DA:69,0
DA:73,0
DA:74,0
DA:75,0
DA:78,0
DA:79,0
DA:80,0
DA:83,0
DA:85,0
DA:86,0
DA:87,0
DA:90,0
DA:91,0
DA:96,0
DA:97,0
DA:98,0
DA:100,0
DA:102,0
DA:103,0
DA:107,0
DA:108,0
DA:110,0
DA:112,0
DA:115,0
DA:116,0
DA:117,0
DA:118,0
DA:121,0
DA:122,0
DA:125,0
DA:134,0
DA:135,0
DA:150,0
DA:166,0
DA:174,0
DA:183,0
DA:191,0
DA:200,0
DA:219,0
DA:235,0
DA:239,0
DA:248,0
DA:258,0
DA:268,0
DA:282,0
DA:293,0
DA:294,0
DA:302,0
DA:306,0
DA:315,0
DA:324,0
DA:333,0
DA:340,0
DA:346,0
DA:358,0
DA:365,0
DA:384,0
DA:385,0
DA:392,0
DA:410,0
DA:427,0
DA:437,0
DA:445,0
DA:450,0
DA:451,0
DA:452,0
DA:459,0
DA:460,0
DA:469,0
DA:470,0
DA:490,0
DA:491,0
DA:503,0
DA:504,0
DA:512,0
DA:521,0
DA:528,0
DA:533,0
DA:534,0
DA:535,0
DA:541,0
DA:542,0
DA:551,0
DA:552,0
DA:564,0
DA:570,0
DA:587,0
DA:588,0
DA:595,0
DA:604,0
LF:113
LH:0
BRDA:66,0,0,0
BRDA:66,0,1,0
BRDA:66,1,0,0
BRDA:66,1,1,0
BRDA:80,2,0,0
BRDA:80,2,1,0
BRDA:81,3,0,0
BRDA:81,3,1,0
BRDA:81,3,2,0
BRDA:81,3,3,0
BRDA:86,4,0,0
BRDA:86,4,1,0
BRDA:97,5,0,0
BRDA:97,5,1,0
BRDA:131,6,0,0
BRDA:131,6,1,0
BRDA:159,7,0,0
BRDA:159,7,1,0
BRDA:228,8,0,0
BRDA:228,8,1,0
BRDA:295,9,0,0
BRDA:295,9,1,0
BRDA:360,10,0,0
BRDA:360,10,1,0
BRDA:367,11,0,0
BRDA:367,11,1,0
BRDA:419,12,0,0
BRDA:419,12,1,0
BRDA:466,13,0,0
BRDA:466,13,1,0
BRDA:505,14,0,0
BRDA:505,14,1,0
BRDA:548,15,0,0
BRDA:548,15,1,0
BRF:34
BRH:0
end_of_record
TN:
SF:src/hooks/useContactContent.ts
FN:125,useContactContent
FN:131,(anonymous_8)
FN:131,(anonymous_9)
FN:154,(anonymous_10)
FN:154,(anonymous_11)
FN:184,(anonymous_12)
FN:184,(anonymous_13)
FN:200,(anonymous_14)
FN:200,(anonymous_15)
FN:203,(anonymous_16)
FN:212,(anonymous_17)
FN:212,(anonymous_18)
FN:215,(anonymous_19)
FN:222,(anonymous_20)
FN:222,(anonymous_21)
FN:223,(anonymous_22)
FN:239,(anonymous_23)
FN:239,(anonymous_24)
FN:242,(anonymous_25)
FN:251,(anonymous_26)
FN:251,(anonymous_27)
FN:254,(anonymous_28)
FN:261,(anonymous_29)
FN:261,(anonymous_30)
FN:270,(anonymous_31)
FNF:25
FNH:0
FNDA:0,useContactContent
FNDA:0,(anonymous_8)
FNDA:0,(anonymous_9)
FNDA:0,(anonymous_10)
FNDA:0,(anonymous_11)
FNDA:0,(anonymous_12)
FNDA:0,(anonymous_13)
FNDA:0,(anonymous_14)
FNDA:0,(anonymous_15)
FNDA:0,(anonymous_16)
FNDA:0,(anonymous_17)
FNDA:0,(anonymous_18)
FNDA:0,(anonymous_19)
FNDA:0,(anonymous_20)
FNDA:0,(anonymous_21)
FNDA:0,(anonymous_22)
FNDA:0,(anonymous_23)
FNDA:0,(anonymous_24)
FNDA:0,(anonymous_25)
FNDA:0,(anonymous_26)
FNDA:0,(anonymous_27)
FNDA:0,(anonymous_28)
FNDA:0,(anonymous_29)
FNDA:0,(anonymous_30)
FNDA:0,(anonymous_31)
DA:1,0
DA:37,0
DA:125,0
DA:126,0
DA:127,0
DA:128,0
DA:131,0
DA:132,0
DA:133,0
DA:134,0
DA:135,0
DA:137,0
DA:138,0
DA:139,0
DA:142,0
DA:144,0
DA:145,0
DA:146,0
DA:149,0
DA:154,0
DA:155,0
DA:156,0
DA:168,0
DA:170,0
DA:172,0
DA:174,0
DA:177,0
DA:178,0
DA:179,0
DA:184,0
DA:185,0
DA:191,0
DA:196,0
DA:200,0
DA:201,0
DA:204,0
DA:208,0
DA:212,0
DA:213,0
DA:215,0
DA:218,0
DA:222,0
DA:223,0
DA:224,0
DA:230,0
DA:235,0
DA:239,0
DA:240,0
DA:243,0
DA:247,0
DA:251,0
DA:252,0
DA:254,0
DA:257,0
DA:261,0
DA:262,0
DA:267,0
DA:270,0
DA:271,0
DA:274,0
LF:60
LH:0
BRDA:135,0,0,0
BRDA:135,0,1,0
BRDA:138,1,0,0
BRDA:138,1,1,0
BRDA:138,2,0,0
BRDA:138,2,1,0
BRDA:138,2,2,0
BRDA:142,3,0,0
BRDA:142,3,1,0
BRDA:145,4,0,0
BRDA:145,4,1,0
BRDA:168,5,0,0
BRDA:168,5,1,0
BRDA:204,6,0,0
BRDA:204,6,1,0
BRDA:243,7,0,0
BRDA:243,7,1,0
BRF:17
BRH:0
end_of_record
TN:
SF:src/hooks/useContent.ts
FN:14,useContent
FN:20,(anonymous_8)
FN:20,(anonymous_9)
FN:45,(anonymous_10)
FN:45,(anonymous_11)
FN:54,(anonymous_12)
FN:72,(anonymous_13)
FN:72,(anonymous_14)
FN:81,(anonymous_15)
FN:81,(anonymous_16)
FN:85,(anonymous_17)
FN:96,(anonymous_18)
FN:96,(anonymous_19)
FN:102,(anonymous_20)
FN:102,(anonymous_21)
FN:105,(anonymous_22)
FN:111,(anonymous_23)
FNF:17
FNH:0
FNDA:0,useContent
FNDA:0,(anonymous_8)
FNDA:0,(anonymous_9)
FNDA:0,(anonymous_10)
FNDA:0,(anonymous_11)
FNDA:0,(anonymous_12)
FNDA:0,(anonymous_13)
FNDA:0,(anonymous_14)
FNDA:0,(anonymous_15)
FNDA:0,(anonymous_16)
FNDA:0,(anonymous_17)
FNDA:0,(anonymous_18)
FNDA:0,(anonymous_19)
FNDA:0,(anonymous_20)
FNDA:0,(anonymous_21)
FNDA:0,(anonymous_22)
FNDA:0,(anonymous_23)
DA:1,0
DA:14,0
DA:15,0
DA:16,0
DA:17,0
DA:20,0
DA:21,0
DA:22,0
DA:23,0
DA:24,0
DA:25,0
DA:26,0
DA:27,0
DA:28,0
DA:29,0
DA:31,0
DA:32,0
DA:34,0
DA:35,0
DA:36,0
DA:37,0
DA:40,0
DA:45,0
DA:46,0
DA:47,0
DA:52,0
DA:53,0
DA:54,0
DA:55,0
DA:58,0
DA:64,0
DA:65,0
DA:66,0
DA:67,0
DA:72,0
DA:73,0
DA:74,0
DA:79,0
DA:80,0
DA:81,0
DA:82,0
DA:85,0
DA:86,0
DA:90,0
DA:91,0
DA:96,0
DA:97,0
DA:98,0
DA:101,0
DA:102,0
DA:105,0
DA:106,0
DA:107,0
DA:111,0
DA:112,0
DA:115,0
LF:56
LH:0
BRDA:26,0,0,0
BRDA:26,0,1,0
BRDA:32,1,0,0
BRDA:32,1,1,0
BRDA:35,2,0,0
BRDA:35,2,1,0
BRDA:52,3,0,0
BRDA:52,3,1,0
BRDA:79,4,0,0
BRDA:79,4,1,0
BRDA:81,5,0,0
BRDA:81,5,1,0
BRDA:86,6,0,0
BRDA:86,6,1,0
BRDA:101,7,0,0
BRDA:101,7,1,0
BRF:16
BRH:0
end_of_record
TN:
SF:src/hooks/useLeadershipContent.ts
FN:83,useLeadershipContent
FN:89,(anonymous_8)
FN:89,(anonymous_9)
FN:123,(anonymous_10)
FN:123,(anonymous_11)
FN:153,(anonymous_12)
FN:153,(anonymous_13)
FN:169,(anonymous_14)
FN:169,(anonymous_15)
FN:172,(anonymous_16)
FN:179,(anonymous_17)
FN:179,(anonymous_18)
FN:182,(anonymous_19)
FN:189,(anonymous_20)
FN:189,(anonymous_21)
FN:205,(anonymous_22)
FN:205,(anonymous_23)
FN:208,(anonymous_24)
FN:215,(anonymous_25)
FN:215,(anonymous_26)
FN:218,(anonymous_27)
FN:225,(anonymous_28)
FN:225,(anonymous_29)
FN:234,(anonymous_30)
FNF:24
FNH:0
FNDA:0,useLeadershipContent
FNDA:0,(anonymous_8)
FNDA:0,(anonymous_9)
FNDA:0,(anonymous_10)
FNDA:0,(anonymous_11)
FNDA:0,(anonymous_12)
FNDA:0,(anonymous_13)
FNDA:0,(anonymous_14)
FNDA:0,(anonymous_15)
FNDA:0,(anonymous_16)
FNDA:0,(anonymous_17)
FNDA:0,(anonymous_18)
FNDA:0,(anonymous_19)
FNDA:0,(anonymous_20)
FNDA:0,(anonymous_21)
FNDA:0,(anonymous_22)
FNDA:0,(anonymous_23)
FNDA:0,(anonymous_24)
FNDA:0,(anonymous_25)
FNDA:0,(anonymous_26)
FNDA:0,(anonymous_27)
FNDA:0,(anonymous_28)
FNDA:0,(anonymous_29)
FNDA:0,(anonymous_30)
DA:1,0
DA:30,0
DA:83,0
DA:84,0
DA:85,0
DA:86,0
DA:89,0
DA:90,0
DA:91,0
DA:92,0
DA:93,0
DA:95,0
DA:96,0
DA:97,0
DA:99,0
DA:108,0
DA:111,0
DA:113,0
DA:114,0
DA:115,0
DA:118,0
DA:123,0
DA:124,0
DA:125,0
DA:137,0
DA:139,0
DA:141,0
DA:143,0
DA:146,0
DA:147,0
DA:148,0
DA:153,0
DA:154,0
DA:160,0
DA:165,0
DA:169,0
DA:170,0
DA:172,0
DA:175,0
DA:179,0
DA:180,0
DA:182,0
DA:185,0
DA:189,0
DA:190,0
DA:196,0
DA:201,0
DA:205,0
DA:206,0
DA:208,0
DA:211,0
DA:215,0
DA:216,0
DA:218,0
DA:221,0
DA:225,0
DA:226,0
DA:231,0
DA:234,0
DA:235,0
DA:238,0
LF:61
LH:0
BRDA:93,0,0,0
BRDA:93,0,1,0
BRDA:96,1,0,0
BRDA:96,1,1,0
BRDA:96,2,0,0
BRDA:96,2,1,0
BRDA:96,2,2,0
BRDA:100,3,0,0
BRDA:100,3,1,0
BRDA:101,4,0,0
BRDA:101,4,1,0
BRDA:102,5,0,0
BRDA:102,5,1,0
BRDA:103,6,0,0
BRDA:103,6,1,0
BRDA:104,7,0,0
BRDA:104,7,1,0
BRDA:105,8,0,0
BRDA:105,8,1,0
BRDA:106,9,0,0
BRDA:106,9,1,0
BRDA:111,10,0,0
BRDA:111,10,1,0
BRDA:114,11,0,0
BRDA:114,11,1,0
BRDA:137,12,0,0
BRDA:137,12,1,0
BRDA:172,13,0,0
BRDA:172,13,1,0
BRDA:208,14,0,0
BRDA:208,14,1,0
BRF:31
BRH:0
end_of_record
TN:
SF:src/hooks/useScrollNavigation.ts
FN:9,(anonymous_0)
FN:24,(anonymous_1)
FN:35,(anonymous_2)
FN:48,(anonymous_3)
FN:54,(anonymous_4)
FN:55,(anonymous_5)
FN:69,(anonymous_6)
FN:75,(anonymous_7)
FN:88,(anonymous_8)
FN:94,(anonymous_9)
FN:97,(anonymous_10)
FN:149,(anonymous_11)
FN:173,(anonymous_12)
FN:179,(anonymous_13)
FN:250,(anonymous_14)
FN:255,(anonymous_15)
FN:296,(anonymous_16)
FNF:17
FNH:0
FNDA:0,(anonymous_0)
FNDA:0,(anonymous_1)
FNDA:0,(anonymous_2)
FNDA:0,(anonymous_3)
FNDA:0,(anonymous_4)
FNDA:0,(anonymous_5)
FNDA:0,(anonymous_6)
FNDA:0,(anonymous_7)
FNDA:0,(anonymous_8)
FNDA:0,(anonymous_9)
FNDA:0,(anonymous_10)
FNDA:0,(anonymous_11)
FNDA:0,(anonymous_12)
FNDA:0,(anonymous_13)
FNDA:0,(anonymous_14)
FNDA:0,(anonymous_15)
FNDA:0,(anonymous_16)
DA:1,0
DA:9,0
DA:14,0
DA:15,0
DA:16,0
DA:17,0
DA:18,0
DA:20,0
DA:21,0
DA:24,0
DA:25,0
DA:26,0
DA:28,0
DA:29,0
DA:31,0
DA:35,0
DA:36,0
DA:38,0
DA:39,0
DA:40,0
DA:41,0
DA:44,0
DA:48,0
DA:49,0
DA:50,0
DA:54,0
DA:55,0
DA:56,0
DA:57,0
DA:61,0
DA:64,0
DA:67,0
DA:69,0
DA:70,0
DA:71,0
DA:75,0
DA:76,0
DA:78,0
DA:79,0
DA:80,0
DA:81,0
DA:84,0
DA:85,0
DA:88,0
DA:89,0
DA:94,0
DA:97,0
DA:99,0
DA:100,0
DA:101,0
DA:104,0
DA:105,0
DA:108,0
DA:109,0
DA:110,0
DA:113,0
DA:116,0
DA:117,0
DA:118,0
DA:121,0
DA:123,0
DA:126,0
DA:128,0
DA:133,0
DA:136,0
DA:139,0
DA:140,0
DA:141,0
DA:144,0
DA:145,0
DA:149,0
DA:150,0
DA:151,0
DA:155,0
DA:156,0
DA:158,0
DA:160,0
DA:161,0
DA:163,0
DA:166,0
DA:167,0
DA:173,0
DA:174,0
DA:175,0
DA:179,0
DA:180,0
DA:182,0
DA:184,0
DA:187,0
DA:189,0
DA:190,0
DA:191,0
DA:195,0
DA:196,0
DA:198,0
DA:200,0
DA:203,0
DA:205,0
DA:206,0
DA:207,0
DA:211,0
DA:212,0
DA:214,0
DA:216,0
DA:218,0
DA:219,0
DA:220,0
DA:222,0
DA:223,0
DA:224,0
DA:233,0
DA:234,0
DA:235,0
DA:236,0
DA:238,0
DA:241,0
DA:242,0
DA:247,0
DA:248,0
DA:250,0
DA:251,0
DA:252,0
DA:255,0
DA:256,0
DA:258,0
DA:259,0
DA:260,0
DA:261,0
DA:264,0
DA:266,0
DA:267,0
DA:268,0
DA:271,0
DA:273,0
DA:275,0
DA:276,0
DA:278,0
DA:281,0
DA:282,0
DA:287,0
DA:288,0
DA:289,0
DA:290,0
DA:292,0
DA:293,0
DA:296,0
DA:297,0
DA:298,0
DA:299,0
DA:300,0
DA:301,0
DA:302,0
DA:304,0
DA:308,0
LF:154
LH:0
BRDA:26,0,0,0
BRDA:26,0,1,0
BRDA:26,1,0,0
BRDA:26,1,1,0
BRDA:36,2,0,0
BRDA:36,2,1,0
BRDA:49,3,0,0
BRDA:49,3,1,0
BRDA:76,4,0,0
BRDA:76,4,1,0
BRDA:76,5,0,0
BRDA:76,5,1,0
BRDA:84,6,0,0
BRDA:84,6,1,0
BRDA:99,7,0,0
BRDA:99,7,1,0
BRDA:108,8,0,0
BRDA:108,8,1,0
BRDA:116,9,0,0
BRDA:116,9,1,0
BRDA:121,10,0,0
BRDA:121,10,1,0
BRDA:121,11,0,0
BRDA:121,11,1,0
BRDA:126,12,0,0
BRDA:126,12,1,0
BRDA:126,13,0,0
BRDA:126,13,1,0
BRDA:144,14,0,0
BRDA:144,14,1,0
BRDA:155,15,0,0
BRDA:155,15,1,0
BRDA:158,16,0,0
BRDA:158,16,1,0
BRDA:158,17,0,0
BRDA:158,17,1,0
BRDA:161,18,0,0
BRDA:161,18,1,0
BRDA:161,19,0,0
BRDA:161,19,1,0
BRDA:166,20,0,0
BRDA:166,20,1,0
BRDA:174,21,0,0
BRDA:174,21,1,0
BRDA:180,22,0,0
BRDA:180,22,1,0
BRDA:184,23,0,0
BRDA:184,23,1,0
BRDA:184,23,2,0
BRDA:184,23,3,0
BRDA:184,23,4,0
BRDA:184,23,5,0
BRDA:184,23,6,0
BRDA:184,23,7,0
BRDA:184,23,8,0
BRDA:184,23,9,0
BRDA:184,23,10,0
BRDA:184,23,11,0
BRDA:184,23,12,0
BRDA:189,24,0,0
BRDA:189,24,1,0
BRDA:189,25,0,0
BRDA:189,25,1,0
BRDA:190,26,0,0
BRDA:190,26,1,0
BRDA:195,27,0,0
BRDA:195,27,1,0
BRDA:205,28,0,0
BRDA:205,28,1,0
BRDA:205,29,0,0
BRDA:205,29,1,0
BRDA:206,30,0,0
BRDA:206,30,1,0
BRDA:211,31,0,0
BRDA:211,31,1,0
BRDA:235,32,0,0
BRDA:235,32,1,0
BRDA:235,33,0,0
BRDA:235,33,1,0
BRDA:241,34,0,0
BRDA:241,34,1,0
BRDA:256,35,0,0
BRDA:256,35,1,0
BRDA:264,36,0,0
BRDA:264,36,1,0
BRDA:264,37,0,0
BRDA:264,37,1,0
BRDA:266,38,0,0
BRDA:266,38,1,0
BRDA:267,39,0,0
BRDA:267,39,1,0
BRDA:267,40,0,0
BRDA:267,40,1,0
BRDA:268,41,0,0
BRDA:268,41,1,0
BRDA:268,42,0,0
BRDA:268,42,1,0
BRDA:273,43,0,0
BRDA:273,43,1,0
BRDA:273,44,0,0
BRDA:273,44,1,0
BRDA:276,45,0,0
BRDA:276,45,1,0
BRDA:276,46,0,0
BRDA:276,46,1,0
BRDA:281,47,0,0
BRDA:281,47,1,0
BRDA:292,48,0,0
BRDA:292,48,1,0
BRDA:301,49,0,0
BRDA:301,49,1,0
BRDA:304,50,0,0
BRDA:304,50,1,0
BRF:113
BRH:0
end_of_record
TN:
SF:src/pages/Admin.tsx
FN:45,Admin
FN:64,(anonymous_19)
FN:64,(anonymous_20)
FN:64,(anonymous_21)
FN:64,(anonymous_22)
FN:64,(anonymous_23)
FN:64,(anonymous_24)
FN:64,(anonymous_25)
FN:64,(anonymous_26)
FN:67,(anonymous_27)
FN:69,(anonymous_28)
FN:82,(anonymous_29)
FN:102,(anonymous_30)
FN:102,(anonymous_31)
FN:110,(anonymous_32)
FN:130,(anonymous_33)
FN:135,(anonymous_34)
FN:135,(anonymous_35)
FN:138,(anonymous_36)
FN:157,(anonymous_37)
FN:157,(anonymous_38)
FN:167,(anonymous_39)
FN:167,(anonymous_40)
FN:181,(anonymous_41)
FN:181,(anonymous_42)
FN:192,(anonymous_43)
FN:192,(anonymous_44)
FN:203,(anonymous_45)
FN:220,(anonymous_46)
FN:220,(anonymous_47)
FN:225,(anonymous_48)
FN:225,(anonymous_49)
FN:256,(anonymous_50)
FN:359,(anonymous_51)
FN:386,(anonymous_52)
FN:389,(anonymous_53)
FN:420,(anonymous_54)
FN:429,(anonymous_55)
FN:517,(anonymous_56)
FN:523,(anonymous_57)
FN:540,(anonymous_58)
FN:556,(anonymous_59)
FN:563,(anonymous_60)
FN:571,(anonymous_61)
FN:577,(anonymous_62)
FN:601,ContentItemCard
FN:675,(anonymous_64)
FN:688,(anonymous_65)
FN:701,(anonymous_66)
FN:709,(anonymous_67)
FN:735,ContentEditModal
FN:738,(anonymous_69)
FN:756,(anonymous_70)
FN:757,(anonymous_71)
FN:763,(anonymous_72)
FN:767,(anonymous_73)
FN:789,(anonymous_74)
FN:816,(anonymous_75)
FN:828,(anonymous_76)
FN:875,WorkFields
FN:884,(anonymous_78)
FN:893,(anonymous_79)
FN:905,(anonymous_80)
FN:914,(anonymous_81)
FN:923,(anonymous_82)
FN:933,(anonymous_83)
FN:943,(anonymous_84)
FN:953,(anonymous_85)
FN:963,(anonymous_86)
FN:974,(anonymous_87)
FN:974,(anonymous_88)
FN:982,TimelineFields
FN:991,(anonymous_90)
FN:1000,(anonymous_91)
FN:1016,(anonymous_92)
FN:1026,(anonymous_93)
FN:1036,(anonymous_94)
FN:1053,ExperimentFields
FN:1061,(anonymous_96)
FN:1072,(anonymous_97)
FN:1082,(anonymous_98)
FN:1093,(anonymous_99)
FN:1104,(anonymous_100)
FN:1104,(anonymous_101)
FN:1116,(anonymous_102)
FN:1125,(anonymous_103)
FN:1135,(anonymous_104)
FNF:87
FNH:0
FNDA:0,Admin
FNDA:0,(anonymous_19)
FNDA:0,(anonymous_20)
FNDA:0,(anonymous_21)
FNDA:0,(anonymous_22)
FNDA:0,(anonymous_23)
FNDA:0,(anonymous_24)
FNDA:0,(anonymous_25)
FNDA:0,(anonymous_26)
FNDA:0,(anonymous_27)
FNDA:0,(anonymous_28)
FNDA:0,(anonymous_29)
FNDA:0,(anonymous_30)
FNDA:0,(anonymous_31)
FNDA:0,(anonymous_32)
FNDA:0,(anonymous_33)
FNDA:0,(anonymous_34)
FNDA:0,(anonymous_35)
FNDA:0,(anonymous_36)
FNDA:0,(anonymous_37)
FNDA:0,(anonymous_38)
FNDA:0,(anonymous_39)
FNDA:0,(anonymous_40)
FNDA:0,(anonymous_41)
FNDA:0,(anonymous_42)
FNDA:0,(anonymous_43)
FNDA:0,(anonymous_44)
FNDA:0,(anonymous_45)
FNDA:0,(anonymous_46)
FNDA:0,(anonymous_47)
FNDA:0,(anonymous_48)
FNDA:0,(anonymous_49)
FNDA:0,(anonymous_50)
FNDA:0,(anonymous_51)
FNDA:0,(anonymous_52)
FNDA:0,(anonymous_53)
FNDA:0,(anonymous_54)
FNDA:0,(anonymous_55)
FNDA:0,(anonymous_56)
FNDA:0,(anonymous_57)
FNDA:0,(anonymous_58)
FNDA:0,(anonymous_59)
FNDA:0,(anonymous_60)
FNDA:0,(anonymous_61)
FNDA:0,(anonymous_62)
FNDA:0,ContentItemCard
FNDA:0,(anonymous_64)
FNDA:0,(anonymous_65)
FNDA:0,(anonymous_66)
FNDA:0,(anonymous_67)
FNDA:0,ContentEditModal
FNDA:0,(anonymous_69)
FNDA:0,(anonymous_70)
FNDA:0,(anonymous_71)
FNDA:0,(anonymous_72)
FNDA:0,(anonymous_73)
FNDA:0,(anonymous_74)
FNDA:0,(anonymous_75)
FNDA:0,(anonymous_76)
FNDA:0,WorkFields
FNDA:0,(anonymous_78)
FNDA:0,(anonymous_79)
FNDA:0,(anonymous_80)
FNDA:0,(anonymous_81)
FNDA:0,(anonymous_82)
FNDA:0,(anonymous_83)
FNDA:0,(anonymous_84)
FNDA:0,(anonymous_85)
FNDA:0,(anonymous_86)
FNDA:0,(anonymous_87)
FNDA:0,(anonymous_88)
FNDA:0,TimelineFields
FNDA:0,(anonymous_90)
FNDA:0,(anonymous_91)
FNDA:0,(anonymous_92)
FNDA:0,(anonymous_93)
FNDA:0,(anonymous_94)
FNDA:0,ExperimentFields
FNDA:0,(anonymous_96)
FNDA:0,(anonymous_97)
FNDA:0,(anonymous_98)
FNDA:0,(anonymous_99)
FNDA:0,(anonymous_100)
FNDA:0,(anonymous_101)
FNDA:0,(anonymous_102)
FNDA:0,(anonymous_103)
FNDA:0,(anonymous_104)
DA:1,0
DA:2,0
DA:3,0
DA:4,0
DA:28,0
DA:29,0
DA:30,0
DA:31,0
DA:32,0
DA:45,0
DA:46,0
DA:47,0
DA:48,0
DA:49,0
DA:50,0
DA:51,0
DA:52,0
DA:53,0
DA:56,0
DA:57,0
DA:58,0
DA:61,0
DA:64,0
DA:67,0
DA:68,0
DA:69,0
DA:70,0
DA:75,0
DA:82,0
DA:84,0
DA:85,0
DA:87,0
DA:91,0
DA:92,0
DA:95,0
DA:102,0
DA:103,0
DA:110,0
DA:112,0
DA:113,0
DA:116,0
DA:126,0
DA:127,0
DA:130,0
DA:131,0
DA:132,0
DA:135,0
DA:136,0
DA:138,0
DA:140,0
DA:142,0
DA:145,0
DA:146,0
DA:149,0
DA:150,0
DA:152,0
DA:153,0
DA:157,0
DA:158,0
DA:159,0
DA:160,0
DA:162,0
DA:163,0
DA:167,0
DA:168,0
DA:169,0
DA:170,0
DA:176,0
DA:177,0
DA:181,0
DA:182,0
DA:183,0
DA:187,0
DA:188,0
DA:192,0
DA:193,0
DA:194,0
DA:198,0
DA:199,0
DA:203,0
DA:204,0
DA:211,0
DA:212,0
DA:213,0
DA:214,0
DA:215,0
DA:216,0
DA:217,0
DA:220,0
DA:221,0
DA:222,0
DA:224,0
DA:225,0
DA:226,0
DA:227,0
DA:230,0
DA:231,0
DA:232,0
DA:236,0
DA:237,0
DA:238,0
DA:242,0
DA:243,0
DA:244,0
DA:247,0
DA:249,0
DA:250,0
DA:253,0
DA:256,0
DA:257,0
DA:259,0
DA:275,0
DA:284,0
DA:295,0
DA:299,0
DA:309,0
DA:311,0
DA:360,0
DA:361,0
DA:387,0
DA:389,0
DA:420,0
DA:429,0
DA:518,0
DA:523,0
DA:541,0
DA:542,0
DA:556,0
DA:563,0
DA:571,0
DA:577,0
DA:610,0
DA:675,0
DA:688,0
DA:701,0
DA:709,0
DA:736,0
DA:738,0
DA:739,0
DA:742,0
DA:743,0
DA:744,0
DA:748,0
DA:753,0
DA:756,0
DA:757,0
DA:763,0
DA:765,0
DA:767,0
DA:776,0
DA:789,0
DA:816,0
DA:828,0
DA:876,0
DA:884,0
DA:893,0
DA:905,0
DA:914,0
DA:923,0
DA:933,0
DA:943,0
DA:953,0
DA:963,0
DA:974,0
DA:983,0
DA:991,0
DA:1000,0
DA:1016,0
DA:1026,0
DA:1036,0
DA:1054,0
DA:1061,0
DA:1072,0
DA:1082,0
DA:1093,0
DA:1104,0
DA:1116,0
DA:1125,0
DA:1135,0
LF:179
LH:0
BRDA:61,0,0,0
BRDA:61,0,1,0
BRDA:62,1,0,0
BRDA:62,1,1,0
BRDA:63,2,0,0
BRDA:63,2,1,0
BRDA:84,3,0,0
BRDA:84,3,1,0
BRDA:85,4,0,0
BRDA:85,4,1,0
BRDA:87,5,0,0
BRDA:87,5,1,0
BRDA:91,6,0,0
BRDA:91,6,1,0
BRDA:91,7,0,0
BRDA:91,7,1,0
BRDA:112,8,0,0
BRDA:112,8,1,0
BRDA:112,9,0,0
BRDA:112,9,1,0
BRDA:112,9,2,0
BRDA:140,10,0,0
BRDA:140,10,1,0
BRDA:184,11,0,0
BRDA:184,11,1,0
BRDA:221,12,0,0
BRDA:221,12,1,0
BRDA:221,13,0,0
BRDA:221,13,1,0
BRDA:222,14,0,0
BRDA:222,14,1,0
BRDA:227,15,0,0
BRDA:227,15,1,0
BRDA:227,16,0,0
BRDA:227,16,1,0
BRDA:230,17,0,0
BRDA:230,17,1,0
BRDA:236,18,0,0
BRDA:236,18,1,0
BRDA:242,19,0,0
BRDA:242,19,1,0
BRDA:257,20,0,0
BRDA:257,20,1,0
BRDA:257,20,2,0
BRDA:257,20,3,0
BRDA:309,21,0,0
BRDA:309,21,1,0
BRDA:309,21,2,0
BRDA:333,22,0,0
BRDA:333,22,1,0
BRDA:374,23,0,0
BRDA:374,23,1,0
BRDA:375,24,0,0
BRDA:375,24,1,0
BRDA:391,25,0,0
BRDA:391,25,1,0
BRDA:408,26,0,0
BRDA:408,26,1,0
BRDA:408,26,2,0
BRDA:408,26,3,0
BRDA:461,27,0,0
BRDA:461,27,1,0
BRDA:463,28,0,0
BRDA:463,28,1,0
BRDA:465,29,0,0
BRDA:465,29,1,0
BRDA:493,30,0,0
BRDA:493,30,1,0
BRDA:500,31,0,0
BRDA:500,31,1,0
BRDA:536,32,0,0
BRDA:536,32,1,0
BRDA:536,32,2,0
BRDA:550,33,0,0
BRDA:550,33,1,0
BRDA:624,34,0,0
BRDA:624,34,1,0
BRDA:631,35,0,0
BRDA:631,35,1,0
BRDA:646,36,0,0
BRDA:646,36,1,0
BRDA:648,37,0,0
BRDA:648,37,1,0
BRDA:649,38,0,0
BRDA:649,38,1,0
BRDA:650,39,0,0
BRDA:650,39,1,0
BRDA:654,40,0,0
BRDA:654,40,1,0
BRDA:656,41,0,0
BRDA:656,41,1,0
BRDA:657,42,0,0
BRDA:657,42,1,0
BRDA:658,43,0,0
BRDA:658,43,1,0
BRDA:662,44,0,0
BRDA:662,44,1,0
BRDA:664,45,0,0
BRDA:664,45,1,0
BRDA:665,46,0,0
BRDA:665,46,1,0
BRDA:666,47,0,0
BRDA:666,47,1,0
BRDA:666,48,0,0
BRDA:666,48,1,0
BRDA:666,49,0,0
BRDA:666,49,1,0
BRDA:677,50,0,0
BRDA:677,50,1,0
BRDA:681,51,0,0
BRDA:681,51,1,0
BRDA:686,52,0,0
BRDA:686,52,1,0
BRDA:690,53,0,0
BRDA:690,53,1,0
BRDA:694,54,0,0
BRDA:694,54,1,0
BRDA:742,55,0,0
BRDA:742,55,1,0
BRDA:742,56,0,0
BRDA:742,56,1,0
BRDA:765,57,0,0
BRDA:765,57,1,0
BRDA:795,58,0,0
BRDA:795,58,1,0
BRDA:795,59,0,0
BRDA:795,59,1,0
BRDA:838,60,0,0
BRDA:838,60,1,0
BRDA:842,61,0,0
BRDA:842,61,1,0
BRDA:846,62,0,0
BRDA:846,62,1,0
BRDA:883,63,0,0
BRDA:883,63,1,0
BRDA:892,64,0,0
BRDA:892,64,1,0
BRDA:904,65,0,0
BRDA:904,65,1,0
BRDA:913,66,0,0
BRDA:913,66,1,0
BRDA:922,67,0,0
BRDA:922,67,1,0
BRDA:932,68,0,0
BRDA:932,68,1,0
BRDA:942,69,0,0
BRDA:942,69,1,0
BRDA:952,70,0,0
BRDA:952,70,1,0
BRDA:962,71,0,0
BRDA:962,71,1,0
BRDA:973,72,0,0
BRDA:973,72,1,0
BRDA:990,73,0,0
BRDA:990,73,1,0
BRDA:999,74,0,0
BRDA:999,74,1,0
BRDA:1015,75,0,0
BRDA:1015,75,1,0
BRDA:1025,76,0,0
BRDA:1025,76,1,0
BRDA:1035,77,0,0
BRDA:1035,77,1,0
BRDA:1060,78,0,0
BRDA:1060,78,1,0
BRDA:1071,79,0,0
BRDA:1071,79,1,0
BRDA:1081,80,0,0
BRDA:1081,80,1,0
BRDA:1092,81,0,0
BRDA:1092,81,1,0
BRDA:1103,82,0,0
BRDA:1103,82,1,0
BRDA:1115,83,0,0
BRDA:1115,83,1,0
BRDA:1115,84,0,0
BRDA:1115,84,1,0
BRDA:1115,85,0,0
BRDA:1115,85,1,0
BRDA:1124,86,0,0
BRDA:1124,86,1,0
BRDA:1124,87,0,0
BRDA:1124,87,1,0
BRDA:1124,88,0,0
BRDA:1124,88,1,0
BRDA:1134,89,0,0
BRDA:1134,89,1,0
BRF:187
BRH:0
end_of_record
TN:
SF:src/pages/CaseStudy.tsx
FN:60,CaseStudy
FN:445,(anonymous_10)
FN:454,(anonymous_11)
FN:462,(anonymous_12)
FN:473,(anonymous_13)
FN:584,(anonymous_14)
FN:627,(anonymous_15)
FN:649,(anonymous_16)
FN:672,(anonymous_17)
FN:689,(anonymous_18)
FN:719,(anonymous_19)
FN:745,(anonymous_20)
FN:777,(anonymous_21)
FN:794,(anonymous_22)
FNF:14
FNH:0
FNDA:0,CaseStudy
FNDA:0,(anonymous_10)
FNDA:0,(anonymous_11)
FNDA:0,(anonymous_12)
FNDA:0,(anonymous_13)
FNDA:0,(anonymous_14)
FNDA:0,(anonymous_15)
FNDA:0,(anonymous_16)
FNDA:0,(anonymous_17)
FNDA:0,(anonymous_18)
FNDA:0,(anonymous_19)
FNDA:0,(anonymous_20)
FNDA:0,(anonymous_21)
FNDA:0,(anonymous_22)
DA:1,0
DA:2,0
DA:3,0
DA:4,0
DA:60,0
DA:61,0
DA:62,0
DA:63,0
DA:66,0
DA:67,0
DA:70,0
DA:445,0
DA:446,0
DA:447,0
DA:450,0
DA:454,0
DA:455,0
DA:456,0
DA:458,0
DA:462,0
DA:463,0
DA:464,0
DA:465,0
DA:466,0
DA:467,0
DA:469,0
DA:473,0
DA:474,0
DA:475,0
DA:476,0
DA:477,0
DA:478,0
DA:480,0
DA:484,0
DA:485,0
DA:498,0
DA:585,0
DA:628,0
DA:650,0
DA:673,0
DA:690,0
DA:720,0
DA:746,0
DA:778,0
DA:795,0
DA:838,0
LF:46
LH:0
BRDA:446,0,0,0
BRDA:446,0,1,0
BRDA:446,1,0,0
BRDA:446,1,1,0
BRDA:455,2,0,0
BRDA:455,2,1,0
BRDA:466,3,0,0
BRDA:466,3,1,0
BRDA:476,4,0,0
BRDA:476,4,1,0
BRDA:477,5,0,0
BRDA:477,5,1,0
BRDA:484,6,0,0
BRDA:484,6,1,0
BRDA:508,7,0,0
BRDA:508,7,1,0
BRDA:526,8,0,0
BRDA:526,8,1,0
BRDA:698,9,0,0
BRDA:698,9,1,0
BRF:20
BRH:0
end_of_record
TN:
SF:src/pages/ExperimentDetail.tsx
FN:68,ExperimentDetail
FN:402,(anonymous_10)
FN:411,(anonymous_11)
FN:419,(anonymous_12)
FN:430,(anonymous_13)
FN:441,(anonymous_14)
FN:593,(anonymous_15)
FN:640,(anonymous_16)
FN:662,(anonymous_17)
FN:687,(anonymous_18)
FN:694,(anonymous_19)
FN:729,(anonymous_20)
FN:756,(anonymous_21)
FN:773,(anonymous_22)
FNF:14
FNH:0
FNDA:0,ExperimentDetail
FNDA:0,(anonymous_10)
FNDA:0,(anonymous_11)
FNDA:0,(anonymous_12)
FNDA:0,(anonymous_13)
FNDA:0,(anonymous_14)
FNDA:0,(anonymous_15)
FNDA:0,(anonymous_16)
FNDA:0,(anonymous_17)
FNDA:0,(anonymous_18)
FNDA:0,(anonymous_19)
FNDA:0,(anonymous_20)
FNDA:0,(anonymous_21)
FNDA:0,(anonymous_22)
DA:1,0
DA:2,0
DA:3,0
DA:4,0
DA:68,0
DA:69,0
DA:70,0
DA:71,0
DA:74,0
DA:75,0
DA:78,0
DA:402,0
DA:403,0
DA:404,0
DA:407,0
DA:411,0
DA:412,0
DA:413,0
DA:415,0
DA:419,0
DA:420,0
DA:421,0
DA:422,0
DA:423,0
DA:424,0
DA:426,0
DA:430,0
DA:431,0
DA:432,0
DA:433,0
DA:434,0
DA:435,0
DA:437,0
DA:441,0
DA:442,0
DA:450,0
DA:453,0
DA:454,0
DA:466,0
DA:469,0
DA:594,0
DA:641,0
DA:663,0
DA:688,0
DA:695,0
DA:730,0
DA:757,0
DA:774,0
DA:817,0
LF:49
LH:0
BRDA:403,0,0,0
BRDA:403,0,1,0
BRDA:403,1,0,0
BRDA:403,1,1,0
BRDA:412,2,0,0
BRDA:412,2,1,0
BRDA:423,3,0,0
BRDA:423,3,1,0
BRDA:433,4,0,0
BRDA:433,4,1,0
BRDA:434,5,0,0
BRDA:434,5,1,0
BRDA:450,6,0,0
BRDA:450,6,1,0
BRDA:453,7,0,0
BRDA:453,7,1,0
BRDA:479,8,0,0
BRDA:479,8,1,0
BRDA:497,9,0,0
BRDA:497,9,1,0
BRDA:561,10,0,0
BRDA:561,10,1,0
BRDA:572,11,0,0
BRDA:572,11,1,0
BRDA:705,12,0,0
BRDA:705,12,1,0
BRF:26
BRH:0
end_of_record
TN:
SF:src/utils/validation.ts
FN:3,(anonymous_0)
FN:15,(anonymous_1)
FN:20,(anonymous_2)
FN:29,(anonymous_3)
FN:34,(anonymous_4)
FN:39,(anonymous_5)
FN:49,(anonymous_6)
FNF:7
FNH:0
FNDA:0,(anonymous_0)
FNDA:0,(anonymous_1)
FNDA:0,(anonymous_2)
FNDA:0,(anonymous_3)
FNDA:0,(anonymous_4)
FNDA:0,(anonymous_5)
FNDA:0,(anonymous_6)
DA:3,0
DA:5,0
DA:15,0
DA:16,0
DA:17,0
DA:20,0
DA:21,0
DA:22,0
DA:23,0
DA:25,0
DA:29,0
DA:30,0
DA:31,0
DA:34,0
DA:35,0
DA:36,0
DA:39,0
DA:40,0
DA:41,0
DA:49,0
DA:56,0
DA:59,0
DA:60,0
DA:61,0
DA:62,0
DA:66,0
DA:67,0
DA:71,0
DA:72,0
DA:76,0
DA:77,0
DA:81,0
DA:82,0
DA:83,0
DA:84,0
DA:87,0
LF:36
LH:0
BRDA:31,0,0,0
BRDA:31,0,1,0
BRDA:36,1,0,0
BRDA:36,1,1,0
BRDA:59,2,0,0
BRDA:59,2,1,0
BRDA:61,3,0,0
BRDA:61,3,1,0
BRDA:66,4,0,0
BRDA:66,4,1,0
BRDA:66,5,0,0
BRDA:66,5,1,0
BRDA:66,5,2,0
BRDA:71,6,0,0
BRDA:71,6,1,0
BRDA:71,7,0,0
BRDA:71,7,1,0
BRDA:71,7,2,0
BRDA:76,8,0,0
BRDA:76,8,1,0
BRDA:76,9,0,0
BRDA:76,9,1,0
BRDA:81,10,0,0
BRDA:81,10,1,0
BRDA:83,11,0,0
BRDA:83,11,1,0
BRF:26
BRH:0
end_of_record
